This file contains any messages produced by compilers while
running configure, to aid debugging if configure makes a mistake.

It was created by configure, which was
generated by GNU Autoconf 2.69.  Invocation command line was

  $ ./configure --disable-option-checking --prefix=/usr/local --with-openssl=/usr/local/opt/openssl@1.1/ --with-libssl-prefix=/usr/local/Cellar/libssh2/1.9.0_1 --with-libssl-prefix=/usr/local/opt/openssl@1.1/ --cache-file=/dev/null --srcdir=.

## --------- ##
## Platform. ##
## --------- ##

hostname = localhost.local
uname -m = x86_64
uname -r = 19.6.0
uname -s = Darwin
uname -v = Darwin Kernel Version 19.6.0: Tue Nov 10 00:10:30 PST 2020; root:xnu-6153.141.10~1/RELEASE_X86_64

/usr/bin/uname -p = i386
/bin/uname -X     = unknown

/bin/arch              = unknown
/usr/bin/arch -k       = unknown
/usr/convex/getsysinfo = unknown
/usr/bin/hostinfo      = Mach kernel version:
	 Darwin Kernel Version 19.6.0: Tue Nov 10 00:10:30 PST 2020; root:xnu-6153.141.10~1/RELEASE_X86_64
Kernel configured for up to 16 processors.
8 processors are physically available.
16 processors are logically available.
Processor type: x86_64h (Intel x86-64h Haswell)
Processors active: 0 1 2 3 4 5 6 7 8 9 10 11 12 13 14 15
Primary memory available: 16.00 gigabytes
Default processor set: 485 tasks, 2371 threads, 16 processors
Load average: 4.32, Mach factor: 11.67
/bin/machine           = unknown
/usr/bin/oslevel       = unknown
/bin/universe          = unknown

PATH: /usr/local/opt/openssl@1.1/bin
PATH: /Users/cyan/.pyenv/shims
PATH: /Users/cyan/go/bin
PATH: /usr/local/bin
PATH: /usr/bin
PATH: /bin
PATH: /usr/sbin
PATH: /sbin


## ----------- ##
## Core tests. ##
## ----------- ##

configure:2167: checking build system type
configure:2181: result: x86_64-apple-darwin19.6.0
configure:2201: checking host system type
configure:2214: result: x86_64-apple-darwin19.6.0
configure:2414: checking for gcc
configure:2430: found /usr/bin/gcc
configure:2441: result: gcc
configure:2670: checking for C compiler version
configure:2679: gcc --version >&5
Apple clang version 12.0.0 (clang-1200.0.32.28)
Target: x86_64-apple-darwin19.6.0
Thread model: posix
InstalledDir: /Library/Developer/CommandLineTools/usr/bin
Configured with: --prefix=/Library/Developer/CommandLineTools/usr --with-gxx-include-dir=/Library/Developer/CommandLineTools/SDKs/MacOSX10.15.sdk/usr/include/c++/4.2.1
configure:2690: $? = 0
configure:2679: gcc -v >&5
Configured with: --prefix=/Library/Developer/CommandLineTools/usr --with-gxx-include-dir=/Library/Developer/CommandLineTools/SDKs/MacOSX10.15.sdk/usr/include/c++/4.2.1
Apple clang version 12.0.0 (clang-1200.0.32.28)
Target: x86_64-apple-darwin19.6.0
Thread model: posix
InstalledDir: /Library/Developer/CommandLineTools/usr/bin
configure:2690: $? = 0
configure:2679: gcc -V >&5
clang: error: argument to '-V' is missing (expected 1 value)
clang: error: no input files
configure:2690: $? = 1
configure:2679: gcc -qversion >&5
clang: error: unknown argument '-qversion'; did you mean '--version'?
clang: error: no input files
configure:2690: $? = 1
configure:2710: checking whether the C compiler works
configure:2732: gcc    conftest.c  >&5
configure:2736: $? = 0
configure:2784: result: yes
configure:2787: checking for C compiler default output file name
configure:2789: result: a.out
configure:2795: checking for suffix of executables
configure:2802: gcc -o conftest    conftest.c  >&5
configure:2806: $? = 0
configure:2828: result: 
configure:2850: checking whether we are cross compiling
configure:2858: gcc -o conftest    conftest.c  >&5
configure:2862: $? = 0
configure:2869: ./conftest
configure:2873: $? = 0
configure:2888: result: no
configure:2893: checking for suffix of object files
configure:2915: gcc -c   conftest.c >&5
configure:2919: $? = 0
configure:2940: result: o
configure:2944: checking whether we are using the GNU C compiler
configure:2963: gcc -c   conftest.c >&5
configure:2963: $? = 0
configure:2972: result: yes
configure:2981: checking whether gcc accepts -g
configure:3001: gcc -c -g  conftest.c >&5
configure:3001: $? = 0
configure:3042: result: yes
configure:3059: checking for gcc option to accept ISO C89
configure:3122: gcc  -c -g -O2  conftest.c >&5
configure:3122: $? = 0
configure:3135: result: none needed
configure:3161: checking how to run the C preprocessor
configure:3192: gcc -E  conftest.c
configure:3192: $? = 0
configure:3206: gcc -E  conftest.c
conftest.c:10:10: fatal error: 'ac_nonexistent.h' file not found
#include <ac_nonexistent.h>
         ^~~~~~~~~~~~~~~~~~
1 error generated.
configure:3206: $? = 1
configure: failed program was:
| /* confdefs.h */
| #define PACKAGE_NAME ""
| #define PACKAGE_TARNAME ""
| #define PACKAGE_VERSION ""
| #define PACKAGE_STRING ""
| #define PACKAGE_BUGREPORT ""
| #define PACKAGE_URL ""
| #define MACOSX 1
| /* end confdefs.h.  */
| #include <ac_nonexistent.h>
configure:3231: result: gcc -E
configure:3251: gcc -E  conftest.c
configure:3251: $? = 0
configure:3265: gcc -E  conftest.c
conftest.c:10:10: fatal error: 'ac_nonexistent.h' file not found
#include <ac_nonexistent.h>
         ^~~~~~~~~~~~~~~~~~
1 error generated.
configure:3265: $? = 1
configure: failed program was:
| /* confdefs.h */
| #define PACKAGE_NAME ""
| #define PACKAGE_TARNAME ""
| #define PACKAGE_VERSION ""
| #define PACKAGE_STRING ""
| #define PACKAGE_BUGREPORT ""
| #define PACKAGE_URL ""
| #define MACOSX 1
| /* end confdefs.h.  */
| #include <ac_nonexistent.h>
configure:3294: checking for grep that handles long lines and -e
configure:3352: result: /usr/bin/grep
configure:3357: checking for egrep
configure:3419: result: /usr/bin/grep -E
configure:3424: checking for ANSI C header files
configure:3444: gcc -c -g -O2  conftest.c >&5
configure:3444: $? = 0
configure:3517: gcc -o conftest -g -O2   conftest.c  >&5
configure:3517: $? = 0
configure:3517: ./conftest
configure:3517: $? = 0
configure:3528: result: yes
configure:3541: checking for sys/types.h
configure:3541: gcc -c -g -O2  conftest.c >&5
configure:3541: $? = 0
configure:3541: result: yes
configure:3541: checking for sys/stat.h
configure:3541: gcc -c -g -O2  conftest.c >&5
configure:3541: $? = 0
configure:3541: result: yes
configure:3541: checking for stdlib.h
configure:3541: gcc -c -g -O2  conftest.c >&5
configure:3541: $? = 0
configure:3541: result: yes
configure:3541: checking for string.h
configure:3541: gcc -c -g -O2  conftest.c >&5
configure:3541: $? = 0
configure:3541: result: yes
configure:3541: checking for memory.h
configure:3541: gcc -c -g -O2  conftest.c >&5
configure:3541: $? = 0
configure:3541: result: yes
configure:3541: checking for strings.h
configure:3541: gcc -c -g -O2  conftest.c >&5
configure:3541: $? = 0
configure:3541: result: yes
configure:3541: checking for inttypes.h
configure:3541: gcc -c -g -O2  conftest.c >&5
configure:3541: $? = 0
configure:3541: result: yes
configure:3541: checking for stdint.h
configure:3541: gcc -c -g -O2  conftest.c >&5
configure:3541: $? = 0
configure:3541: result: yes
configure:3541: checking for unistd.h
configure:3541: gcc -c -g -O2  conftest.c >&5
configure:3541: $? = 0
configure:3541: result: yes
configure:3558: checking pcap.h usability
configure:3558: gcc -c -g -O2  conftest.c >&5
configure:3558: $? = 0
configure:3558: result: yes
configure:3558: checking pcap.h presence
configure:3558: gcc -E  conftest.c
configure:3558: $? = 0
configure:3558: result: yes
configure:3558: checking for pcap.h
configure:3558: result: yes
configure:3651: checking for pcap_set_immediate_mode
configure:3651: gcc -o conftest -g -O2   conftest.c  -lpcap >&5
configure:3651: $? = 0
configure:3651: result: yes
configure:3676: checking linux/version.h usability
configure:3676: gcc -c -g -O2  conftest.c >&5
conftest.c:55:10: fatal error: 'linux/version.h' file not found
#include <linux/version.h>
         ^~~~~~~~~~~~~~~~~
1 error generated.
configure:3676: $? = 1
configure: failed program was:
| /* confdefs.h */
| #define PACKAGE_NAME ""
| #define PACKAGE_TARNAME ""
| #define PACKAGE_VERSION ""
| #define PACKAGE_STRING ""
| #define PACKAGE_BUGREPORT ""
| #define PACKAGE_URL ""
| #define MACOSX 1
| #define STDC_HEADERS 1
| #define HAVE_SYS_TYPES_H 1
| #define HAVE_SYS_STAT_H 1
| #define HAVE_STDLIB_H 1
| #define HAVE_STRING_H 1
| #define HAVE_MEMORY_H 1
| #define HAVE_STRINGS_H 1
| #define HAVE_INTTYPES_H 1
| #define HAVE_STDINT_H 1
| #define HAVE_UNISTD_H 1
| #define HAVE_PCAP_SET_IMMEDIATE_MODE 1
| #define HAVE_PCAP 1
| /* end confdefs.h.  */
| #include <stdio.h>
| #ifdef HAVE_SYS_TYPES_H
| # include <sys/types.h>
| #endif
| #ifdef HAVE_SYS_STAT_H
| # include <sys/stat.h>
| #endif
| #ifdef STDC_HEADERS
| # include <stdlib.h>
| # include <stddef.h>
| #else
| # ifdef HAVE_STDLIB_H
| #  include <stdlib.h>
| # endif
| #endif
| #ifdef HAVE_STRING_H
| # if !defined STDC_HEADERS && defined HAVE_MEMORY_H
| #  include <memory.h>
| # endif
| # include <string.h>
| #endif
| #ifdef HAVE_STRINGS_H
| # include <strings.h>
| #endif
| #ifdef HAVE_INTTYPES_H
| # include <inttypes.h>
| #endif
| #ifdef HAVE_STDINT_H
| # include <stdint.h>
| #endif
| #ifdef HAVE_UNISTD_H
| # include <unistd.h>
| #endif
| #include <linux/version.h>
configure:3676: result: no
configure:3676: checking linux/version.h presence
configure:3676: gcc -E  conftest.c
conftest.c:22:10: fatal error: 'linux/version.h' file not found
#include <linux/version.h>
         ^~~~~~~~~~~~~~~~~
1 error generated.
configure:3676: $? = 1
configure: failed program was:
| /* confdefs.h */
| #define PACKAGE_NAME ""
| #define PACKAGE_TARNAME ""
| #define PACKAGE_VERSION ""
| #define PACKAGE_STRING ""
| #define PACKAGE_BUGREPORT ""
| #define PACKAGE_URL ""
| #define MACOSX 1
| #define STDC_HEADERS 1
| #define HAVE_SYS_TYPES_H 1
| #define HAVE_SYS_STAT_H 1
| #define HAVE_STDLIB_H 1
| #define HAVE_STRING_H 1
| #define HAVE_MEMORY_H 1
| #define HAVE_STRINGS_H 1
| #define HAVE_INTTYPES_H 1
| #define HAVE_STDINT_H 1
| #define HAVE_UNISTD_H 1
| #define HAVE_PCAP_SET_IMMEDIATE_MODE 1
| #define HAVE_PCAP 1
| /* end confdefs.h.  */
| #include <linux/version.h>
configure:3676: result: no
configure:3676: checking for linux/version.h
configure:3676: result: no
configure:3682: checking for Linux epoll(7) interface
configure:3708: gcc -o conftest -g -O2   conftest.c  >&5
conftest.c:22:16: fatal error: 'sys/epoll.h' file not found
      #include <sys/epoll.h>
               ^~~~~~~~~~~~~
1 error generated.
configure:3708: $? = 1
configure: failed program was:
| /* confdefs.h */
| #define PACKAGE_NAME ""
| #define PACKAGE_TARNAME ""
| #define PACKAGE_VERSION ""
| #define PACKAGE_STRING ""
| #define PACKAGE_BUGREPORT ""
| #define PACKAGE_URL ""
| #define MACOSX 1
| #define STDC_HEADERS 1
| #define HAVE_SYS_TYPES_H 1
| #define HAVE_SYS_STAT_H 1
| #define HAVE_STDLIB_H 1
| #define HAVE_STRING_H 1
| #define HAVE_MEMORY_H 1
| #define HAVE_STRINGS_H 1
| #define HAVE_INTTYPES_H 1
| #define HAVE_STDINT_H 1
| #define HAVE_UNISTD_H 1
| #define HAVE_PCAP_SET_IMMEDIATE_MODE 1
| #define HAVE_PCAP 1
| /* end confdefs.h.  */
|       #include <sys/epoll.h>
| #ifdef HAVE_LINUX_VERSION_H
| #  include <linux/version.h>
| #  if LINUX_VERSION_CODE < KERNEL_VERSION(2,5,45)
| #    error linux kernel version is too old to have epoll
| #  endif
| #endif
| 
| int
| main ()
| {
| int fd, rc;
| struct epoll_event ev;
| fd = epoll_create(128);
| rc = epoll_wait(fd, &ev, 1, 0);
|   ;
|   return 0;
| }
configure:3725: result: no
configure:3730: checking for poll(2)
configure:3746: gcc -o conftest -g -O2   conftest.c  >&5
configure:3746: $? = 0
configure:3756: result: yes
configure:3770: checking for kqueue
configure:3770: gcc -o conftest -g -O2   conftest.c  >&5
configure:3770: $? = 0
configure:3770: result: yes
configure:3770: checking for kevent
configure:3770: gcc -o conftest -g -O2   conftest.c  >&5
configure:3770: $? = 0
configure:3770: result: yes
configure:3829: checking for gcc
configure:3856: result: gcc
configure:4085: checking for C compiler version
configure:4094: gcc --version >&5
Apple clang version 12.0.0 (clang-1200.0.32.28)
Target: x86_64-apple-darwin19.6.0
Thread model: posix
InstalledDir: /Library/Developer/CommandLineTools/usr/bin
Configured with: --prefix=/Library/Developer/CommandLineTools/usr --with-gxx-include-dir=/Library/Developer/CommandLineTools/SDKs/MacOSX10.15.sdk/usr/include/c++/4.2.1
configure:4105: $? = 0
configure:4094: gcc -v >&5
Configured with: --prefix=/Library/Developer/CommandLineTools/usr --with-gxx-include-dir=/Library/Developer/CommandLineTools/SDKs/MacOSX10.15.sdk/usr/include/c++/4.2.1
Apple clang version 12.0.0 (clang-1200.0.32.28)
Target: x86_64-apple-darwin19.6.0
Thread model: posix
InstalledDir: /Library/Developer/CommandLineTools/usr/bin
configure:4105: $? = 0
configure:4094: gcc -V >&5
clang: error: argument to '-V' is missing (expected 1 value)
clang: error: no input files
configure:4105: $? = 1
configure:4094: gcc -qversion >&5
clang: error: unknown argument '-qversion'; did you mean '--version'?
clang: error: no input files
configure:4105: $? = 1
configure:4109: checking whether we are using the GNU C compiler
configure:4137: result: yes
configure:4146: checking whether gcc accepts -g
configure:4207: result: yes
configure:4224: checking for gcc option to accept ISO C89
configure:4300: result: none needed
configure:4366: checking for ranlib
configure:4382: found /usr/bin/ranlib
configure:4393: result: ranlib
configure:4417: checking for gethostent
configure:4417: gcc -o conftest -g -O2 -Wall    conftest.c  >&5
configure:4417: $? = 0
configure:4417: result: yes
configure:4468: checking for setsockopt
configure:4468: gcc -o conftest -g -O2 -Wall    conftest.c  >&5
configure:4468: $? = 0
configure:4468: result: yes
configure:4520: checking for nanosleep
configure:4520: gcc -o conftest -g -O2 -Wall    conftest.c  >&5
configure:4520: $? = 0
configure:4520: result: yes
configure:4572: checking for ANSI C header files
configure:4676: result: yes
configure:4687: checking net/bpf.h usability
configure:4687: gcc -c -g -O2 -Wall   conftest.c >&5
configure:4687: $? = 0
configure:4687: result: yes
configure:4687: checking net/bpf.h presence
configure:4687: gcc -E  conftest.c
configure:4687: $? = 0
configure:4687: result: yes
configure:4687: checking for net/bpf.h
configure:4687: result: yes
configure:4687: checking sys/ioctl.h usability
configure:4687: gcc -c -g -O2 -Wall   conftest.c >&5
configure:4687: $? = 0
configure:4687: result: yes
configure:4687: checking sys/ioctl.h presence
configure:4687: gcc -E  conftest.c
configure:4687: $? = 0
configure:4687: result: yes
configure:4687: checking for sys/ioctl.h
configure:4687: result: yes
configure:4687: checking sys/un.h usability
configure:4687: gcc -c -g -O2 -Wall   conftest.c >&5
configure:4687: $? = 0
configure:4687: result: yes
configure:4687: checking sys/un.h presence
configure:4687: gcc -E  conftest.c
configure:4687: $? = 0
configure:4687: result: yes
configure:4687: checking for sys/un.h
configure:4687: result: yes
configure:4687: checking netdb.h usability
configure:4687: gcc -c -g -O2 -Wall   conftest.c >&5
configure:4687: $? = 0
configure:4687: result: yes
configure:4687: checking netdb.h presence
configure:4687: gcc -E  conftest.c
configure:4687: $? = 0
configure:4687: result: yes
configure:4687: checking for netdb.h
configure:4687: result: yes
configure:4699: checking for linux/vm_sockets.h
configure:4699: gcc -c -g -O2 -Wall   conftest.c >&5
conftest.c:34:10: fatal error: 'linux/vm_sockets.h' file not found
#include <linux/vm_sockets.h>
         ^~~~~~~~~~~~~~~~~~~~
1 error generated.
configure:4699: $? = 1
configure: failed program was:
| /* confdefs.h */
| #define PACKAGE_NAME ""
| #define PACKAGE_TARNAME ""
| #define PACKAGE_VERSION ""
| #define PACKAGE_STRING ""
| #define PACKAGE_BUGREPORT ""
| #define PACKAGE_URL ""
| #define MACOSX 1
| #define STDC_HEADERS 1
| #define HAVE_SYS_TYPES_H 1
| #define HAVE_SYS_STAT_H 1
| #define HAVE_STDLIB_H 1
| #define HAVE_STRING_H 1
| #define HAVE_MEMORY_H 1
| #define HAVE_STRINGS_H 1
| #define HAVE_INTTYPES_H 1
| #define HAVE_STDINT_H 1
| #define HAVE_UNISTD_H 1
| #define HAVE_PCAP_SET_IMMEDIATE_MODE 1
| #define HAVE_PCAP 1
| #define HAVE_POLL 1
| #define HAVE_KQUEUE 1
| #define HAVE_KQUEUE 1
| #define HAVE_KEVENT 1
| #define HAVE_KQUEUE 1
| #define STDC_HEADERS 1
| #define HAVE_NET_BPF_H 1
| #define HAVE_SYS_IOCTL_H 1
| #define HAVE_SYS_UN_H 1
| #define HAVE_NETDB_H 1
| /* end confdefs.h.  */
| #include <sys/socket.h>
| 
| #include <linux/vm_sockets.h>
configure:4699: result: no
configure:4854: checking for library containing dlopen
configure:4885: gcc -o conftest -g -O2 -Wall   -I/usr/local/opt/openssl@1.1//include  -L/usr/local/opt/openssl@1.1//lib conftest.c  >&5
configure:4885: $? = 0
configure:4902: result: none required
configure:4919: checking for SSL_set_tlsext_host_name
configure:4932: gcc -o conftest -g -O2 -Wall   -I/usr/local/opt/openssl@1.1//include  -L/usr/local/opt/openssl@1.1//lib conftest.c -lssl -lcrypto  >&5
configure:4932: $? = 0
configure:4933: result: yes
configure:4943: checking for DTLS_client_method
configure:4956: gcc -o conftest -g -O2 -Wall   -I/usr/local/opt/openssl@1.1//include  -L/usr/local/opt/openssl@1.1//lib conftest.c -lssl -lcrypto  >&5
configure:4956: $? = 0
configure:4957: result: yes
configure:4967: checking for SSL_set_alpn_protos
configure:4980: gcc -o conftest -g -O2 -Wall   -I/usr/local/opt/openssl@1.1//include  -L/usr/local/opt/openssl@1.1//lib conftest.c -lssl -lcrypto  >&5
configure:4980: $? = 0
configure:4981: result: yes
configure:5140: creating ./config.status

## ---------------------- ##
## Running config.status. ##
## ---------------------- ##

This file was extended by config.status, which was
generated by GNU Autoconf 2.69.  Invocation command line was

  CONFIG_FILES    = 
  CONFIG_HEADERS  = 
  CONFIG_LINKS    = 
  CONFIG_COMMANDS = 
  $ ./config.status 

on localhost.local

config.status:830: creating Makefile
config.status:830: creating ../tests/Makefile
config.status:830: creating ../include/nsock_config.h
config.status:1000: ../include/nsock_config.h is unchanged

## ---------------- ##
## Cache variables. ##
## ---------------- ##

ac_cv_build=x86_64-apple-darwin19.6.0
ac_cv_c_compiler_gnu=yes
ac_cv_env_CC_set=
ac_cv_env_CC_value=
ac_cv_env_CFLAGS_set=
ac_cv_env_CFLAGS_value=
ac_cv_env_CPPFLAGS_set=
ac_cv_env_CPPFLAGS_value=
ac_cv_env_CPP_set=
ac_cv_env_CPP_value=
ac_cv_env_LDFLAGS_set=
ac_cv_env_LDFLAGS_value=
ac_cv_env_LIBS_set=
ac_cv_env_LIBS_value=
ac_cv_env_build_alias_set=
ac_cv_env_build_alias_value=
ac_cv_env_host_alias_set=
ac_cv_env_host_alias_value=
ac_cv_env_target_alias_set=
ac_cv_env_target_alias_value=
ac_cv_func_gethostent=yes
ac_cv_func_kevent=yes
ac_cv_func_kqueue=yes
ac_cv_func_nanosleep=yes
ac_cv_func_pcap_set_immediate_mode=yes
ac_cv_func_setsockopt=yes
ac_cv_header_inttypes_h=yes
ac_cv_header_linux_version_h=no
ac_cv_header_linux_vm_sockets_h=no
ac_cv_header_memory_h=yes
ac_cv_header_net_bpf_h=yes
ac_cv_header_netdb_h=yes
ac_cv_header_pcap_h=yes
ac_cv_header_stdc=yes
ac_cv_header_stdint_h=yes
ac_cv_header_stdlib_h=yes
ac_cv_header_string_h=yes
ac_cv_header_strings_h=yes
ac_cv_header_sys_ioctl_h=yes
ac_cv_header_sys_stat_h=yes
ac_cv_header_sys_types_h=yes
ac_cv_header_sys_un_h=yes
ac_cv_header_unistd_h=yes
ac_cv_host=x86_64-apple-darwin19.6.0
ac_cv_objext=o
ac_cv_path_EGREP='/usr/bin/grep -E'
ac_cv_path_GREP=/usr/bin/grep
ac_cv_prog_CPP='gcc -E'
ac_cv_prog_ac_ct_CC=gcc
ac_cv_prog_ac_ct_RANLIB=ranlib
ac_cv_prog_cc_c89=
ac_cv_prog_cc_g=yes
ac_cv_search_dlopen='none required'
ax_cv_have_epoll=no
ax_cv_have_poll=yes

## ----------------- ##
## Output variables. ##
## ----------------- ##

CC='gcc'
CFLAGS='-g -O2 -Wall '
CPP='gcc -E'
CPPFLAGS=' -I/usr/local/opt/openssl@1.1//include -I/Users/cyan/Downloads/nmap-7.91/nbase'
DEFS='-DHAVE_CONFIG_H'
ECHO_C='\c'
ECHO_N=''
ECHO_T=''
EGREP='/usr/bin/grep -E'
EXEEXT=''
GREP='/usr/bin/grep'
LDFLAGS=' -L/usr/local/opt/openssl@1.1//lib -L/Users/cyan/Downloads/nmap-7.91/nbase'
LIBNBASE_LIBS=' -lnbase'
LIBOBJS=''
LIBPCAP_LIBS='-lpcap'
LIBS=''
LTLIBOBJS=''
NBASEDIR='/Users/cyan/Downloads/nmap-7.91/nbase'
NSOCKTESTDIR='../tests'
OBJEXT='o'
OPENSSL_LIBS='-lssl -lcrypto'
PACKAGE_BUGREPORT=''
PACKAGE_NAME=''
PACKAGE_STRING=''
PACKAGE_TARNAME=''
PACKAGE_URL=''
PACKAGE_VERSION=''
PATH_SEPARATOR=':'
RANLIB='ranlib'
SHELL='/bin/sh'
ac_ct_CC='gcc'
bindir='${exec_prefix}/bin'
build='x86_64-apple-darwin19.6.0'
build_alias=''
build_cpu='x86_64'
build_os='darwin19.6.0'
build_vendor='apple'
datadir='${datarootdir}'
datarootdir='${prefix}/share'
docdir='${datarootdir}/doc/${PACKAGE}'
dvidir='${docdir}'
exec_prefix='${prefix}'
host='x86_64-apple-darwin19.6.0'
host_alias=''
host_cpu='x86_64'
host_os='darwin19.6.0'
host_vendor='apple'
htmldir='${docdir}'
includedir='${prefix}/include'
infodir='${datarootdir}/info'
libdir='${exec_prefix}/lib'
libexecdir='${exec_prefix}/libexec'
localedir='${datarootdir}/locale'
localstatedir='${prefix}/var'
mandir='${datarootdir}/man'
oldincludedir='/usr/include'
pdfdir='${docdir}'
prefix='/usr/local'
program_transform_name='s,x,x,'
psdir='${docdir}'
runstatedir='${localstatedir}/run'
sbindir='${exec_prefix}/sbin'
sharedstatedir='${prefix}/com'
sysconfdir='${prefix}/etc'
target_alias=''

## ----------- ##
## confdefs.h. ##
## ----------- ##

/* confdefs.h */
#define PACKAGE_NAME ""
#define PACKAGE_TARNAME ""
#define PACKAGE_VERSION ""
#define PACKAGE_STRING ""
#define PACKAGE_BUGREPORT ""
#define PACKAGE_URL ""
#define MACOSX 1
#define STDC_HEADERS 1
#define HAVE_SYS_TYPES_H 1
#define HAVE_SYS_STAT_H 1
#define HAVE_STDLIB_H 1
#define HAVE_STRING_H 1
#define HAVE_MEMORY_H 1
#define HAVE_STRINGS_H 1
#define HAVE_INTTYPES_H 1
#define HAVE_STDINT_H 1
#define HAVE_UNISTD_H 1
#define HAVE_PCAP_SET_IMMEDIATE_MODE 1
#define HAVE_PCAP 1
#define HAVE_POLL 1
#define HAVE_KQUEUE 1
#define HAVE_KQUEUE 1
#define HAVE_KEVENT 1
#define HAVE_KQUEUE 1
#define STDC_HEADERS 1
#define HAVE_NET_BPF_H 1
#define HAVE_SYS_IOCTL_H 1
#define HAVE_SYS_UN_H 1
#define HAVE_NETDB_H 1
#define HAVE_OPENSSL 1
#define HAVE_SSL_SET_TLSEXT_HOST_NAME 1
#define HAVE_DTLS_CLIENT_METHOD 1
#define HAVE_ALPN_SUPPORT 1

configure: exit 0
