This file contains any messages produced by compilers while
running configure, to aid debugging if configure makes a mistake.

It was created by configure, which was
generated by GNU Autoconf 2.69.  Invocation command line was

  $ ./configure --disable-option-checking --prefix=/usr/local --with-openssl=/usr/local/opt/openssl@1.1/ --with-libssl-prefix=/usr/local/Cellar/libssh2/1.9.0_1 --with-libssl-prefix=/usr/local/opt/openssl@1.1/ --cache-file=/dev/null --srcdir=.

## --------- ##
## Platform. ##
## --------- ##

hostname = localhost.local
uname -m = x86_64
uname -r = 19.6.0
uname -s = Darwin
uname -v = Darwin Kernel Version 19.6.0: Tue Nov 10 00:10:30 PST 2020; root:xnu-6153.141.10~1/RELEASE_X86_64

/usr/bin/uname -p = i386
/bin/uname -X     = unknown

/bin/arch              = unknown
/usr/bin/arch -k       = unknown
/usr/convex/getsysinfo = unknown
/usr/bin/hostinfo      = Mach kernel version:
	 Darwin Kernel Version 19.6.0: Tue Nov 10 00:10:30 PST 2020; root:xnu-6153.141.10~1/RELEASE_X86_64
Kernel configured for up to 16 processors.
8 processors are physically available.
16 processors are logically available.
Processor type: x86_64h (Intel x86-64h Haswell)
Processors active: 0 1 2 3 4 5 6 7 8 9 10 11 12 13 14 15
Primary memory available: 16.00 gigabytes
Default processor set: 485 tasks, 2376 threads, 16 processors
Load average: 2.67, Mach factor: 13.33
/bin/machine           = unknown
/usr/bin/oslevel       = unknown
/bin/universe          = unknown

PATH: /usr/local/opt/openssl@1.1/bin
PATH: /Users/cyan/.pyenv/shims
PATH: /Users/cyan/go/bin
PATH: /usr/local/bin
PATH: /usr/bin
PATH: /bin
PATH: /usr/sbin
PATH: /sbin


## ----------- ##
## Core tests. ##
## ----------- ##

configure:2326: checking for gcc
configure:2342: found /usr/bin/gcc
configure:2353: result: gcc
configure:2582: checking for C compiler version
configure:2591: gcc --version >&5
Apple clang version 12.0.0 (clang-1200.0.32.28)
Target: x86_64-apple-darwin19.6.0
Thread model: posix
InstalledDir: /Library/Developer/CommandLineTools/usr/bin
Configured with: --prefix=/Library/Developer/CommandLineTools/usr --with-gxx-include-dir=/Library/Developer/CommandLineTools/SDKs/MacOSX10.15.sdk/usr/include/c++/4.2.1
configure:2602: $? = 0
configure:2591: gcc -v >&5
Configured with: --prefix=/Library/Developer/CommandLineTools/usr --with-gxx-include-dir=/Library/Developer/CommandLineTools/SDKs/MacOSX10.15.sdk/usr/include/c++/4.2.1
Apple clang version 12.0.0 (clang-1200.0.32.28)
Target: x86_64-apple-darwin19.6.0
Thread model: posix
InstalledDir: /Library/Developer/CommandLineTools/usr/bin
configure:2602: $? = 0
configure:2591: gcc -V >&5
clang: error: argument to '-V' is missing (expected 1 value)
clang: error: no input files
configure:2602: $? = 1
configure:2591: gcc -qversion >&5
clang: error: unknown argument '-qversion'; did you mean '--version'?
clang: error: no input files
configure:2602: $? = 1
configure:2622: checking whether the C compiler works
configure:2644: gcc    conftest.c  >&5
configure:2648: $? = 0
configure:2696: result: yes
configure:2699: checking for C compiler default output file name
configure:2701: result: a.out
configure:2707: checking for suffix of executables
configure:2714: gcc -o conftest    conftest.c  >&5
configure:2718: $? = 0
configure:2740: result: 
configure:2762: checking whether we are cross compiling
configure:2770: gcc -o conftest    conftest.c  >&5
configure:2774: $? = 0
configure:2781: ./conftest
configure:2785: $? = 0
configure:2800: result: no
configure:2805: checking for suffix of object files
configure:2827: gcc -c   conftest.c >&5
configure:2831: $? = 0
configure:2852: result: o
configure:2856: checking whether we are using the GNU C compiler
configure:2875: gcc -c   conftest.c >&5
configure:2875: $? = 0
configure:2884: result: yes
configure:2893: checking whether gcc accepts -g
configure:2913: gcc -c -g  conftest.c >&5
configure:2913: $? = 0
configure:2954: result: yes
configure:2971: checking for gcc option to accept ISO C89
configure:3034: gcc  -c -g -O2  conftest.c >&5
configure:3034: $? = 0
configure:3047: result: none needed
configure:3114: checking for ranlib
configure:3130: found /usr/bin/ranlib
configure:3141: result: ranlib
configure:3197: checking build system type
configure:3211: result: x86_64-apple-darwin19.6.0
configure:3231: checking host system type
configure:3244: result: x86_64-apple-darwin19.6.0
configure:3266: checking for inline
configure:3282: gcc -c -g -O2 -Wall   conftest.c >&5
conftest.c:11:21: warning: unused function 'static_foo' [-Wunused-function]
static inline foo_t static_foo () {return 0; }
                    ^
1 warning generated.
configure:3282: $? = 0
configure:3290: result: inline
configure:3323: checking how to run the C preprocessor
configure:3354: gcc -E  conftest.c
configure:3354: $? = 0
configure:3368: gcc -E  conftest.c
conftest.c:9:10: fatal error: 'ac_nonexistent.h' file not found
#include <ac_nonexistent.h>
         ^~~~~~~~~~~~~~~~~~
1 error generated.
configure:3368: $? = 1
configure: failed program was:
| /* confdefs.h */
| #define PACKAGE_NAME ""
| #define PACKAGE_TARNAME ""
| #define PACKAGE_VERSION ""
| #define PACKAGE_STRING ""
| #define PACKAGE_BUGREPORT ""
| #define PACKAGE_URL ""
| /* end confdefs.h.  */
| #include <ac_nonexistent.h>
configure:3393: result: gcc -E
configure:3413: gcc -E  conftest.c
configure:3413: $? = 0
configure:3427: gcc -E  conftest.c
conftest.c:9:10: fatal error: 'ac_nonexistent.h' file not found
#include <ac_nonexistent.h>
         ^~~~~~~~~~~~~~~~~~
1 error generated.
configure:3427: $? = 1
configure: failed program was:
| /* confdefs.h */
| #define PACKAGE_NAME ""
| #define PACKAGE_TARNAME ""
| #define PACKAGE_VERSION ""
| #define PACKAGE_STRING ""
| #define PACKAGE_BUGREPORT ""
| #define PACKAGE_URL ""
| /* end confdefs.h.  */
| #include <ac_nonexistent.h>
configure:3456: checking for grep that handles long lines and -e
configure:3514: result: /usr/bin/grep
configure:3519: checking for egrep
configure:3581: result: /usr/bin/grep -E
configure:3586: checking for ANSI C header files
configure:3606: gcc -c -g -O2 -Wall   conftest.c >&5
configure:3606: $? = 0
configure:3679: gcc -o conftest -g -O2 -Wall    conftest.c  >&5
configure:3679: $? = 0
configure:3679: ./conftest
configure:3679: $? = 0
configure:3690: result: yes
configure:3703: checking for sys/types.h
configure:3703: gcc -c -g -O2 -Wall   conftest.c >&5
configure:3703: $? = 0
configure:3703: result: yes
configure:3703: checking for sys/stat.h
configure:3703: gcc -c -g -O2 -Wall   conftest.c >&5
configure:3703: $? = 0
configure:3703: result: yes
configure:3703: checking for stdlib.h
configure:3703: gcc -c -g -O2 -Wall   conftest.c >&5
configure:3703: $? = 0
configure:3703: result: yes
configure:3703: checking for string.h
configure:3703: gcc -c -g -O2 -Wall   conftest.c >&5
configure:3703: $? = 0
configure:3703: result: yes
configure:3703: checking for memory.h
configure:3703: gcc -c -g -O2 -Wall   conftest.c >&5
configure:3703: $? = 0
configure:3703: result: yes
configure:3703: checking for strings.h
configure:3703: gcc -c -g -O2 -Wall   conftest.c >&5
configure:3703: $? = 0
configure:3703: result: yes
configure:3703: checking for inttypes.h
configure:3703: gcc -c -g -O2 -Wall   conftest.c >&5
configure:3703: $? = 0
configure:3703: result: yes
configure:3703: checking for stdint.h
configure:3703: gcc -c -g -O2 -Wall   conftest.c >&5
configure:3703: $? = 0
configure:3703: result: yes
configure:3703: checking for unistd.h
configure:3703: gcc -c -g -O2 -Wall   conftest.c >&5
configure:3703: $? = 0
configure:3703: result: yes
configure:3718: checking for string.h
configure:3718: result: yes
configure:3718: checking getopt.h usability
configure:3718: gcc -c -g -O2 -Wall   conftest.c >&5
configure:3718: $? = 0
configure:3718: result: yes
configure:3718: checking getopt.h presence
configure:3718: gcc -E  conftest.c
configure:3718: $? = 0
configure:3718: result: yes
configure:3718: checking for getopt.h
configure:3718: result: yes
configure:3718: checking for strings.h
configure:3718: result: yes
configure:3718: checking sys/param.h usability
configure:3718: gcc -c -g -O2 -Wall   conftest.c >&5
configure:3718: $? = 0
configure:3718: result: yes
configure:3718: checking sys/param.h presence
configure:3718: gcc -E  conftest.c
configure:3718: $? = 0
configure:3718: result: yes
configure:3718: checking for sys/param.h
configure:3718: result: yes
configure:3718: checking sys/time.h usability
configure:3718: gcc -c -g -O2 -Wall   conftest.c >&5
configure:3718: $? = 0
configure:3718: result: yes
configure:3718: checking sys/time.h presence
configure:3718: gcc -E  conftest.c
configure:3718: $? = 0
configure:3718: result: yes
configure:3718: checking for sys/time.h
configure:3718: result: yes
configure:3718: checking for unistd.h
configure:3718: result: yes
configure:3718: checking errno.h usability
configure:3718: gcc -c -g -O2 -Wall   conftest.c >&5
configure:3718: $? = 0
configure:3718: result: yes
configure:3718: checking errno.h presence
configure:3718: gcc -E  conftest.c
configure:3718: $? = 0
configure:3718: result: yes
configure:3718: checking for errno.h
configure:3718: result: yes
configure:3718: checking sys/select.h usability
configure:3718: gcc -c -g -O2 -Wall   conftest.c >&5
configure:3718: $? = 0
configure:3718: result: yes
configure:3718: checking sys/select.h presence
configure:3718: gcc -E  conftest.c
configure:3718: $? = 0
configure:3718: result: yes
configure:3718: checking for sys/select.h
configure:3718: result: yes
configure:3718: checking for sys/types.h
configure:3718: result: yes
configure:3718: checking sys/socket.h usability
configure:3718: gcc -c -g -O2 -Wall   conftest.c >&5
configure:3718: $? = 0
configure:3718: result: yes
configure:3718: checking sys/socket.h presence
configure:3718: gcc -E  conftest.c
configure:3718: $? = 0
configure:3718: result: yes
configure:3718: checking for sys/socket.h
configure:3718: result: yes
configure:3718: checking netinet/in.h usability
configure:3718: gcc -c -g -O2 -Wall   conftest.c >&5
configure:3718: $? = 0
configure:3718: result: yes
configure:3718: checking netinet/in.h presence
configure:3718: gcc -E  conftest.c
configure:3718: $? = 0
configure:3718: result: yes
configure:3718: checking for netinet/in.h
configure:3718: result: yes
configure:3718: checking arpa/inet.h usability
configure:3718: gcc -c -g -O2 -Wall   conftest.c >&5
configure:3718: $? = 0
configure:3718: result: yes
configure:3718: checking arpa/inet.h presence
configure:3718: gcc -E  conftest.c
configure:3718: $? = 0
configure:3718: result: yes
configure:3718: checking for arpa/inet.h
configure:3718: result: yes
configure:3718: checking for sys/stat.h
configure:3718: result: yes
configure:3718: checking netdb.h usability
configure:3718: gcc -c -g -O2 -Wall   conftest.c >&5
configure:3718: $? = 0
configure:3718: result: yes
configure:3718: checking netdb.h presence
configure:3718: gcc -E  conftest.c
configure:3718: $? = 0
configure:3718: result: yes
configure:3718: checking for netdb.h
configure:3718: result: yes
configure:3718: checking sys/wait.h usability
configure:3718: gcc -c -g -O2 -Wall   conftest.c >&5
configure:3718: $? = 0
configure:3718: result: yes
configure:3718: checking sys/wait.h presence
configure:3718: gcc -E  conftest.c
configure:3718: $? = 0
configure:3718: result: yes
configure:3718: checking for sys/wait.h
configure:3718: result: yes
configure:3718: checking fcntl.h usability
configure:3718: gcc -c -g -O2 -Wall   conftest.c >&5
configure:3718: $? = 0
configure:3718: result: yes
configure:3718: checking fcntl.h presence
configure:3718: gcc -E  conftest.c
configure:3718: $? = 0
configure:3718: result: yes
configure:3718: checking for fcntl.h
configure:3718: result: yes
configure:3718: checking sys/resource.h usability
configure:3718: gcc -c -g -O2 -Wall   conftest.c >&5
configure:3718: $? = 0
configure:3718: result: yes
configure:3718: checking sys/resource.h presence
configure:3718: gcc -E  conftest.c
configure:3718: $? = 0
configure:3718: result: yes
configure:3718: checking for sys/resource.h
configure:3718: result: yes
configure:3718: checking for inttypes.h
configure:3718: result: yes
configure:3718: checking mach-o/dyld.h usability
configure:3718: gcc -c -g -O2 -Wall   conftest.c >&5
configure:3718: $? = 0
configure:3718: result: yes
configure:3718: checking mach-o/dyld.h presence
configure:3718: gcc -E  conftest.c
configure:3718: $? = 0
configure:3718: result: yes
configure:3718: checking for mach-o/dyld.h
configure:3718: result: yes
configure:3728: checking whether time.h and sys/time.h may both be included
configure:3748: gcc -c -g -O2 -Wall   conftest.c >&5
configure:3748: $? = 0
configure:3755: result: yes
configure:3765: checking for sys/socket.h
configure:3765: result: yes
configure:3777: checking for net/if.h
configure:3777: gcc -c -g -O2 -Wall   conftest.c >&5
configure:3777: $? = 0
configure:3777: result: yes
configure:3801: checking for __attribute__
configure:3830: gcc -c -g -O2 -Wall   conftest.c >&5
configure:3830: $? = 0
configure:3845: result: yes
configure:3851: checking if sockaddr{} has sa_len member
configure:3869: gcc -c -g -O2 -Wall   conftest.c >&5
conftest.c:48:14: warning: unused variable 'i' [-Wunused-variable]
unsigned int i = sizeof(((struct sockaddr *)0)->sa_len)
             ^
1 warning generated.
configure:3869: $? = 0
configure:3876: result: yes
configure:3884: checking whether byte ordering is bigendian
configure:3899: gcc -c -g -O2 -Wall   conftest.c >&5
configure:3899: $? = 0
configure:3944: gcc -c -g -O2 -Wall   conftest.c >&5
configure:3944: $? = 0
configure:3962: gcc -c -g -O2 -Wall   conftest.c >&5
conftest.c:50:4: error: use of undeclared identifier 'not'
                 not big endian
                 ^
1 error generated.
configure:3962: $? = 1
configure: failed program was:
| /* confdefs.h */
| #define PACKAGE_NAME ""
| #define PACKAGE_TARNAME ""
| #define PACKAGE_VERSION ""
| #define PACKAGE_STRING ""
| #define PACKAGE_BUGREPORT ""
| #define PACKAGE_URL ""
| #define STDC_HEADERS 1
| #define HAVE_SYS_TYPES_H 1
| #define HAVE_SYS_STAT_H 1
| #define HAVE_STDLIB_H 1
| #define HAVE_STRING_H 1
| #define HAVE_MEMORY_H 1
| #define HAVE_STRINGS_H 1
| #define HAVE_INTTYPES_H 1
| #define HAVE_STDINT_H 1
| #define HAVE_UNISTD_H 1
| #define HAVE_STRING_H 1
| #define HAVE_GETOPT_H 1
| #define HAVE_STRINGS_H 1
| #define HAVE_SYS_PARAM_H 1
| #define HAVE_SYS_TIME_H 1
| #define HAVE_UNISTD_H 1
| #define HAVE_ERRNO_H 1
| #define HAVE_SYS_SELECT_H 1
| #define HAVE_SYS_TYPES_H 1
| #define HAVE_SYS_SOCKET_H 1
| #define HAVE_NETINET_IN_H 1
| #define HAVE_ARPA_INET_H 1
| #define HAVE_SYS_STAT_H 1
| #define HAVE_NETDB_H 1
| #define HAVE_SYS_WAIT_H 1
| #define HAVE_FCNTL_H 1
| #define HAVE_SYS_RESOURCE_H 1
| #define HAVE_INTTYPES_H 1
| #define HAVE_MACH_O_DYLD_H 1
| #define TIME_WITH_SYS_TIME 1
| #define HAVE_SYS_SOCKET_H 1
| #define HAVE_NET_IF_H 1
| #define HAVE___ATTRIBUTE__ 1
| #define HAVE_SOCKADDR_SA_LEN 1
| /* end confdefs.h.  */
| #include <sys/types.h>
| 		#include <sys/param.h>
| 
| int
| main ()
| {
| #if BYTE_ORDER != BIG_ENDIAN
| 		 not big endian
| 		#endif
| 
|   ;
|   return 0;
| }
configure:4090: result: no
configure:4109: checking for int8_t
configure:4109: gcc -c -g -O2 -Wall   conftest.c >&5
configure:4109: $? = 0
configure:4109: gcc -c -g -O2 -Wall   conftest.c >&5
conftest.c:80:24: error: 'test_array' declared as an array with a negative size
static int test_array [1 - 2 * !((int8_t) (((((int8_t) 1 << N) << N) - 1) * 2 + 1)
                       ^~~~~~~~~~~~~~~~~~~~~~~~~~~~~~~~~~~~~~~~~~~~~~~~~~~~~~~~~~~
1 error generated.
configure:4109: $? = 1
configure: failed program was:
| /* confdefs.h */
| #define PACKAGE_NAME ""
| #define PACKAGE_TARNAME ""
| #define PACKAGE_VERSION ""
| #define PACKAGE_STRING ""
| #define PACKAGE_BUGREPORT ""
| #define PACKAGE_URL ""
| #define STDC_HEADERS 1
| #define HAVE_SYS_TYPES_H 1
| #define HAVE_SYS_STAT_H 1
| #define HAVE_STDLIB_H 1
| #define HAVE_STRING_H 1
| #define HAVE_MEMORY_H 1
| #define HAVE_STRINGS_H 1
| #define HAVE_INTTYPES_H 1
| #define HAVE_STDINT_H 1
| #define HAVE_UNISTD_H 1
| #define HAVE_STRING_H 1
| #define HAVE_GETOPT_H 1
| #define HAVE_STRINGS_H 1
| #define HAVE_SYS_PARAM_H 1
| #define HAVE_SYS_TIME_H 1
| #define HAVE_UNISTD_H 1
| #define HAVE_ERRNO_H 1
| #define HAVE_SYS_SELECT_H 1
| #define HAVE_SYS_TYPES_H 1
| #define HAVE_SYS_SOCKET_H 1
| #define HAVE_NETINET_IN_H 1
| #define HAVE_ARPA_INET_H 1
| #define HAVE_SYS_STAT_H 1
| #define HAVE_NETDB_H 1
| #define HAVE_SYS_WAIT_H 1
| #define HAVE_FCNTL_H 1
| #define HAVE_SYS_RESOURCE_H 1
| #define HAVE_INTTYPES_H 1
| #define HAVE_MACH_O_DYLD_H 1
| #define TIME_WITH_SYS_TIME 1
| #define HAVE_SYS_SOCKET_H 1
| #define HAVE_NET_IF_H 1
| #define HAVE___ATTRIBUTE__ 1
| #define HAVE_SOCKADDR_SA_LEN 1
| /* end confdefs.h.  */
| #include <stdio.h>
| #ifdef HAVE_SYS_TYPES_H
| # include <sys/types.h>
| #endif
| #ifdef HAVE_SYS_STAT_H
| # include <sys/stat.h>
| #endif
| #ifdef STDC_HEADERS
| # include <stdlib.h>
| # include <stddef.h>
| #else
| # ifdef HAVE_STDLIB_H
| #  include <stdlib.h>
| # endif
| #endif
| #ifdef HAVE_STRING_H
| # if !defined STDC_HEADERS && defined HAVE_MEMORY_H
| #  include <memory.h>
| # endif
| # include <string.h>
| #endif
| #ifdef HAVE_STRINGS_H
| # include <strings.h>
| #endif
| #ifdef HAVE_INTTYPES_H
| # include <inttypes.h>
| #endif
| #ifdef HAVE_STDINT_H
| # include <stdint.h>
| #endif
| #ifdef HAVE_UNISTD_H
| # include <unistd.h>
| #endif
| 	        enum { N = 8 / 2 - 1 };
| int
| main ()
| {
| static int test_array [1 - 2 * !((int8_t) (((((int8_t) 1 << N) << N) - 1) * 2 + 1)
| 		 < (int8_t) (((((int8_t) 1 << N) << N) - 1) * 2 + 2))];
| test_array [0] = 0;
| return test_array [0];
| 
|   ;
|   return 0;
| }
configure:4109: result: yes
configure:4120: checking for int16_t
configure:4120: gcc -c -g -O2 -Wall   conftest.c >&5
configure:4120: $? = 0
configure:4120: gcc -c -g -O2 -Wall   conftest.c >&5
conftest.c:80:24: error: 'test_array' declared as an array with a negative size
static int test_array [1 - 2 * !((int16_t) (((((int16_t) 1 << N) << N) - 1) * 2 + 1)
                       ^~~~~~~~~~~~~~~~~~~~~~~~~~~~~~~~~~~~~~~~~~~~~~~~~~~~~~~~~~~~~
1 error generated.
configure:4120: $? = 1
configure: failed program was:
| /* confdefs.h */
| #define PACKAGE_NAME ""
| #define PACKAGE_TARNAME ""
| #define PACKAGE_VERSION ""
| #define PACKAGE_STRING ""
| #define PACKAGE_BUGREPORT ""
| #define PACKAGE_URL ""
| #define STDC_HEADERS 1
| #define HAVE_SYS_TYPES_H 1
| #define HAVE_SYS_STAT_H 1
| #define HAVE_STDLIB_H 1
| #define HAVE_STRING_H 1
| #define HAVE_MEMORY_H 1
| #define HAVE_STRINGS_H 1
| #define HAVE_INTTYPES_H 1
| #define HAVE_STDINT_H 1
| #define HAVE_UNISTD_H 1
| #define HAVE_STRING_H 1
| #define HAVE_GETOPT_H 1
| #define HAVE_STRINGS_H 1
| #define HAVE_SYS_PARAM_H 1
| #define HAVE_SYS_TIME_H 1
| #define HAVE_UNISTD_H 1
| #define HAVE_ERRNO_H 1
| #define HAVE_SYS_SELECT_H 1
| #define HAVE_SYS_TYPES_H 1
| #define HAVE_SYS_SOCKET_H 1
| #define HAVE_NETINET_IN_H 1
| #define HAVE_ARPA_INET_H 1
| #define HAVE_SYS_STAT_H 1
| #define HAVE_NETDB_H 1
| #define HAVE_SYS_WAIT_H 1
| #define HAVE_FCNTL_H 1
| #define HAVE_SYS_RESOURCE_H 1
| #define HAVE_INTTYPES_H 1
| #define HAVE_MACH_O_DYLD_H 1
| #define TIME_WITH_SYS_TIME 1
| #define HAVE_SYS_SOCKET_H 1
| #define HAVE_NET_IF_H 1
| #define HAVE___ATTRIBUTE__ 1
| #define HAVE_SOCKADDR_SA_LEN 1
| /* end confdefs.h.  */
| #include <stdio.h>
| #ifdef HAVE_SYS_TYPES_H
| # include <sys/types.h>
| #endif
| #ifdef HAVE_SYS_STAT_H
| # include <sys/stat.h>
| #endif
| #ifdef STDC_HEADERS
| # include <stdlib.h>
| # include <stddef.h>
| #else
| # ifdef HAVE_STDLIB_H
| #  include <stdlib.h>
| # endif
| #endif
| #ifdef HAVE_STRING_H
| # if !defined STDC_HEADERS && defined HAVE_MEMORY_H
| #  include <memory.h>
| # endif
| # include <string.h>
| #endif
| #ifdef HAVE_STRINGS_H
| # include <strings.h>
| #endif
| #ifdef HAVE_INTTYPES_H
| # include <inttypes.h>
| #endif
| #ifdef HAVE_STDINT_H
| # include <stdint.h>
| #endif
| #ifdef HAVE_UNISTD_H
| # include <unistd.h>
| #endif
| 	        enum { N = 16 / 2 - 1 };
| int
| main ()
| {
| static int test_array [1 - 2 * !((int16_t) (((((int16_t) 1 << N) << N) - 1) * 2 + 1)
| 		 < (int16_t) (((((int16_t) 1 << N) << N) - 1) * 2 + 2))];
| test_array [0] = 0;
| return test_array [0];
| 
|   ;
|   return 0;
| }
configure:4120: result: yes
configure:4131: checking for int32_t
configure:4131: gcc -c -g -O2 -Wall   conftest.c >&5
configure:4131: $? = 0
configure:4131: gcc -c -g -O2 -Wall   conftest.c >&5
conftest.c:81:53: warning: overflow in expression; result is -2147483648 with type 'int' [-Winteger-overflow]
                 < (int32_t) (((((int32_t) 1 << N) << N) - 1) * 2 + 2))];
                                                                  ^
conftest.c:80:24: error: 'test_array' declared as an array with a negative size
static int test_array [1 - 2 * !((int32_t) (((((int32_t) 1 << N) << N) - 1) * 2 + 1)
                       ^~~~~~~~~~~~~~~~~~~~~~~~~~~~~~~~~~~~~~~~~~~~~~~~~~~~~~~~~~~~~
1 warning and 1 error generated.
configure:4131: $? = 1
configure: failed program was:
| /* confdefs.h */
| #define PACKAGE_NAME ""
| #define PACKAGE_TARNAME ""
| #define PACKAGE_VERSION ""
| #define PACKAGE_STRING ""
| #define PACKAGE_BUGREPORT ""
| #define PACKAGE_URL ""
| #define STDC_HEADERS 1
| #define HAVE_SYS_TYPES_H 1
| #define HAVE_SYS_STAT_H 1
| #define HAVE_STDLIB_H 1
| #define HAVE_STRING_H 1
| #define HAVE_MEMORY_H 1
| #define HAVE_STRINGS_H 1
| #define HAVE_INTTYPES_H 1
| #define HAVE_STDINT_H 1
| #define HAVE_UNISTD_H 1
| #define HAVE_STRING_H 1
| #define HAVE_GETOPT_H 1
| #define HAVE_STRINGS_H 1
| #define HAVE_SYS_PARAM_H 1
| #define HAVE_SYS_TIME_H 1
| #define HAVE_UNISTD_H 1
| #define HAVE_ERRNO_H 1
| #define HAVE_SYS_SELECT_H 1
| #define HAVE_SYS_TYPES_H 1
| #define HAVE_SYS_SOCKET_H 1
| #define HAVE_NETINET_IN_H 1
| #define HAVE_ARPA_INET_H 1
| #define HAVE_SYS_STAT_H 1
| #define HAVE_NETDB_H 1
| #define HAVE_SYS_WAIT_H 1
| #define HAVE_FCNTL_H 1
| #define HAVE_SYS_RESOURCE_H 1
| #define HAVE_INTTYPES_H 1
| #define HAVE_MACH_O_DYLD_H 1
| #define TIME_WITH_SYS_TIME 1
| #define HAVE_SYS_SOCKET_H 1
| #define HAVE_NET_IF_H 1
| #define HAVE___ATTRIBUTE__ 1
| #define HAVE_SOCKADDR_SA_LEN 1
| /* end confdefs.h.  */
| #include <stdio.h>
| #ifdef HAVE_SYS_TYPES_H
| # include <sys/types.h>
| #endif
| #ifdef HAVE_SYS_STAT_H
| # include <sys/stat.h>
| #endif
| #ifdef STDC_HEADERS
| # include <stdlib.h>
| # include <stddef.h>
| #else
| # ifdef HAVE_STDLIB_H
| #  include <stdlib.h>
| # endif
| #endif
| #ifdef HAVE_STRING_H
| # if !defined STDC_HEADERS && defined HAVE_MEMORY_H
| #  include <memory.h>
| # endif
| # include <string.h>
| #endif
| #ifdef HAVE_STRINGS_H
| # include <strings.h>
| #endif
| #ifdef HAVE_INTTYPES_H
| # include <inttypes.h>
| #endif
| #ifdef HAVE_STDINT_H
| # include <stdint.h>
| #endif
| #ifdef HAVE_UNISTD_H
| # include <unistd.h>
| #endif
| 	        enum { N = 32 / 2 - 1 };
| int
| main ()
| {
| static int test_array [1 - 2 * !((int32_t) (((((int32_t) 1 << N) << N) - 1) * 2 + 1)
| 		 < (int32_t) (((((int32_t) 1 << N) << N) - 1) * 2 + 2))];
| test_array [0] = 0;
| return test_array [0];
| 
|   ;
|   return 0;
| }
configure:4131: result: yes
configure:4142: checking for int64_t
configure:4142: gcc -c -g -O2 -Wall   conftest.c >&5
configure:4142: $? = 0
configure:4142: gcc -c -g -O2 -Wall   conftest.c >&5
conftest.c:81:53: warning: overflow in expression; result is -9223372036854775808 with type 'long long' [-Winteger-overflow]
                 < (int64_t) (((((int64_t) 1 << N) << N) - 1) * 2 + 2))];
                                                                  ^
conftest.c:80:24: error: 'test_array' declared as an array with a negative size
static int test_array [1 - 2 * !((int64_t) (((((int64_t) 1 << N) << N) - 1) * 2 + 1)
                       ^~~~~~~~~~~~~~~~~~~~~~~~~~~~~~~~~~~~~~~~~~~~~~~~~~~~~~~~~~~~~
1 warning and 1 error generated.
configure:4142: $? = 1
configure: failed program was:
| /* confdefs.h */
| #define PACKAGE_NAME ""
| #define PACKAGE_TARNAME ""
| #define PACKAGE_VERSION ""
| #define PACKAGE_STRING ""
| #define PACKAGE_BUGREPORT ""
| #define PACKAGE_URL ""
| #define STDC_HEADERS 1
| #define HAVE_SYS_TYPES_H 1
| #define HAVE_SYS_STAT_H 1
| #define HAVE_STDLIB_H 1
| #define HAVE_STRING_H 1
| #define HAVE_MEMORY_H 1
| #define HAVE_STRINGS_H 1
| #define HAVE_INTTYPES_H 1
| #define HAVE_STDINT_H 1
| #define HAVE_UNISTD_H 1
| #define HAVE_STRING_H 1
| #define HAVE_GETOPT_H 1
| #define HAVE_STRINGS_H 1
| #define HAVE_SYS_PARAM_H 1
| #define HAVE_SYS_TIME_H 1
| #define HAVE_UNISTD_H 1
| #define HAVE_ERRNO_H 1
| #define HAVE_SYS_SELECT_H 1
| #define HAVE_SYS_TYPES_H 1
| #define HAVE_SYS_SOCKET_H 1
| #define HAVE_NETINET_IN_H 1
| #define HAVE_ARPA_INET_H 1
| #define HAVE_SYS_STAT_H 1
| #define HAVE_NETDB_H 1
| #define HAVE_SYS_WAIT_H 1
| #define HAVE_FCNTL_H 1
| #define HAVE_SYS_RESOURCE_H 1
| #define HAVE_INTTYPES_H 1
| #define HAVE_MACH_O_DYLD_H 1
| #define TIME_WITH_SYS_TIME 1
| #define HAVE_SYS_SOCKET_H 1
| #define HAVE_NET_IF_H 1
| #define HAVE___ATTRIBUTE__ 1
| #define HAVE_SOCKADDR_SA_LEN 1
| /* end confdefs.h.  */
| #include <stdio.h>
| #ifdef HAVE_SYS_TYPES_H
| # include <sys/types.h>
| #endif
| #ifdef HAVE_SYS_STAT_H
| # include <sys/stat.h>
| #endif
| #ifdef STDC_HEADERS
| # include <stdlib.h>
| # include <stddef.h>
| #else
| # ifdef HAVE_STDLIB_H
| #  include <stdlib.h>
| # endif
| #endif
| #ifdef HAVE_STRING_H
| # if !defined STDC_HEADERS && defined HAVE_MEMORY_H
| #  include <memory.h>
| # endif
| # include <string.h>
| #endif
| #ifdef HAVE_STRINGS_H
| # include <strings.h>
| #endif
| #ifdef HAVE_INTTYPES_H
| # include <inttypes.h>
| #endif
| #ifdef HAVE_STDINT_H
| # include <stdint.h>
| #endif
| #ifdef HAVE_UNISTD_H
| # include <unistd.h>
| #endif
| 	        enum { N = 64 / 2 - 1 };
| int
| main ()
| {
| static int test_array [1 - 2 * !((int64_t) (((((int64_t) 1 << N) << N) - 1) * 2 + 1)
| 		 < (int64_t) (((((int64_t) 1 << N) << N) - 1) * 2 + 2))];
| test_array [0] = 0;
| return test_array [0];
| 
|   ;
|   return 0;
| }
configure:4142: result: yes
configure:4153: checking for uint8_t
configure:4153: gcc -c -g -O2 -Wall   conftest.c >&5
configure:4153: $? = 0
configure:4153: result: yes
configure:4167: checking for uint16_t
configure:4167: gcc -c -g -O2 -Wall   conftest.c >&5
configure:4167: $? = 0
configure:4167: result: yes
configure:4179: checking for uint32_t
configure:4179: gcc -c -g -O2 -Wall   conftest.c >&5
configure:4179: $? = 0
configure:4179: result: yes
configure:4193: checking for uint64_t
configure:4193: gcc -c -g -O2 -Wall   conftest.c >&5
configure:4193: $? = 0
configure:4193: result: yes
configure:4211: checking for snprintf
configure:4211: gcc -o conftest -g -O2 -Wall    conftest.c  >&5
conftest.c:66:6: warning: incompatible redeclaration of library function 'snprintf' [-Wincompatible-library-redeclaration]
char snprintf ();
     ^
conftest.c:66:6: note: 'snprintf' is a builtin with type 'int (char *, unsigned long, const char *, ...)'
1 warning generated.
configure:4211: $? = 0
configure:4211: result: yes
configure:4211: checking for vsnprintf
configure:4211: gcc -o conftest -g -O2 -Wall    conftest.c  >&5
conftest.c:67:6: warning: incompatible redeclaration of library function 'vsnprintf' [-Wincompatible-library-redeclaration]
char vsnprintf ();
     ^
conftest.c:67:6: note: 'vsnprintf' is a builtin with type 'int (char *, unsigned long, const char *, struct __va_list_tag *)'
1 warning generated.
configure:4211: $? = 0
configure:4211: result: yes
configure:4211: checking for nanosleep
configure:4211: gcc -o conftest -g -O2 -Wall    conftest.c  >&5
configure:4211: $? = 0
configure:4211: result: yes
configure:4211: checking for strerror
configure:4211: gcc -o conftest -g -O2 -Wall    conftest.c  >&5
conftest.c:69:6: warning: incompatible redeclaration of library function 'strerror' [-Wincompatible-library-redeclaration]
char strerror ();
     ^
conftest.c:69:6: note: 'strerror' is a builtin with type 'char *(int)'
1 warning generated.
configure:4211: $? = 0
configure:4211: result: yes
configure:4211: checking for strcasestr
configure:4211: gcc -o conftest -g -O2 -Wall    conftest.c  >&5
configure:4211: $? = 0
configure:4211: result: yes
configure:4211: checking for strcasecmp
configure:4211: gcc -o conftest -g -O2 -Wall    conftest.c  >&5
conftest.c:71:6: warning: incompatible redeclaration of library function 'strcasecmp' [-Wincompatible-library-redeclaration]
char strcasecmp ();
     ^
conftest.c:71:6: note: 'strcasecmp' is a builtin with type 'int (const char *, const char *)'
1 warning generated.
configure:4211: $? = 0
configure:4211: result: yes
configure:4211: checking for strncasecmp
configure:4211: gcc -o conftest -g -O2 -Wall    conftest.c  >&5
conftest.c:72:6: warning: incompatible redeclaration of library function 'strncasecmp' [-Wincompatible-library-redeclaration]
char strncasecmp ();
     ^
conftest.c:72:6: note: 'strncasecmp' is a builtin with type 'int (const char *, const char *, unsigned long)'
1 warning generated.
configure:4211: $? = 0
configure:4211: result: yes
configure:4211: checking for signal
configure:4211: gcc -o conftest -g -O2 -Wall    conftest.c  >&5
configure:4211: $? = 0
configure:4211: result: yes
configure:4225: checking for vsnprintf
configure:4225: result: yes
configure:4225: checking for snprintf
configure:4225: result: yes
configure:4225: checking for asprintf
configure:4225: gcc -o conftest -g -O2 -Wall    conftest.c  >&5
conftest.c:87:18: warning: format string missing [-Wformat]
return asprintf ();
       ~~~~~~~~  ^
1 warning generated.
configure:4225: $? = 0
configure:4225: result: yes
configure:4225: checking for asnprintf
configure:4225: gcc -o conftest -g -O2 -Wall    conftest.c  >&5
Undefined symbols for architecture x86_64:
  "_asnprintf", referenced from:
      _main in conftest-a2bc2c.o
ld: symbol(s) not found for architecture x86_64
clang: error: linker command failed with exit code 1 (use -v to see invocation)
configure:4225: $? = 1
configure: failed program was:
| /* confdefs.h */
| #define PACKAGE_NAME ""
| #define PACKAGE_TARNAME ""
| #define PACKAGE_VERSION ""
| #define PACKAGE_STRING ""
| #define PACKAGE_BUGREPORT ""
| #define PACKAGE_URL ""
| #define STDC_HEADERS 1
| #define HAVE_SYS_TYPES_H 1
| #define HAVE_SYS_STAT_H 1
| #define HAVE_STDLIB_H 1
| #define HAVE_STRING_H 1
| #define HAVE_MEMORY_H 1
| #define HAVE_STRINGS_H 1
| #define HAVE_INTTYPES_H 1
| #define HAVE_STDINT_H 1
| #define HAVE_UNISTD_H 1
| #define HAVE_STRING_H 1
| #define HAVE_GETOPT_H 1
| #define HAVE_STRINGS_H 1
| #define HAVE_SYS_PARAM_H 1
| #define HAVE_SYS_TIME_H 1
| #define HAVE_UNISTD_H 1
| #define HAVE_ERRNO_H 1
| #define HAVE_SYS_SELECT_H 1
| #define HAVE_SYS_TYPES_H 1
| #define HAVE_SYS_SOCKET_H 1
| #define HAVE_NETINET_IN_H 1
| #define HAVE_ARPA_INET_H 1
| #define HAVE_SYS_STAT_H 1
| #define HAVE_NETDB_H 1
| #define HAVE_SYS_WAIT_H 1
| #define HAVE_FCNTL_H 1
| #define HAVE_SYS_RESOURCE_H 1
| #define HAVE_INTTYPES_H 1
| #define HAVE_MACH_O_DYLD_H 1
| #define TIME_WITH_SYS_TIME 1
| #define HAVE_SYS_SOCKET_H 1
| #define HAVE_NET_IF_H 1
| #define HAVE___ATTRIBUTE__ 1
| #define HAVE_SOCKADDR_SA_LEN 1
| #define HAVE_SNPRINTF 1
| #define HAVE_VSNPRINTF 1
| #define HAVE_NANOSLEEP 1
| #define HAVE_STRERROR 1
| #define HAVE_STRCASESTR 1
| #define HAVE_STRCASECMP 1
| #define HAVE_STRNCASECMP 1
| #define HAVE_SIGNAL 1
| #define HAVE_VSNPRINTF 1
| #define HAVE_SNPRINTF 1
| #define HAVE_ASPRINTF 1
| /* end confdefs.h.  */
| /* Define asnprintf to an innocuous variant, in case <limits.h> declares asnprintf.
|    For example, HP-UX 11i <limits.h> declares gettimeofday.  */
| #define asnprintf innocuous_asnprintf
| 
| /* System header to define __stub macros and hopefully few prototypes,
|     which can conflict with char asnprintf (); below.
|     Prefer <limits.h> to <assert.h> if __STDC__ is defined, since
|     <limits.h> exists even on freestanding compilers.  */
| 
| #ifdef __STDC__
| # include <limits.h>
| #else
| # include <assert.h>
| #endif
| 
| #undef asnprintf
| 
| /* Override any GCC internal prototype to avoid an error.
|    Use char because int might match the return type of a GCC
|    builtin and then its argument prototype would still apply.  */
| #ifdef __cplusplus
| extern "C"
| #endif
| char asnprintf ();
| /* The GNU C library defines this for functions which it implements
|     to always fail with ENOSYS.  Some functions are actually named
|     something starting with __ and the normal name is an alias.  */
| #if defined __stub_asnprintf || defined __stub___asnprintf
| choke me
| #endif
| 
| int
| main ()
| {
| return asnprintf ();
|   ;
|   return 0;
| }
configure:4225: result: no
configure:4225: checking for vasprintf
configure:4225: gcc -o conftest -g -O2 -Wall    conftest.c  >&5
conftest.c:88:19: warning: format string missing [-Wformat]
return vasprintf ();
       ~~~~~~~~~  ^
1 warning generated.
configure:4225: $? = 0
configure:4225: result: yes
configure:4225: checking for vasnprintf
configure:4225: gcc -o conftest -g -O2 -Wall    conftest.c  >&5
Undefined symbols for architecture x86_64:
  "_vasnprintf", referenced from:
      _main in conftest-903e50.o
ld: symbol(s) not found for architecture x86_64
clang: error: linker command failed with exit code 1 (use -v to see invocation)
configure:4225: $? = 1
configure: failed program was:
| /* confdefs.h */
| #define PACKAGE_NAME ""
| #define PACKAGE_TARNAME ""
| #define PACKAGE_VERSION ""
| #define PACKAGE_STRING ""
| #define PACKAGE_BUGREPORT ""
| #define PACKAGE_URL ""
| #define STDC_HEADERS 1
| #define HAVE_SYS_TYPES_H 1
| #define HAVE_SYS_STAT_H 1
| #define HAVE_STDLIB_H 1
| #define HAVE_STRING_H 1
| #define HAVE_MEMORY_H 1
| #define HAVE_STRINGS_H 1
| #define HAVE_INTTYPES_H 1
| #define HAVE_STDINT_H 1
| #define HAVE_UNISTD_H 1
| #define HAVE_STRING_H 1
| #define HAVE_GETOPT_H 1
| #define HAVE_STRINGS_H 1
| #define HAVE_SYS_PARAM_H 1
| #define HAVE_SYS_TIME_H 1
| #define HAVE_UNISTD_H 1
| #define HAVE_ERRNO_H 1
| #define HAVE_SYS_SELECT_H 1
| #define HAVE_SYS_TYPES_H 1
| #define HAVE_SYS_SOCKET_H 1
| #define HAVE_NETINET_IN_H 1
| #define HAVE_ARPA_INET_H 1
| #define HAVE_SYS_STAT_H 1
| #define HAVE_NETDB_H 1
| #define HAVE_SYS_WAIT_H 1
| #define HAVE_FCNTL_H 1
| #define HAVE_SYS_RESOURCE_H 1
| #define HAVE_INTTYPES_H 1
| #define HAVE_MACH_O_DYLD_H 1
| #define TIME_WITH_SYS_TIME 1
| #define HAVE_SYS_SOCKET_H 1
| #define HAVE_NET_IF_H 1
| #define HAVE___ATTRIBUTE__ 1
| #define HAVE_SOCKADDR_SA_LEN 1
| #define HAVE_SNPRINTF 1
| #define HAVE_VSNPRINTF 1
| #define HAVE_NANOSLEEP 1
| #define HAVE_STRERROR 1
| #define HAVE_STRCASESTR 1
| #define HAVE_STRCASECMP 1
| #define HAVE_STRNCASECMP 1
| #define HAVE_SIGNAL 1
| #define HAVE_VSNPRINTF 1
| #define HAVE_SNPRINTF 1
| #define HAVE_ASPRINTF 1
| #define HAVE_VASPRINTF 1
| /* end confdefs.h.  */
| /* Define vasnprintf to an innocuous variant, in case <limits.h> declares vasnprintf.
|    For example, HP-UX 11i <limits.h> declares gettimeofday.  */
| #define vasnprintf innocuous_vasnprintf
| 
| /* System header to define __stub macros and hopefully few prototypes,
|     which can conflict with char vasnprintf (); below.
|     Prefer <limits.h> to <assert.h> if __STDC__ is defined, since
|     <limits.h> exists even on freestanding compilers.  */
| 
| #ifdef __STDC__
| # include <limits.h>
| #else
| # include <assert.h>
| #endif
| 
| #undef vasnprintf
| 
| /* Override any GCC internal prototype to avoid an error.
|    Use char because int might match the return type of a GCC
|    builtin and then its argument prototype would still apply.  */
| #ifdef __cplusplus
| extern "C"
| #endif
| char vasnprintf ();
| /* The GNU C library defines this for functions which it implements
|     to always fail with ENOSYS.  Some functions are actually named
|     something starting with __ and the normal name is an alias.  */
| #if defined __stub_vasnprintf || defined __stub___vasnprintf
| choke me
| #endif
| 
| int
| main ()
| {
| return vasnprintf ();
|   ;
|   return 0;
| }
configure:4225: result: no
configure:4248: checking for getopt
configure:4248: gcc -o conftest -g -O2 -Wall    conftest.c  >&5
configure:4248: $? = 0
configure:4248: result: yes
configure:4248: checking for getopt_long_only
configure:4248: gcc -o conftest -g -O2 -Wall    conftest.c  >&5
configure:4248: $? = 0
configure:4248: result: yes
configure:4261: checking for usleep
configure:4261: gcc -o conftest -g -O2 -Wall    conftest.c  >&5
configure:4261: $? = 0
configure:4261: result: yes
configure:4261: checking for gettimeofday
configure:4261: gcc -o conftest -g -O2 -Wall    conftest.c  >&5
configure:4261: $? = 0
configure:4261: result: yes
configure:4261: checking for sleep
configure:4261: gcc -o conftest -g -O2 -Wall    conftest.c  >&5
configure:4261: $? = 0
configure:4261: result: yes
configure:4261: checking for localtime_s
configure:4261: gcc -o conftest -g -O2 -Wall    conftest.c  >&5
Undefined symbols for architecture x86_64:
  "_localtime_s", referenced from:
      _main in conftest-e42e8b.o
ld: symbol(s) not found for architecture x86_64
clang: error: linker command failed with exit code 1 (use -v to see invocation)
configure:4261: $? = 1
configure: failed program was:
| /* confdefs.h */
| #define PACKAGE_NAME ""
| #define PACKAGE_TARNAME ""
| #define PACKAGE_VERSION ""
| #define PACKAGE_STRING ""
| #define PACKAGE_BUGREPORT ""
| #define PACKAGE_URL ""
| #define STDC_HEADERS 1
| #define HAVE_SYS_TYPES_H 1
| #define HAVE_SYS_STAT_H 1
| #define HAVE_STDLIB_H 1
| #define HAVE_STRING_H 1
| #define HAVE_MEMORY_H 1
| #define HAVE_STRINGS_H 1
| #define HAVE_INTTYPES_H 1
| #define HAVE_STDINT_H 1
| #define HAVE_UNISTD_H 1
| #define HAVE_STRING_H 1
| #define HAVE_GETOPT_H 1
| #define HAVE_STRINGS_H 1
| #define HAVE_SYS_PARAM_H 1
| #define HAVE_SYS_TIME_H 1
| #define HAVE_UNISTD_H 1
| #define HAVE_ERRNO_H 1
| #define HAVE_SYS_SELECT_H 1
| #define HAVE_SYS_TYPES_H 1
| #define HAVE_SYS_SOCKET_H 1
| #define HAVE_NETINET_IN_H 1
| #define HAVE_ARPA_INET_H 1
| #define HAVE_SYS_STAT_H 1
| #define HAVE_NETDB_H 1
| #define HAVE_SYS_WAIT_H 1
| #define HAVE_FCNTL_H 1
| #define HAVE_SYS_RESOURCE_H 1
| #define HAVE_INTTYPES_H 1
| #define HAVE_MACH_O_DYLD_H 1
| #define TIME_WITH_SYS_TIME 1
| #define HAVE_SYS_SOCKET_H 1
| #define HAVE_NET_IF_H 1
| #define HAVE___ATTRIBUTE__ 1
| #define HAVE_SOCKADDR_SA_LEN 1
| #define HAVE_SNPRINTF 1
| #define HAVE_VSNPRINTF 1
| #define HAVE_NANOSLEEP 1
| #define HAVE_STRERROR 1
| #define HAVE_STRCASESTR 1
| #define HAVE_STRCASECMP 1
| #define HAVE_STRNCASECMP 1
| #define HAVE_SIGNAL 1
| #define HAVE_VSNPRINTF 1
| #define HAVE_SNPRINTF 1
| #define HAVE_ASPRINTF 1
| #define HAVE_VASPRINTF 1
| #define HAVE_GETOPT 1
| #define HAVE_GETOPT_LONG_ONLY 1
| #define HAVE_USLEEP 1
| #define HAVE_GETTIMEOFDAY 1
| #define HAVE_SLEEP 1
| /* end confdefs.h.  */
| /* Define localtime_s to an innocuous variant, in case <limits.h> declares localtime_s.
|    For example, HP-UX 11i <limits.h> declares gettimeofday.  */
| #define localtime_s innocuous_localtime_s
| 
| /* System header to define __stub macros and hopefully few prototypes,
|     which can conflict with char localtime_s (); below.
|     Prefer <limits.h> to <assert.h> if __STDC__ is defined, since
|     <limits.h> exists even on freestanding compilers.  */
| 
| #ifdef __STDC__
| # include <limits.h>
| #else
| # include <assert.h>
| #endif
| 
| #undef localtime_s
| 
| /* Override any GCC internal prototype to avoid an error.
|    Use char because int might match the return type of a GCC
|    builtin and then its argument prototype would still apply.  */
| #ifdef __cplusplus
| extern "C"
| #endif
| char localtime_s ();
| /* The GNU C library defines this for functions which it implements
|     to always fail with ENOSYS.  Some functions are actually named
|     something starting with __ and the normal name is an alias.  */
| #if defined __stub_localtime_s || defined __stub___localtime_s
| choke me
| #endif
| 
| int
| main ()
| {
| return localtime_s ();
|   ;
|   return 0;
| }
configure:4261: result: no
configure:4261: checking for localtime_r
configure:4261: gcc -o conftest -g -O2 -Wall    conftest.c  >&5
configure:4261: $? = 0
configure:4261: result: yes
configure:4277: checking for getopt_long_only
configure:4277: result: yes
configure:4293: checking for strcasecmp
configure:4293: result: yes
configure:4293: checking for strncasecmp
configure:4293: result: yes
configure:4353: checking for library containing getaddrinfo
configure:4384: gcc -o conftest -g -O2 -Wall    conftest.c  >&5
configure:4384: $? = 0
configure:4401: result: none required
configure:4409: checking for library containing gai_strerror
configure:4440: gcc -o conftest -g -O2 -Wall    conftest.c  >&5
configure:4440: $? = 0
configure:4457: result: none required
configure:4465: checking for library containing getnameinfo
configure:4496: gcc -o conftest -g -O2 -Wall    conftest.c  >&5
configure:4496: $? = 0
configure:4513: result: none required
configure:4521: checking for library containing inet_ntop
configure:4552: gcc -o conftest -g -O2 -Wall    conftest.c  >&5
configure:4552: $? = 0
configure:4569: result: none required
configure:4585: checking for library containing inet_pton
configure:4616: gcc -o conftest -g -O2 -Wall    conftest.c  >&5
configure:4616: $? = 0
configure:4633: result: none required
configure:4652: checking for gai_strerror
configure:4652: gcc -o conftest -g -O2 -Wall    conftest.c  >&5
configure:4652: $? = 0
configure:4652: result: yes
configure:4652: checking for inet_pton
configure:4652: gcc -o conftest -g -O2 -Wall    conftest.c  >&5
configure:4652: $? = 0
configure:4652: result: yes
configure:4652: checking for inet_ntop
configure:4652: gcc -o conftest -g -O2 -Wall    conftest.c  >&5
configure:4652: $? = 0
configure:4652: result: yes
configure:4662: checking for working getaddrinfo
configure:4707: gcc -o conftest -g -O2 -Wall    conftest.c  >&5
configure:4707: $? = 0
configure:4707: ./conftest
configure:4707: $? = 0
configure:4721: result: yes
configure:4734: checking for library containing inet_addr
configure:4765: gcc -o conftest -g -O2 -Wall    conftest.c  >&5
configure:4765: $? = 0
configure:4782: result: none required
configure:4791: checking for working getnameinfo
configure:4847: gcc -o conftest -g -O2 -Wall    conftest.c  >&5
configure:4847: $? = 0
configure:4847: ./conftest
configure:4847: $? = 0
configure:4861: result: yes
configure:4870: checking for sockaddr_in6
configure:4896: gcc -c -g -O2 -Wall   conftest.c >&5
conftest.c:80:21: warning: unused variable 'sa' [-Wunused-variable]
struct sockaddr_in6 sa;
                    ^
1 warning generated.
configure:4896: $? = 0
configure:4908: result: yes
configure:4921: checking for sockaddr_storage
configure:4950: gcc -c -g -O2 -Wall   conftest.c >&5
conftest.c:84:25: warning: unused variable 'sa' [-Wunused-variable]
struct sockaddr_storage sa;
                        ^
1 warning generated.
configure:4950: $? = 0
configure:4962: result: yes
configure:4975: checking for AF_INET6 definition
configure:5004: gcc -c -g -O2 -Wall   conftest.c >&5
conftest.c:85:5: warning: unused variable 'af' [-Wunused-variable]
int af = AF_INET6;
    ^
1 warning generated.
configure:5004: $? = 0
configure:5016: result: yes
configure:5029: checking for IPv6 support
configure:5040: result: yes
configure:5262: checking for /proc/self/exe
configure:5275: result: no
configure:5416: creating ./config.status

## ---------------------- ##
## Running config.status. ##
## ---------------------- ##

This file was extended by config.status, which was
generated by GNU Autoconf 2.69.  Invocation command line was

  CONFIG_FILES    = 
  CONFIG_HEADERS  = 
  CONFIG_LINKS    = 
  CONFIG_COMMANDS = 
  $ ./config.status 

on localhost.local

config.status:863: creating Makefile
config.status:863: creating nbase_config.h
config.status:1033: nbase_config.h is unchanged

## ---------------- ##
## Cache variables. ##
## ---------------- ##

ac_cv___attribute__=yes
ac_cv_build=x86_64-apple-darwin19.6.0
ac_cv_c_bigendian=no
ac_cv_c_compiler_gnu=yes
ac_cv_c_inline=inline
ac_cv_c_int16_t=yes
ac_cv_c_int32_t=yes
ac_cv_c_int64_t=yes
ac_cv_c_int8_t=yes
ac_cv_c_uint16_t=yes
ac_cv_c_uint32_t=yes
ac_cv_c_uint64_t=yes
ac_cv_c_uint8_t=yes
ac_cv_define_af_inet6=yes
ac_cv_define_sockaddr_in6=yes
ac_cv_define_sockaddr_storage=yes
ac_cv_env_CC_set=
ac_cv_env_CC_value=
ac_cv_env_CFLAGS_set=
ac_cv_env_CFLAGS_value=
ac_cv_env_CPPFLAGS_set=
ac_cv_env_CPPFLAGS_value=
ac_cv_env_CPP_set=
ac_cv_env_CPP_value=
ac_cv_env_LDFLAGS_set=
ac_cv_env_LDFLAGS_value=
ac_cv_env_LIBS_set=
ac_cv_env_LIBS_value=
ac_cv_env_build_alias_set=
ac_cv_env_build_alias_value=
ac_cv_env_host_alias_set=
ac_cv_env_host_alias_value=
ac_cv_env_target_alias_set=
ac_cv_env_target_alias_value=
ac_cv_file__proc_self_exe=no
ac_cv_func_asnprintf=no
ac_cv_func_asprintf=yes
ac_cv_func_gai_strerror=yes
ac_cv_func_getopt=yes
ac_cv_func_getopt_long_only=yes
ac_cv_func_gettimeofday=yes
ac_cv_func_inet_ntop=yes
ac_cv_func_inet_pton=yes
ac_cv_func_localtime_r=yes
ac_cv_func_localtime_s=no
ac_cv_func_nanosleep=yes
ac_cv_func_signal=yes
ac_cv_func_sleep=yes
ac_cv_func_snprintf=yes
ac_cv_func_strcasecmp=yes
ac_cv_func_strcasestr=yes
ac_cv_func_strerror=yes
ac_cv_func_strncasecmp=yes
ac_cv_func_usleep=yes
ac_cv_func_vasnprintf=no
ac_cv_func_vasprintf=yes
ac_cv_func_vsnprintf=yes
ac_cv_header_arpa_inet_h=yes
ac_cv_header_errno_h=yes
ac_cv_header_fcntl_h=yes
ac_cv_header_getopt_h=yes
ac_cv_header_inttypes_h=yes
ac_cv_header_mach_o_dyld_h=yes
ac_cv_header_memory_h=yes
ac_cv_header_net_if_h=yes
ac_cv_header_netdb_h=yes
ac_cv_header_netinet_in_h=yes
ac_cv_header_stdc=yes
ac_cv_header_stdint_h=yes
ac_cv_header_stdlib_h=yes
ac_cv_header_string_h=yes
ac_cv_header_strings_h=yes
ac_cv_header_sys_param_h=yes
ac_cv_header_sys_resource_h=yes
ac_cv_header_sys_select_h=yes
ac_cv_header_sys_socket_h=yes
ac_cv_header_sys_stat_h=yes
ac_cv_header_sys_time_h=yes
ac_cv_header_sys_types_h=yes
ac_cv_header_sys_wait_h=yes
ac_cv_header_time=yes
ac_cv_header_unistd_h=yes
ac_cv_host=x86_64-apple-darwin19.6.0
ac_cv_objext=o
ac_cv_path_EGREP='/usr/bin/grep -E'
ac_cv_path_GREP=/usr/bin/grep
ac_cv_prog_CPP='gcc -E'
ac_cv_prog_ac_ct_CC=gcc
ac_cv_prog_ac_ct_RANLIB=ranlib
ac_cv_prog_cc_c89=
ac_cv_prog_cc_g=yes
ac_cv_search_gai_strerror='none required'
ac_cv_search_getaddrinfo='none required'
ac_cv_search_getnameinfo='none required'
ac_cv_search_inet_addr='none required'
ac_cv_search_inet_ntop='none required'
ac_cv_search_inet_pton='none required'
ac_cv_sockaddr_has_sa_len=yes
ac_cv_working_getaddrinfo=yes
ac_cv_working_getnameinfo=yes

## ----------------- ##
## Output variables. ##
## ----------------- ##

CC='gcc'
CFLAGS='-g -O2 -Wall '
CPP='gcc -E'
CPPFLAGS=''
DEFS='-DHAVE_CONFIG_H'
ECHO_C='\c'
ECHO_N=''
ECHO_T=''
EGREP='/usr/bin/grep -E'
EXEEXT=''
GREP='/usr/bin/grep'
LDFLAGS=''
LIBOBJS=' ${LIBOBJDIR}snprintf$U.o ${LIBOBJDIR}nbase_time$U.o ${LIBOBJDIR}nbase_str$U.o ${LIBOBJDIR}nbase_misc$U.o ${LIBOBJDIR}nbase_memalloc$U.o ${LIBOBJDIR}nbase_rnd$U.o ${LIBOBJDIR}nbase_addrset$U.o'
LIBS=''
LTLIBOBJS=' ${LIBOBJDIR}snprintf$U.lo ${LIBOBJDIR}nbase_time$U.lo ${LIBOBJDIR}nbase_str$U.lo ${LIBOBJDIR}nbase_misc$U.lo ${LIBOBJDIR}nbase_memalloc$U.lo ${LIBOBJDIR}nbase_rnd$U.lo ${LIBOBJDIR}nbase_addrset$U.lo'
OBJEXT='o'
PACKAGE_BUGREPORT=''
PACKAGE_NAME=''
PACKAGE_STRING=''
PACKAGE_TARNAME=''
PACKAGE_URL=''
PACKAGE_VERSION=''
PATH_SEPARATOR=':'
RANLIB='ranlib'
SHELL='/bin/sh'
ac_ct_CC='gcc'
bindir='${exec_prefix}/bin'
build='x86_64-apple-darwin19.6.0'
build_alias=''
build_cpu='x86_64'
build_os='darwin19.6.0'
build_vendor='apple'
datadir='${datarootdir}'
datarootdir='${prefix}/share'
docdir='${datarootdir}/doc/${PACKAGE}'
dvidir='${docdir}'
exec_prefix='${prefix}'
host='x86_64-apple-darwin19.6.0'
host_alias=''
host_cpu='x86_64'
host_os='darwin19.6.0'
host_vendor='apple'
htmldir='${docdir}'
includedir='${prefix}/include'
infodir='${datarootdir}/info'
libdir='${exec_prefix}/lib'
libexecdir='${exec_prefix}/libexec'
localedir='${datarootdir}/locale'
localstatedir='${prefix}/var'
mandir='${datarootdir}/man'
oldincludedir='/usr/include'
pdfdir='${docdir}'
prefix='/usr/local'
program_transform_name='s,x,x,'
psdir='${docdir}'
runstatedir='${localstatedir}/run'
sbindir='${exec_prefix}/sbin'
sharedstatedir='${prefix}/com'
sysconfdir='${prefix}/etc'
target_alias=''

## ----------- ##
## confdefs.h. ##
## ----------- ##

/* confdefs.h */
#define PACKAGE_NAME ""
#define PACKAGE_TARNAME ""
#define PACKAGE_VERSION ""
#define PACKAGE_STRING ""
#define PACKAGE_BUGREPORT ""
#define PACKAGE_URL ""
#define STDC_HEADERS 1
#define HAVE_SYS_TYPES_H 1
#define HAVE_SYS_STAT_H 1
#define HAVE_STDLIB_H 1
#define HAVE_STRING_H 1
#define HAVE_MEMORY_H 1
#define HAVE_STRINGS_H 1
#define HAVE_INTTYPES_H 1
#define HAVE_STDINT_H 1
#define HAVE_UNISTD_H 1
#define HAVE_STRING_H 1
#define HAVE_GETOPT_H 1
#define HAVE_STRINGS_H 1
#define HAVE_SYS_PARAM_H 1
#define HAVE_SYS_TIME_H 1
#define HAVE_UNISTD_H 1
#define HAVE_ERRNO_H 1
#define HAVE_SYS_SELECT_H 1
#define HAVE_SYS_TYPES_H 1
#define HAVE_SYS_SOCKET_H 1
#define HAVE_NETINET_IN_H 1
#define HAVE_ARPA_INET_H 1
#define HAVE_SYS_STAT_H 1
#define HAVE_NETDB_H 1
#define HAVE_SYS_WAIT_H 1
#define HAVE_FCNTL_H 1
#define HAVE_SYS_RESOURCE_H 1
#define HAVE_INTTYPES_H 1
#define HAVE_MACH_O_DYLD_H 1
#define TIME_WITH_SYS_TIME 1
#define HAVE_SYS_SOCKET_H 1
#define HAVE_NET_IF_H 1
#define HAVE___ATTRIBUTE__ 1
#define HAVE_SOCKADDR_SA_LEN 1
#define HAVE_SNPRINTF 1
#define HAVE_VSNPRINTF 1
#define HAVE_NANOSLEEP 1
#define HAVE_STRERROR 1
#define HAVE_STRCASESTR 1
#define HAVE_STRCASECMP 1
#define HAVE_STRNCASECMP 1
#define HAVE_SIGNAL 1
#define HAVE_VSNPRINTF 1
#define HAVE_SNPRINTF 1
#define HAVE_ASPRINTF 1
#define HAVE_VASPRINTF 1
#define HAVE_GETOPT 1
#define HAVE_GETOPT_LONG_ONLY 1
#define HAVE_USLEEP 1
#define HAVE_GETTIMEOFDAY 1
#define HAVE_SLEEP 1
#define HAVE_LOCALTIME_R 1
#define HAVE_STRCASECMP 1
#define HAVE_STRNCASECMP 1
#define HAVE_GAI_STRERROR 1
#define HAVE_INET_PTON 1
#define HAVE_INET_NTOP 1
#define HAVE_GETADDRINFO 1
#define HAVE_GETNAMEINFO 1
#define HAVE_SOCKADDR_IN6 1
#define HAVE_SOCKADDR_STORAGE 1
#define HAVE_AF_INET6 1
#define HAVE_IPV6 1
#define HAVE_OPENSSL 1

configure: exit 0
