This file contains any messages produced by compilers while
running configure, to aid debugging if configure makes a mistake.

It was created by configure, which was
generated by GNU Autoconf 2.69.  Invocation command line was

  $ ./configure --with-openssl=/usr/local/opt/openssl@1.1/ --with-libssl-prefix=/usr/local/Cellar/libssh2/1.9.0_1

## --------- ##
## Platform. ##
## --------- ##

hostname = localhost.local
uname -m = x86_64
uname -r = 19.6.0
uname -s = Darwin
uname -v = Darwin Kernel Version 19.6.0: Tue Nov 10 00:10:30 PST 2020; root:xnu-6153.141.10~1/RELEASE_X86_64

/usr/bin/uname -p = i386
/bin/uname -X     = unknown

/bin/arch              = unknown
/usr/bin/arch -k       = unknown
/usr/convex/getsysinfo = unknown
/usr/bin/hostinfo      = Mach kernel version:
	 Darwin Kernel Version 19.6.0: Tue Nov 10 00:10:30 PST 2020; root:xnu-6153.141.10~1/RELEASE_X86_64
Kernel configured for up to 16 processors.
8 processors are physically available.
16 processors are logically available.
Processor type: x86_64h (Intel x86-64h Haswell)
Processors active: 0 1 2 3 4 5 6 7 8 9 10 11 12 13 14 15
Primary memory available: 16.00 gigabytes
Default processor set: 481 tasks, 2360 threads, 16 processors
Load average: 1.59, Mach factor: 14.40
/bin/machine           = unknown
/usr/bin/oslevel       = unknown
/bin/universe          = unknown

PATH: /usr/local/opt/openssl@1.1/bin
PATH: /Users/cyan/.pyenv/shims
PATH: /Users/cyan/go/bin
PATH: /usr/local/bin
PATH: /usr/bin
PATH: /bin
PATH: /usr/sbin
PATH: /sbin


## ----------- ##
## Core tests. ##
## ----------- ##

configure:2359: checking whether NLS is requested
configure:2368: result: yes
configure:2458: checking build system type
configure:2472: result: x86_64-apple-darwin19.6.0
configure:2492: checking host system type
configure:2505: result: x86_64-apple-darwin19.6.0
configure:2573: checking for gcc
configure:2589: found /usr/bin/gcc
configure:2600: result: gcc
configure:2829: checking for C compiler version
configure:2838: gcc --version >&5
Apple clang version 12.0.0 (clang-1200.0.32.28)
Target: x86_64-apple-darwin19.6.0
Thread model: posix
InstalledDir: /Library/Developer/CommandLineTools/usr/bin
Configured with: --prefix=/Library/Developer/CommandLineTools/usr --with-gxx-include-dir=/Library/Developer/CommandLineTools/SDKs/MacOSX10.15.sdk/usr/include/c++/4.2.1
configure:2849: $? = 0
configure:2838: gcc -v >&5
Configured with: --prefix=/Library/Developer/CommandLineTools/usr --with-gxx-include-dir=/Library/Developer/CommandLineTools/SDKs/MacOSX10.15.sdk/usr/include/c++/4.2.1
Apple clang version 12.0.0 (clang-1200.0.32.28)
Target: x86_64-apple-darwin19.6.0
Thread model: posix
InstalledDir: /Library/Developer/CommandLineTools/usr/bin
configure:2849: $? = 0
configure:2838: gcc -V >&5
clang: error: argument to '-V' is missing (expected 1 value)
clang: error: no input files
configure:2849: $? = 1
configure:2838: gcc -qversion >&5
clang: error: unknown argument '-qversion'; did you mean '--version'?
clang: error: no input files
configure:2849: $? = 1
configure:2869: checking whether the C compiler works
configure:2891: gcc    conftest.c  >&5
configure:2895: $? = 0
configure:2943: result: yes
configure:2946: checking for C compiler default output file name
configure:2948: result: a.out
configure:2954: checking for suffix of executables
configure:2961: gcc -o conftest    conftest.c  >&5
configure:2965: $? = 0
configure:2987: result: 
configure:3009: checking whether we are cross compiling
configure:3017: gcc -o conftest    conftest.c  >&5
configure:3021: $? = 0
configure:3028: ./conftest
configure:3032: $? = 0
configure:3047: result: no
configure:3052: checking for suffix of object files
configure:3074: gcc -c   conftest.c >&5
configure:3078: $? = 0
configure:3099: result: o
configure:3103: checking whether we are using the GNU C compiler
configure:3122: gcc -c   conftest.c >&5
configure:3122: $? = 0
configure:3131: result: yes
configure:3140: checking whether gcc accepts -g
configure:3160: gcc -c -g  conftest.c >&5
configure:3160: $? = 0
configure:3201: result: yes
configure:3218: checking for gcc option to accept ISO C89
configure:3281: gcc  -c -g -O2  conftest.c >&5
configure:3281: $? = 0
configure:3294: result: none needed
configure:3315: checking for inline
configure:3331: gcc -c -g -O2  conftest.c >&5
configure:3331: $? = 0
configure:3339: result: inline
configure:3406: checking for gcc
configure:3433: result: gcc
configure:3662: checking for C compiler version
configure:3671: gcc --version >&5
Apple clang version 12.0.0 (clang-1200.0.32.28)
Target: x86_64-apple-darwin19.6.0
Thread model: posix
InstalledDir: /Library/Developer/CommandLineTools/usr/bin
Configured with: --prefix=/Library/Developer/CommandLineTools/usr --with-gxx-include-dir=/Library/Developer/CommandLineTools/SDKs/MacOSX10.15.sdk/usr/include/c++/4.2.1
configure:3682: $? = 0
configure:3671: gcc -v >&5
Configured with: --prefix=/Library/Developer/CommandLineTools/usr --with-gxx-include-dir=/Library/Developer/CommandLineTools/SDKs/MacOSX10.15.sdk/usr/include/c++/4.2.1
Apple clang version 12.0.0 (clang-1200.0.32.28)
Target: x86_64-apple-darwin19.6.0
Thread model: posix
InstalledDir: /Library/Developer/CommandLineTools/usr/bin
configure:3682: $? = 0
configure:3671: gcc -V >&5
clang: error: argument to '-V' is missing (expected 1 value)
clang: error: no input files
configure:3682: $? = 1
configure:3671: gcc -qversion >&5
clang: error: unknown argument '-qversion'; did you mean '--version'?
clang: error: no input files
configure:3682: $? = 1
configure:3686: checking whether we are using the GNU C compiler
configure:3714: result: yes
configure:3723: checking whether gcc accepts -g
configure:3784: result: yes
configure:3801: checking for gcc option to accept ISO C89
configure:3877: result: none needed
configure:3955: checking for g++
configure:3971: found /usr/bin/g++
configure:3982: result: g++
configure:4009: checking for C++ compiler version
configure:4018: g++ --version >&5
Apple clang version 12.0.0 (clang-1200.0.32.28)
Target: x86_64-apple-darwin19.6.0
Thread model: posix
InstalledDir: /Library/Developer/CommandLineTools/usr/bin
Configured with: --prefix=/Library/Developer/CommandLineTools/usr --with-gxx-include-dir=/Library/Developer/CommandLineTools/SDKs/MacOSX10.15.sdk/usr/include/c++/4.2.1
configure:4029: $? = 0
configure:4018: g++ -v >&5
Configured with: --prefix=/Library/Developer/CommandLineTools/usr --with-gxx-include-dir=/Library/Developer/CommandLineTools/SDKs/MacOSX10.15.sdk/usr/include/c++/4.2.1
Apple clang version 12.0.0 (clang-1200.0.32.28)
Target: x86_64-apple-darwin19.6.0
Thread model: posix
InstalledDir: /Library/Developer/CommandLineTools/usr/bin
configure:4029: $? = 0
configure:4018: g++ -V >&5
clang: error: argument to '-V' is missing (expected 1 value)
clang: error: no input files
configure:4029: $? = 1
configure:4018: g++ -qversion >&5
clang: error: unknown argument '-qversion'; did you mean '--version'?
clang: error: no input files
configure:4029: $? = 1
configure:4033: checking whether we are using the GNU C++ compiler
configure:4052: g++ -c   conftest.cpp >&5
configure:4052: $? = 0
configure:4061: result: yes
configure:4070: checking whether g++ accepts -g
configure:4090: g++ -c -g  conftest.cpp >&5
configure:4090: $? = 0
configure:4131: result: yes
configure:4197: checking for ranlib
configure:4213: found /usr/bin/ranlib
configure:4224: result: ranlib
configure:4260: checking for a BSD-compatible install
configure:4328: result: /usr/bin/install -c
configure:4343: checking for gawk
configure:4373: result: no
configure:4343: checking for mawk
configure:4373: result: no
configure:4343: checking for nawk
configure:4373: result: no
configure:4343: checking for awk
configure:4359: found /usr/bin/awk
configure:4370: result: awk
configure:4392: checking for __func__
configure:4408: gcc -c -g -O2 -Wall  conftest.c >&5
configure:4408: $? = 0
configure:4415: result: yes
configure:4500: checking for strip
configure:4518: found /usr/bin/strip
configure:4530: result: /usr/bin/strip
configure:4853: checking for main in -lm
configure:4872: gcc -o conftest -g -O2 -Wall   conftest.c -lm   >&5
conftest.c:14:1: warning: all paths through this function will call itself [-Winfinite-recursion]
{
^
1 warning generated.
configure:4872: $? = 0
configure:4881: result: yes
configure:4904: checking how to run the C preprocessor
configure:4935: gcc -E  conftest.c
configure:4935: $? = 0
configure:4949: gcc -E  conftest.c
conftest.c:11:10: fatal error: 'ac_nonexistent.h' file not found
#include <ac_nonexistent.h>
         ^~~~~~~~~~~~~~~~~~
1 error generated.
configure:4949: $? = 1
configure: failed program was:
| /* confdefs.h */
| #define PACKAGE_NAME ""
| #define PACKAGE_TARNAME ""
| #define PACKAGE_VERSION ""
| #define PACKAGE_STRING ""
| #define PACKAGE_BUGREPORT ""
| #define PACKAGE_URL ""
| #define MACOSX 1
| #define HAVE_LIBM 1
| /* end confdefs.h.  */
| #include <ac_nonexistent.h>
configure:4974: result: gcc -E
configure:4994: gcc -E  conftest.c
configure:4994: $? = 0
configure:5008: gcc -E  conftest.c
conftest.c:11:10: fatal error: 'ac_nonexistent.h' file not found
#include <ac_nonexistent.h>
         ^~~~~~~~~~~~~~~~~~
1 error generated.
configure:5008: $? = 1
configure: failed program was:
| /* confdefs.h */
| #define PACKAGE_NAME ""
| #define PACKAGE_TARNAME ""
| #define PACKAGE_VERSION ""
| #define PACKAGE_STRING ""
| #define PACKAGE_BUGREPORT ""
| #define PACKAGE_URL ""
| #define MACOSX 1
| #define HAVE_LIBM 1
| /* end confdefs.h.  */
| #include <ac_nonexistent.h>
configure:5037: checking for grep that handles long lines and -e
configure:5095: result: /usr/bin/grep
configure:5100: checking for egrep
configure:5162: result: /usr/bin/grep -E
configure:5167: checking for ANSI C header files
configure:5187: gcc -c -g -O2 -Wall  conftest.c >&5
configure:5187: $? = 0
configure:5260: gcc -o conftest -g -O2 -Wall   conftest.c -lm  >&5
configure:5260: $? = 0
configure:5260: ./conftest
configure:5260: $? = 0
configure:5271: result: yes
configure:5284: checking for sys/types.h
configure:5284: gcc -c -g -O2 -Wall  conftest.c >&5
configure:5284: $? = 0
configure:5284: result: yes
configure:5284: checking for sys/stat.h
configure:5284: gcc -c -g -O2 -Wall  conftest.c >&5
configure:5284: $? = 0
configure:5284: result: yes
configure:5284: checking for stdlib.h
configure:5284: gcc -c -g -O2 -Wall  conftest.c >&5
configure:5284: $? = 0
configure:5284: result: yes
configure:5284: checking for string.h
configure:5284: gcc -c -g -O2 -Wall  conftest.c >&5
configure:5284: $? = 0
configure:5284: result: yes
configure:5284: checking for memory.h
configure:5284: gcc -c -g -O2 -Wall  conftest.c >&5
configure:5284: $? = 0
configure:5284: result: yes
configure:5284: checking for strings.h
configure:5284: gcc -c -g -O2 -Wall  conftest.c >&5
configure:5284: $? = 0
configure:5284: result: yes
configure:5284: checking for inttypes.h
configure:5284: gcc -c -g -O2 -Wall  conftest.c >&5
configure:5284: $? = 0
configure:5284: result: yes
configure:5284: checking for stdint.h
configure:5284: gcc -c -g -O2 -Wall  conftest.c >&5
configure:5284: $? = 0
configure:5284: result: yes
configure:5284: checking for unistd.h
configure:5284: gcc -c -g -O2 -Wall  conftest.c >&5
configure:5284: $? = 0
configure:5284: result: yes
configure:5299: checking pwd.h usability
configure:5299: gcc -c -g -O2 -Wall  conftest.c >&5
configure:5299: $? = 0
configure:5299: result: yes
configure:5299: checking pwd.h presence
configure:5299: gcc -E  conftest.c
configure:5299: $? = 0
configure:5299: result: yes
configure:5299: checking for pwd.h
configure:5299: result: yes
configure:5299: checking termios.h usability
configure:5299: gcc -c -g -O2 -Wall  conftest.c >&5
configure:5299: $? = 0
configure:5299: result: yes
configure:5299: checking termios.h presence
configure:5299: gcc -E  conftest.c
configure:5299: $? = 0
configure:5299: result: yes
configure:5299: checking for termios.h
configure:5299: result: yes
configure:5299: checking sys/sockio.h usability
configure:5299: gcc -c -g -O2 -Wall  conftest.c >&5
configure:5299: $? = 0
configure:5299: result: yes
configure:5299: checking sys/sockio.h presence
configure:5299: gcc -E  conftest.c
configure:5299: $? = 0
configure:5299: result: yes
configure:5299: checking for sys/sockio.h
configure:5299: result: yes
configure:5299: checking for stdint.h
configure:5299: result: yes
configure:5299: checking for sys/stat.h
configure:5299: result: yes
configure:5299: checking fcntl.h usability
configure:5299: gcc -c -g -O2 -Wall  conftest.c >&5
configure:5299: $? = 0
configure:5299: result: yes
configure:5299: checking fcntl.h presence
configure:5299: gcc -E  conftest.c
configure:5299: $? = 0
configure:5299: result: yes
configure:5299: checking for fcntl.h
configure:5299: result: yes
configure:5311: checking for linux/rtnetlink.h
configure:5311: gcc -c -g -O2 -Wall  conftest.c >&5
conftest.c:29:10: fatal error: 'linux/rtnetlink.h' file not found
#include <linux/rtnetlink.h>
         ^~~~~~~~~~~~~~~~~~~
1 error generated.
configure:5311: $? = 1
configure: failed program was:
| /* confdefs.h */
| #define PACKAGE_NAME ""
| #define PACKAGE_TARNAME ""
| #define PACKAGE_VERSION ""
| #define PACKAGE_STRING ""
| #define PACKAGE_BUGREPORT ""
| #define PACKAGE_URL ""
| #define MACOSX 1
| #define HAVE_LIBM 1
| #define STDC_HEADERS 1
| #define HAVE_SYS_TYPES_H 1
| #define HAVE_SYS_STAT_H 1
| #define HAVE_STDLIB_H 1
| #define HAVE_STRING_H 1
| #define HAVE_MEMORY_H 1
| #define HAVE_STRINGS_H 1
| #define HAVE_INTTYPES_H 1
| #define HAVE_STDINT_H 1
| #define HAVE_UNISTD_H 1
| #define HAVE_PWD_H 1
| #define HAVE_TERMIOS_H 1
| #define HAVE_SYS_SOCKIO_H 1
| #define HAVE_STDINT_H 1
| #define HAVE_SYS_STAT_H 1
| #define HAVE_FCNTL_H 1
| /* end confdefs.h.  */
| #include <netinet/in.h>
| 
| #include <linux/rtnetlink.h>
configure:5311: result: no
configure:5324: checking sys/socket.h usability
configure:5324: gcc -c -g -O2 -Wall  conftest.c >&5
configure:5324: $? = 0
configure:5324: result: yes
configure:5324: checking sys/socket.h presence
configure:5324: gcc -E  conftest.c
configure:5324: $? = 0
configure:5324: result: yes
configure:5324: checking for sys/socket.h
configure:5324: result: yes
configure:5336: checking for net/if.h
configure:5336: gcc -c -g -O2 -Wall  conftest.c >&5
configure:5336: $? = 0
configure:5336: result: yes
configure:5360: checking for library containing setsockopt
configure:5391: gcc -o conftest -g -O2 -Wall   conftest.c -lm  >&5
configure:5391: $? = 0
configure:5408: result: none required
configure:5416: checking for library containing gethostbyname
configure:5447: gcc -o conftest -g -O2 -Wall   conftest.c -lm  >&5
configure:5447: $? = 0
configure:5464: result: none required
configure:5474: checking if AF_INET6 IPPROTO_RAW sockets include the packet header
configure:5486: result: no
configure:5528: checking for a Python interpreter with version >= 2.4
configure:5545: python2 -c import sys # split strings by '.' and convert to numeric. Append some zeros # because we need at least 4 digits for the hex conversion. # map returns an iterator in Python 3.0 and a list in 2.x minver = list(map(int, '2.4'.split('.'))) + [0, 0, 0] minverhex = 0 # xrange is not present in Python 3.0 and range returns an iterator for i in list(range(0, 4)): minverhex = (minverhex << 8) + minver[i] sys.exit(sys.hexversion < minverhex)
configure:5548: $? = 0
configure:5554: result: python2
configure:5562: checking for python2
configure:5580: found /usr/bin/python2
configure:5592: result: /usr/bin/python2
configure:5610: checking for python2 version
configure:5617: result: 2.7
configure:5629: checking for python2 platform
configure:5636: result: darwin
configure:5662: checking for python2 script directory
configure:5697: result: ${prefix}/lib/python2.7/site-packages
configure:5706: checking for python2 extension module directory
configure:5741: result: ${exec_prefix}/lib/python2.7/site-packages
configure:6110: checking pcap.h usability
configure:6110: gcc -c -g -O2 -Wall  -I/usr/local/opt/openssl@1.1//include conftest.c >&5
configure:6110: $? = 0
configure:6110: result: yes
configure:6110: checking pcap.h presence
configure:6110: gcc -E  -I/usr/local/opt/openssl@1.1//include conftest.c
configure:6110: $? = 0
configure:6110: result: yes
configure:6110: checking for pcap.h
configure:6110: result: yes
configure:6113: checking for pcap_create in -lpcap
configure:6138: gcc -o conftest -g -O2 -Wall  -I/usr/local/opt/openssl@1.1//include  -L/usr/local/opt/openssl@1.1//lib conftest.c -lpcap  -lm  >&5
configure:6138: $? = 0
configure:6147: result: yes
configure:6241: checking sys/ioccom.h usability
configure:6241: gcc -c -g -O2 -Wall  -I/usr/local/opt/openssl@1.1//include conftest.c >&5
configure:6241: $? = 0
configure:6241: result: yes
configure:6241: checking sys/ioccom.h presence
configure:6241: gcc -E  -I/usr/local/opt/openssl@1.1//include conftest.c
configure:6241: $? = 0
configure:6241: result: yes
configure:6241: checking for sys/ioccom.h
configure:6241: result: yes
configure:6241: checking sys/time.h usability
configure:6241: gcc -c -g -O2 -Wall  -I/usr/local/opt/openssl@1.1//include conftest.c >&5
configure:6241: $? = 0
configure:6241: result: yes
configure:6241: checking sys/time.h presence
configure:6241: gcc -E  -I/usr/local/opt/openssl@1.1//include conftest.c
configure:6241: $? = 0
configure:6241: result: yes
configure:6241: checking for sys/time.h
configure:6241: result: yes
configure:6241: checking net/bpf.h usability
configure:6241: gcc -c -g -O2 -Wall  -I/usr/local/opt/openssl@1.1//include conftest.c >&5
configure:6241: $? = 0
configure:6241: result: yes
configure:6241: checking net/bpf.h presence
configure:6241: gcc -E  -I/usr/local/opt/openssl@1.1//include conftest.c
configure:6241: $? = 0
configure:6241: result: yes
configure:6241: checking for net/bpf.h
configure:6241: result: yes
configure:6251: checking if libpcap is suitable
configure:6275: gcc -o conftest -g -O2 -Wall  -I/usr/local/opt/openssl@1.1//include  -L/usr/local/opt/openssl@1.1//lib conftest.c -lm  -lpcap >&5
configure:6275: $? = 0
configure:6275: ./conftest
configure:6275: $? = 0
configure:6313: gcc -o conftest -g -O2 -Wall  -I/usr/local/opt/openssl@1.1//include  -L/usr/local/opt/openssl@1.1//lib conftest.c -lm  -lpcap >&5
configure:6313: $? = 0
configure:6313: ./conftest
configure:6313: $? = 0
configure:6315: checking whether pcap_get_selectable_fd is declared
configure:6315: gcc -c -g -O2 -Wall  -I/usr/local/opt/openssl@1.1//include conftest.c >&5
configure:6315: $? = 0
configure:6315: result: yes
configure:6318: result: yes
configure:6372: checking for pcap_set_immediate_mode
configure:6372: gcc -o conftest -g -O2 -Wall  -I/usr/local/opt/openssl@1.1//include  -L/usr/local/opt/openssl@1.1//lib conftest.c -lm  -lpcap >&5
configure:6372: $? = 0
configure:6372: result: yes
configure:6424: checking pcre.h usability
configure:6424: gcc -c -g -O2 -Wall  -I/usr/local/opt/openssl@1.1//include conftest.c >&5
configure:6424: $? = 0
configure:6424: result: yes
configure:6424: checking pcre.h presence
configure:6424: gcc -E  -I/usr/local/opt/openssl@1.1//include conftest.c
configure:6424: $? = 0
configure:6424: result: yes
configure:6424: checking for pcre.h
configure:6424: result: yes
configure:6426: checking for pcre_version in -lpcre
configure:6451: gcc -o conftest -g -O2 -Wall  -I/usr/local/opt/openssl@1.1//include  -L/usr/local/opt/openssl@1.1//lib conftest.c -lpcre  -lm  >&5
configure:6451: $? = 0
configure:6460: result: yes
configure:6535: checking pcre/pcre.h usability
configure:6535: gcc -c -g -O2 -Wall  -I/usr/local/opt/openssl@1.1//include conftest.c >&5
conftest.c:68:10: fatal error: 'pcre/pcre.h' file not found
#include <pcre/pcre.h>
         ^~~~~~~~~~~~~
1 error generated.
configure:6535: $? = 1
configure: failed program was:
| /* confdefs.h */
| #define PACKAGE_NAME ""
| #define PACKAGE_TARNAME ""
| #define PACKAGE_VERSION ""
| #define PACKAGE_STRING ""
| #define PACKAGE_BUGREPORT ""
| #define PACKAGE_URL ""
| #define MACOSX 1
| #define HAVE_LIBM 1
| #define STDC_HEADERS 1
| #define HAVE_SYS_TYPES_H 1
| #define HAVE_SYS_STAT_H 1
| #define HAVE_STDLIB_H 1
| #define HAVE_STRING_H 1
| #define HAVE_MEMORY_H 1
| #define HAVE_STRINGS_H 1
| #define HAVE_INTTYPES_H 1
| #define HAVE_STDINT_H 1
| #define HAVE_UNISTD_H 1
| #define HAVE_PWD_H 1
| #define HAVE_TERMIOS_H 1
| #define HAVE_SYS_SOCKIO_H 1
| #define HAVE_STDINT_H 1
| #define HAVE_SYS_STAT_H 1
| #define HAVE_FCNTL_H 1
| #define HAVE_SYS_SOCKET_H 1
| #define HAVE_NET_IF_H 1
| #define HAVE_OPENSSL 1
| #define HAVE_SYS_IOCCOM_H 1
| #define HAVE_SYS_TIME_H 1
| #define HAVE_NET_BPF_H 1
| #define HAVE_PCAP_SET_IMMEDIATE_MODE 1
| #define HAVE_LIBPCAP 1
| /* end confdefs.h.  */
| #include <stdio.h>
| #ifdef HAVE_SYS_TYPES_H
| # include <sys/types.h>
| #endif
| #ifdef HAVE_SYS_STAT_H
| # include <sys/stat.h>
| #endif
| #ifdef STDC_HEADERS
| # include <stdlib.h>
| # include <stddef.h>
| #else
| # ifdef HAVE_STDLIB_H
| #  include <stdlib.h>
| # endif
| #endif
| #ifdef HAVE_STRING_H
| # if !defined STDC_HEADERS && defined HAVE_MEMORY_H
| #  include <memory.h>
| # endif
| # include <string.h>
| #endif
| #ifdef HAVE_STRINGS_H
| # include <strings.h>
| #endif
| #ifdef HAVE_INTTYPES_H
| # include <inttypes.h>
| #endif
| #ifdef HAVE_STDINT_H
| # include <stdint.h>
| #endif
| #ifdef HAVE_UNISTD_H
| # include <unistd.h>
| #endif
| #include <pcre/pcre.h>
configure:6535: result: no
configure:6535: checking pcre/pcre.h presence
configure:6535: gcc -E  -I/usr/local/opt/openssl@1.1//include conftest.c
conftest.c:35:10: fatal error: 'pcre/pcre.h' file not found
#include <pcre/pcre.h>
         ^~~~~~~~~~~~~
1 error generated.
configure:6535: $? = 1
configure: failed program was:
| /* confdefs.h */
| #define PACKAGE_NAME ""
| #define PACKAGE_TARNAME ""
| #define PACKAGE_VERSION ""
| #define PACKAGE_STRING ""
| #define PACKAGE_BUGREPORT ""
| #define PACKAGE_URL ""
| #define MACOSX 1
| #define HAVE_LIBM 1
| #define STDC_HEADERS 1
| #define HAVE_SYS_TYPES_H 1
| #define HAVE_SYS_STAT_H 1
| #define HAVE_STDLIB_H 1
| #define HAVE_STRING_H 1
| #define HAVE_MEMORY_H 1
| #define HAVE_STRINGS_H 1
| #define HAVE_INTTYPES_H 1
| #define HAVE_STDINT_H 1
| #define HAVE_UNISTD_H 1
| #define HAVE_PWD_H 1
| #define HAVE_TERMIOS_H 1
| #define HAVE_SYS_SOCKIO_H 1
| #define HAVE_STDINT_H 1
| #define HAVE_SYS_STAT_H 1
| #define HAVE_FCNTL_H 1
| #define HAVE_SYS_SOCKET_H 1
| #define HAVE_NET_IF_H 1
| #define HAVE_OPENSSL 1
| #define HAVE_SYS_IOCCOM_H 1
| #define HAVE_SYS_TIME_H 1
| #define HAVE_NET_BPF_H 1
| #define HAVE_PCAP_SET_IMMEDIATE_MODE 1
| #define HAVE_LIBPCAP 1
| /* end confdefs.h.  */
| #include <pcre/pcre.h>
configure:6535: result: no
configure:6535: checking for pcre/pcre.h
configure:6535: result: no
configure:6650: checking zlib.h usability
configure:6650: gcc -c -g -O2 -Wall  -I/usr/local/opt/openssl@1.1//include conftest.c >&5
configure:6650: $? = 0
configure:6650: result: yes
configure:6650: checking zlib.h presence
configure:6650: gcc -E  -I/usr/local/opt/openssl@1.1//include conftest.c
configure:6650: $? = 0
configure:6650: result: yes
configure:6650: checking for zlib.h
configure:6650: result: yes
configure:6653: checking for gzread in -lz
configure:6678: gcc -o conftest -g -O2 -Wall  -I/usr/local/opt/openssl@1.1//include  -L/usr/local/opt/openssl@1.1//lib conftest.c -lz -lm -lm  >&5
configure:6678: $? = 0
configure:6687: result: yes
configure:6827: checking libssh2.h usability
configure:6827: gcc -c -g -O2 -Wall  -I/usr/local/opt/openssl@1.1//include conftest.c >&5
configure:6827: $? = 0
configure:6827: result: yes
configure:6827: checking libssh2.h presence
configure:6827: gcc -E  -I/usr/local/opt/openssl@1.1//include conftest.c
configure:6827: $? = 0
configure:6827: result: yes
configure:6827: checking for libssh2.h
configure:6827: result: yes
configure:6830: checking for libssh2_version in -lssh2
configure:6855: gcc -o conftest -g -O2 -Wall  -I/usr/local/opt/openssl@1.1//include  -L/usr/local/opt/openssl@1.1//lib conftest.c -lssh2 -lm -lm  >&5
configure:6855: $? = 0
configure:6864: result: yes
configure:7003: checking for library containing dlopen
configure:7034: gcc -o conftest -g -O2 -Wall -I$(top_srcdir)/libdnet-stripped/include  -I/usr/local/opt/openssl@1.1//include  -L/usr/local/opt/openssl@1.1//lib conftest.c -lm  >&5
configure:7034: $? = 0
configure:7051: result: none required
configure:7078: checking lua5.3/lua.h usability
configure:7078: gcc -c -g -O2 -Wall -I$(top_srcdir)/libdnet-stripped/include  -I/usr/local/opt/openssl@1.1//include conftest.c >&5
conftest.c:71:10: fatal error: 'lua5.3/lua.h' file not found
#include <lua5.3/lua.h>
         ^~~~~~~~~~~~~~
1 error generated.
configure:7078: $? = 1
configure: failed program was:
| /* confdefs.h */
| #define PACKAGE_NAME ""
| #define PACKAGE_TARNAME ""
| #define PACKAGE_VERSION ""
| #define PACKAGE_STRING ""
| #define PACKAGE_BUGREPORT ""
| #define PACKAGE_URL ""
| #define MACOSX 1
| #define HAVE_LIBM 1
| #define STDC_HEADERS 1
| #define HAVE_SYS_TYPES_H 1
| #define HAVE_SYS_STAT_H 1
| #define HAVE_STDLIB_H 1
| #define HAVE_STRING_H 1
| #define HAVE_MEMORY_H 1
| #define HAVE_STRINGS_H 1
| #define HAVE_INTTYPES_H 1
| #define HAVE_STDINT_H 1
| #define HAVE_UNISTD_H 1
| #define HAVE_PWD_H 1
| #define HAVE_TERMIOS_H 1
| #define HAVE_SYS_SOCKIO_H 1
| #define HAVE_STDINT_H 1
| #define HAVE_SYS_STAT_H 1
| #define HAVE_FCNTL_H 1
| #define HAVE_SYS_SOCKET_H 1
| #define HAVE_NET_IF_H 1
| #define HAVE_OPENSSL 1
| #define HAVE_SYS_IOCCOM_H 1
| #define HAVE_SYS_TIME_H 1
| #define HAVE_NET_BPF_H 1
| #define HAVE_PCAP_SET_IMMEDIATE_MODE 1
| #define HAVE_LIBPCAP 1
| #define HAVE_LIBZ 1
| #define HAVE_LIBSSH2 1
| #define DNET_INCLUDED 1
| /* end confdefs.h.  */
| #include <stdio.h>
| #ifdef HAVE_SYS_TYPES_H
| # include <sys/types.h>
| #endif
| #ifdef HAVE_SYS_STAT_H
| # include <sys/stat.h>
| #endif
| #ifdef STDC_HEADERS
| # include <stdlib.h>
| # include <stddef.h>
| #else
| # ifdef HAVE_STDLIB_H
| #  include <stdlib.h>
| # endif
| #endif
| #ifdef HAVE_STRING_H
| # if !defined STDC_HEADERS && defined HAVE_MEMORY_H
| #  include <memory.h>
| # endif
| # include <string.h>
| #endif
| #ifdef HAVE_STRINGS_H
| # include <strings.h>
| #endif
| #ifdef HAVE_INTTYPES_H
| # include <inttypes.h>
| #endif
| #ifdef HAVE_STDINT_H
| # include <stdint.h>
| #endif
| #ifdef HAVE_UNISTD_H
| # include <unistd.h>
| #endif
| #include <lua5.3/lua.h>
configure:7078: result: no
configure:7078: checking lua5.3/lua.h presence
configure:7078: gcc -E -I$(top_srcdir)/libdnet-stripped/include  -I/usr/local/opt/openssl@1.1//include conftest.c
conftest.c:38:10: fatal error: 'lua5.3/lua.h' file not found
#include <lua5.3/lua.h>
         ^~~~~~~~~~~~~~
1 error generated.
configure:7078: $? = 1
configure: failed program was:
| /* confdefs.h */
| #define PACKAGE_NAME ""
| #define PACKAGE_TARNAME ""
| #define PACKAGE_VERSION ""
| #define PACKAGE_STRING ""
| #define PACKAGE_BUGREPORT ""
| #define PACKAGE_URL ""
| #define MACOSX 1
| #define HAVE_LIBM 1
| #define STDC_HEADERS 1
| #define HAVE_SYS_TYPES_H 1
| #define HAVE_SYS_STAT_H 1
| #define HAVE_STDLIB_H 1
| #define HAVE_STRING_H 1
| #define HAVE_MEMORY_H 1
| #define HAVE_STRINGS_H 1
| #define HAVE_INTTYPES_H 1
| #define HAVE_STDINT_H 1
| #define HAVE_UNISTD_H 1
| #define HAVE_PWD_H 1
| #define HAVE_TERMIOS_H 1
| #define HAVE_SYS_SOCKIO_H 1
| #define HAVE_STDINT_H 1
| #define HAVE_SYS_STAT_H 1
| #define HAVE_FCNTL_H 1
| #define HAVE_SYS_SOCKET_H 1
| #define HAVE_NET_IF_H 1
| #define HAVE_OPENSSL 1
| #define HAVE_SYS_IOCCOM_H 1
| #define HAVE_SYS_TIME_H 1
| #define HAVE_NET_BPF_H 1
| #define HAVE_PCAP_SET_IMMEDIATE_MODE 1
| #define HAVE_LIBPCAP 1
| #define HAVE_LIBZ 1
| #define HAVE_LIBSSH2 1
| #define DNET_INCLUDED 1
| /* end confdefs.h.  */
| #include <lua5.3/lua.h>
configure:7078: result: no
configure:7078: checking for lua5.3/lua.h
configure:7078: result: no
configure:7078: checking lua/5.3/lua.h usability
configure:7078: gcc -c -g -O2 -Wall -I$(top_srcdir)/libdnet-stripped/include  -I/usr/local/opt/openssl@1.1//include conftest.c >&5
conftest.c:71:10: fatal error: 'lua/5.3/lua.h' file not found
#include <lua/5.3/lua.h>
         ^~~~~~~~~~~~~~~
1 error generated.
configure:7078: $? = 1
configure: failed program was:
| /* confdefs.h */
| #define PACKAGE_NAME ""
| #define PACKAGE_TARNAME ""
| #define PACKAGE_VERSION ""
| #define PACKAGE_STRING ""
| #define PACKAGE_BUGREPORT ""
| #define PACKAGE_URL ""
| #define MACOSX 1
| #define HAVE_LIBM 1
| #define STDC_HEADERS 1
| #define HAVE_SYS_TYPES_H 1
| #define HAVE_SYS_STAT_H 1
| #define HAVE_STDLIB_H 1
| #define HAVE_STRING_H 1
| #define HAVE_MEMORY_H 1
| #define HAVE_STRINGS_H 1
| #define HAVE_INTTYPES_H 1
| #define HAVE_STDINT_H 1
| #define HAVE_UNISTD_H 1
| #define HAVE_PWD_H 1
| #define HAVE_TERMIOS_H 1
| #define HAVE_SYS_SOCKIO_H 1
| #define HAVE_STDINT_H 1
| #define HAVE_SYS_STAT_H 1
| #define HAVE_FCNTL_H 1
| #define HAVE_SYS_SOCKET_H 1
| #define HAVE_NET_IF_H 1
| #define HAVE_OPENSSL 1
| #define HAVE_SYS_IOCCOM_H 1
| #define HAVE_SYS_TIME_H 1
| #define HAVE_NET_BPF_H 1
| #define HAVE_PCAP_SET_IMMEDIATE_MODE 1
| #define HAVE_LIBPCAP 1
| #define HAVE_LIBZ 1
| #define HAVE_LIBSSH2 1
| #define DNET_INCLUDED 1
| /* end confdefs.h.  */
| #include <stdio.h>
| #ifdef HAVE_SYS_TYPES_H
| # include <sys/types.h>
| #endif
| #ifdef HAVE_SYS_STAT_H
| # include <sys/stat.h>
| #endif
| #ifdef STDC_HEADERS
| # include <stdlib.h>
| # include <stddef.h>
| #else
| # ifdef HAVE_STDLIB_H
| #  include <stdlib.h>
| # endif
| #endif
| #ifdef HAVE_STRING_H
| # if !defined STDC_HEADERS && defined HAVE_MEMORY_H
| #  include <memory.h>
| # endif
| # include <string.h>
| #endif
| #ifdef HAVE_STRINGS_H
| # include <strings.h>
| #endif
| #ifdef HAVE_INTTYPES_H
| # include <inttypes.h>
| #endif
| #ifdef HAVE_STDINT_H
| # include <stdint.h>
| #endif
| #ifdef HAVE_UNISTD_H
| # include <unistd.h>
| #endif
| #include <lua/5.3/lua.h>
configure:7078: result: no
configure:7078: checking lua/5.3/lua.h presence
configure:7078: gcc -E -I$(top_srcdir)/libdnet-stripped/include  -I/usr/local/opt/openssl@1.1//include conftest.c
conftest.c:38:10: fatal error: 'lua/5.3/lua.h' file not found
#include <lua/5.3/lua.h>
         ^~~~~~~~~~~~~~~
1 error generated.
configure:7078: $? = 1
configure: failed program was:
| /* confdefs.h */
| #define PACKAGE_NAME ""
| #define PACKAGE_TARNAME ""
| #define PACKAGE_VERSION ""
| #define PACKAGE_STRING ""
| #define PACKAGE_BUGREPORT ""
| #define PACKAGE_URL ""
| #define MACOSX 1
| #define HAVE_LIBM 1
| #define STDC_HEADERS 1
| #define HAVE_SYS_TYPES_H 1
| #define HAVE_SYS_STAT_H 1
| #define HAVE_STDLIB_H 1
| #define HAVE_STRING_H 1
| #define HAVE_MEMORY_H 1
| #define HAVE_STRINGS_H 1
| #define HAVE_INTTYPES_H 1
| #define HAVE_STDINT_H 1
| #define HAVE_UNISTD_H 1
| #define HAVE_PWD_H 1
| #define HAVE_TERMIOS_H 1
| #define HAVE_SYS_SOCKIO_H 1
| #define HAVE_STDINT_H 1
| #define HAVE_SYS_STAT_H 1
| #define HAVE_FCNTL_H 1
| #define HAVE_SYS_SOCKET_H 1
| #define HAVE_NET_IF_H 1
| #define HAVE_OPENSSL 1
| #define HAVE_SYS_IOCCOM_H 1
| #define HAVE_SYS_TIME_H 1
| #define HAVE_NET_BPF_H 1
| #define HAVE_PCAP_SET_IMMEDIATE_MODE 1
| #define HAVE_LIBPCAP 1
| #define HAVE_LIBZ 1
| #define HAVE_LIBSSH2 1
| #define DNET_INCLUDED 1
| /* end confdefs.h.  */
| #include <lua/5.3/lua.h>
configure:7078: result: no
configure:7078: checking for lua/5.3/lua.h
configure:7078: result: no
configure:7078: checking lua.h usability
configure:7078: gcc -c -g -O2 -Wall -I$(top_srcdir)/libdnet-stripped/include  -I/usr/local/opt/openssl@1.1//include conftest.c >&5
conftest.c:71:10: fatal error: 'lua.h' file not found
#include <lua.h>
         ^~~~~~~
1 error generated.
configure:7078: $? = 1
configure: failed program was:
| /* confdefs.h */
| #define PACKAGE_NAME ""
| #define PACKAGE_TARNAME ""
| #define PACKAGE_VERSION ""
| #define PACKAGE_STRING ""
| #define PACKAGE_BUGREPORT ""
| #define PACKAGE_URL ""
| #define MACOSX 1
| #define HAVE_LIBM 1
| #define STDC_HEADERS 1
| #define HAVE_SYS_TYPES_H 1
| #define HAVE_SYS_STAT_H 1
| #define HAVE_STDLIB_H 1
| #define HAVE_STRING_H 1
| #define HAVE_MEMORY_H 1
| #define HAVE_STRINGS_H 1
| #define HAVE_INTTYPES_H 1
| #define HAVE_STDINT_H 1
| #define HAVE_UNISTD_H 1
| #define HAVE_PWD_H 1
| #define HAVE_TERMIOS_H 1
| #define HAVE_SYS_SOCKIO_H 1
| #define HAVE_STDINT_H 1
| #define HAVE_SYS_STAT_H 1
| #define HAVE_FCNTL_H 1
| #define HAVE_SYS_SOCKET_H 1
| #define HAVE_NET_IF_H 1
| #define HAVE_OPENSSL 1
| #define HAVE_SYS_IOCCOM_H 1
| #define HAVE_SYS_TIME_H 1
| #define HAVE_NET_BPF_H 1
| #define HAVE_PCAP_SET_IMMEDIATE_MODE 1
| #define HAVE_LIBPCAP 1
| #define HAVE_LIBZ 1
| #define HAVE_LIBSSH2 1
| #define DNET_INCLUDED 1
| /* end confdefs.h.  */
| #include <stdio.h>
| #ifdef HAVE_SYS_TYPES_H
| # include <sys/types.h>
| #endif
| #ifdef HAVE_SYS_STAT_H
| # include <sys/stat.h>
| #endif
| #ifdef STDC_HEADERS
| # include <stdlib.h>
| # include <stddef.h>
| #else
| # ifdef HAVE_STDLIB_H
| #  include <stdlib.h>
| # endif
| #endif
| #ifdef HAVE_STRING_H
| # if !defined STDC_HEADERS && defined HAVE_MEMORY_H
| #  include <memory.h>
| # endif
| # include <string.h>
| #endif
| #ifdef HAVE_STRINGS_H
| # include <strings.h>
| #endif
| #ifdef HAVE_INTTYPES_H
| # include <inttypes.h>
| #endif
| #ifdef HAVE_STDINT_H
| # include <stdint.h>
| #endif
| #ifdef HAVE_UNISTD_H
| # include <unistd.h>
| #endif
| #include <lua.h>
configure:7078: result: no
configure:7078: checking lua.h presence
configure:7078: gcc -E -I$(top_srcdir)/libdnet-stripped/include  -I/usr/local/opt/openssl@1.1//include conftest.c
conftest.c:38:10: fatal error: 'lua.h' file not found
#include <lua.h>
         ^~~~~~~
1 error generated.
configure:7078: $? = 1
configure: failed program was:
| /* confdefs.h */
| #define PACKAGE_NAME ""
| #define PACKAGE_TARNAME ""
| #define PACKAGE_VERSION ""
| #define PACKAGE_STRING ""
| #define PACKAGE_BUGREPORT ""
| #define PACKAGE_URL ""
| #define MACOSX 1
| #define HAVE_LIBM 1
| #define STDC_HEADERS 1
| #define HAVE_SYS_TYPES_H 1
| #define HAVE_SYS_STAT_H 1
| #define HAVE_STDLIB_H 1
| #define HAVE_STRING_H 1
| #define HAVE_MEMORY_H 1
| #define HAVE_STRINGS_H 1
| #define HAVE_INTTYPES_H 1
| #define HAVE_STDINT_H 1
| #define HAVE_UNISTD_H 1
| #define HAVE_PWD_H 1
| #define HAVE_TERMIOS_H 1
| #define HAVE_SYS_SOCKIO_H 1
| #define HAVE_STDINT_H 1
| #define HAVE_SYS_STAT_H 1
| #define HAVE_FCNTL_H 1
| #define HAVE_SYS_SOCKET_H 1
| #define HAVE_NET_IF_H 1
| #define HAVE_OPENSSL 1
| #define HAVE_SYS_IOCCOM_H 1
| #define HAVE_SYS_TIME_H 1
| #define HAVE_NET_BPF_H 1
| #define HAVE_PCAP_SET_IMMEDIATE_MODE 1
| #define HAVE_LIBPCAP 1
| #define HAVE_LIBZ 1
| #define HAVE_LIBSSH2 1
| #define DNET_INCLUDED 1
| /* end confdefs.h.  */
| #include <lua.h>
configure:7078: result: no
configure:7078: checking for lua.h
configure:7078: result: no
configure:7078: checking lua/lua.h usability
configure:7078: gcc -c -g -O2 -Wall -I$(top_srcdir)/libdnet-stripped/include  -I/usr/local/opt/openssl@1.1//include conftest.c >&5
conftest.c:71:10: fatal error: 'lua/lua.h' file not found
#include <lua/lua.h>
         ^~~~~~~~~~~
1 error generated.
configure:7078: $? = 1
configure: failed program was:
| /* confdefs.h */
| #define PACKAGE_NAME ""
| #define PACKAGE_TARNAME ""
| #define PACKAGE_VERSION ""
| #define PACKAGE_STRING ""
| #define PACKAGE_BUGREPORT ""
| #define PACKAGE_URL ""
| #define MACOSX 1
| #define HAVE_LIBM 1
| #define STDC_HEADERS 1
| #define HAVE_SYS_TYPES_H 1
| #define HAVE_SYS_STAT_H 1
| #define HAVE_STDLIB_H 1
| #define HAVE_STRING_H 1
| #define HAVE_MEMORY_H 1
| #define HAVE_STRINGS_H 1
| #define HAVE_INTTYPES_H 1
| #define HAVE_STDINT_H 1
| #define HAVE_UNISTD_H 1
| #define HAVE_PWD_H 1
| #define HAVE_TERMIOS_H 1
| #define HAVE_SYS_SOCKIO_H 1
| #define HAVE_STDINT_H 1
| #define HAVE_SYS_STAT_H 1
| #define HAVE_FCNTL_H 1
| #define HAVE_SYS_SOCKET_H 1
| #define HAVE_NET_IF_H 1
| #define HAVE_OPENSSL 1
| #define HAVE_SYS_IOCCOM_H 1
| #define HAVE_SYS_TIME_H 1
| #define HAVE_NET_BPF_H 1
| #define HAVE_PCAP_SET_IMMEDIATE_MODE 1
| #define HAVE_LIBPCAP 1
| #define HAVE_LIBZ 1
| #define HAVE_LIBSSH2 1
| #define DNET_INCLUDED 1
| /* end confdefs.h.  */
| #include <stdio.h>
| #ifdef HAVE_SYS_TYPES_H
| # include <sys/types.h>
| #endif
| #ifdef HAVE_SYS_STAT_H
| # include <sys/stat.h>
| #endif
| #ifdef STDC_HEADERS
| # include <stdlib.h>
| # include <stddef.h>
| #else
| # ifdef HAVE_STDLIB_H
| #  include <stdlib.h>
| # endif
| #endif
| #ifdef HAVE_STRING_H
| # if !defined STDC_HEADERS && defined HAVE_MEMORY_H
| #  include <memory.h>
| # endif
| # include <string.h>
| #endif
| #ifdef HAVE_STRINGS_H
| # include <strings.h>
| #endif
| #ifdef HAVE_INTTYPES_H
| # include <inttypes.h>
| #endif
| #ifdef HAVE_STDINT_H
| # include <stdint.h>
| #endif
| #ifdef HAVE_UNISTD_H
| # include <unistd.h>
| #endif
| #include <lua/lua.h>
configure:7078: result: no
configure:7078: checking lua/lua.h presence
configure:7078: gcc -E -I$(top_srcdir)/libdnet-stripped/include  -I/usr/local/opt/openssl@1.1//include conftest.c
conftest.c:38:10: fatal error: 'lua/lua.h' file not found
#include <lua/lua.h>
         ^~~~~~~~~~~
1 error generated.
configure:7078: $? = 1
configure: failed program was:
| /* confdefs.h */
| #define PACKAGE_NAME ""
| #define PACKAGE_TARNAME ""
| #define PACKAGE_VERSION ""
| #define PACKAGE_STRING ""
| #define PACKAGE_BUGREPORT ""
| #define PACKAGE_URL ""
| #define MACOSX 1
| #define HAVE_LIBM 1
| #define STDC_HEADERS 1
| #define HAVE_SYS_TYPES_H 1
| #define HAVE_SYS_STAT_H 1
| #define HAVE_STDLIB_H 1
| #define HAVE_STRING_H 1
| #define HAVE_MEMORY_H 1
| #define HAVE_STRINGS_H 1
| #define HAVE_INTTYPES_H 1
| #define HAVE_STDINT_H 1
| #define HAVE_UNISTD_H 1
| #define HAVE_PWD_H 1
| #define HAVE_TERMIOS_H 1
| #define HAVE_SYS_SOCKIO_H 1
| #define HAVE_STDINT_H 1
| #define HAVE_SYS_STAT_H 1
| #define HAVE_FCNTL_H 1
| #define HAVE_SYS_SOCKET_H 1
| #define HAVE_NET_IF_H 1
| #define HAVE_OPENSSL 1
| #define HAVE_SYS_IOCCOM_H 1
| #define HAVE_SYS_TIME_H 1
| #define HAVE_NET_BPF_H 1
| #define HAVE_PCAP_SET_IMMEDIATE_MODE 1
| #define HAVE_LIBPCAP 1
| #define HAVE_LIBZ 1
| #define HAVE_LIBSSH2 1
| #define DNET_INCLUDED 1
| /* end confdefs.h.  */
| #include <lua/lua.h>
configure:7078: result: no
configure:7078: checking for lua/lua.h
configure:7078: result: no
configure:7088: checking for library containing lua_isyieldable
configure:7119: gcc -o conftest -g -O2 -Wall -I$(top_srcdir)/libdnet-stripped/include  -I/usr/local/opt/openssl@1.1//include  -L/usr/local/opt/openssl@1.1//lib conftest.c -lm  >&5
Undefined symbols for architecture x86_64:
  "_lua_isyieldable", referenced from:
      _main in conftest-341e89.o
ld: symbol(s) not found for architecture x86_64
clang: error: linker command failed with exit code 1 (use -v to see invocation)
configure:7119: $? = 1
configure: failed program was:
| /* confdefs.h */
| #define PACKAGE_NAME ""
| #define PACKAGE_TARNAME ""
| #define PACKAGE_VERSION ""
| #define PACKAGE_STRING ""
| #define PACKAGE_BUGREPORT ""
| #define PACKAGE_URL ""
| #define MACOSX 1
| #define HAVE_LIBM 1
| #define STDC_HEADERS 1
| #define HAVE_SYS_TYPES_H 1
| #define HAVE_SYS_STAT_H 1
| #define HAVE_STDLIB_H 1
| #define HAVE_STRING_H 1
| #define HAVE_MEMORY_H 1
| #define HAVE_STRINGS_H 1
| #define HAVE_INTTYPES_H 1
| #define HAVE_STDINT_H 1
| #define HAVE_UNISTD_H 1
| #define HAVE_PWD_H 1
| #define HAVE_TERMIOS_H 1
| #define HAVE_SYS_SOCKIO_H 1
| #define HAVE_STDINT_H 1
| #define HAVE_SYS_STAT_H 1
| #define HAVE_FCNTL_H 1
| #define HAVE_SYS_SOCKET_H 1
| #define HAVE_NET_IF_H 1
| #define HAVE_OPENSSL 1
| #define HAVE_SYS_IOCCOM_H 1
| #define HAVE_SYS_TIME_H 1
| #define HAVE_NET_BPF_H 1
| #define HAVE_PCAP_SET_IMMEDIATE_MODE 1
| #define HAVE_LIBPCAP 1
| #define HAVE_LIBZ 1
| #define HAVE_LIBSSH2 1
| #define DNET_INCLUDED 1
| /* end confdefs.h.  */
| 
| /* Override any GCC internal prototype to avoid an error.
|    Use char because int might match the return type of a GCC
|    builtin and then its argument prototype would still apply.  */
| #ifdef __cplusplus
| extern "C"
| #endif
| char lua_isyieldable ();
| int
| main ()
| {
| return lua_isyieldable ();
|   ;
|   return 0;
| }
configure:7119: gcc -o conftest -g -O2 -Wall -I$(top_srcdir)/libdnet-stripped/include  -I/usr/local/opt/openssl@1.1//include  -L/usr/local/opt/openssl@1.1//lib conftest.c -llua5.3 -lm -lm  >&5
ld: library not found for -llua5.3
clang: error: linker command failed with exit code 1 (use -v to see invocation)
configure:7119: $? = 1
configure: failed program was:
| /* confdefs.h */
| #define PACKAGE_NAME ""
| #define PACKAGE_TARNAME ""
| #define PACKAGE_VERSION ""
| #define PACKAGE_STRING ""
| #define PACKAGE_BUGREPORT ""
| #define PACKAGE_URL ""
| #define MACOSX 1
| #define HAVE_LIBM 1
| #define STDC_HEADERS 1
| #define HAVE_SYS_TYPES_H 1
| #define HAVE_SYS_STAT_H 1
| #define HAVE_STDLIB_H 1
| #define HAVE_STRING_H 1
| #define HAVE_MEMORY_H 1
| #define HAVE_STRINGS_H 1
| #define HAVE_INTTYPES_H 1
| #define HAVE_STDINT_H 1
| #define HAVE_UNISTD_H 1
| #define HAVE_PWD_H 1
| #define HAVE_TERMIOS_H 1
| #define HAVE_SYS_SOCKIO_H 1
| #define HAVE_STDINT_H 1
| #define HAVE_SYS_STAT_H 1
| #define HAVE_FCNTL_H 1
| #define HAVE_SYS_SOCKET_H 1
| #define HAVE_NET_IF_H 1
| #define HAVE_OPENSSL 1
| #define HAVE_SYS_IOCCOM_H 1
| #define HAVE_SYS_TIME_H 1
| #define HAVE_NET_BPF_H 1
| #define HAVE_PCAP_SET_IMMEDIATE_MODE 1
| #define HAVE_LIBPCAP 1
| #define HAVE_LIBZ 1
| #define HAVE_LIBSSH2 1
| #define DNET_INCLUDED 1
| /* end confdefs.h.  */
| 
| /* Override any GCC internal prototype to avoid an error.
|    Use char because int might match the return type of a GCC
|    builtin and then its argument prototype would still apply.  */
| #ifdef __cplusplus
| extern "C"
| #endif
| char lua_isyieldable ();
| int
| main ()
| {
| return lua_isyieldable ();
|   ;
|   return 0;
| }
configure:7119: gcc -o conftest -g -O2 -Wall -I$(top_srcdir)/libdnet-stripped/include  -I/usr/local/opt/openssl@1.1//include  -L/usr/local/opt/openssl@1.1//lib conftest.c -llua53 -lm -lm  >&5
ld: library not found for -llua53
clang: error: linker command failed with exit code 1 (use -v to see invocation)
configure:7119: $? = 1
configure: failed program was:
| /* confdefs.h */
| #define PACKAGE_NAME ""
| #define PACKAGE_TARNAME ""
| #define PACKAGE_VERSION ""
| #define PACKAGE_STRING ""
| #define PACKAGE_BUGREPORT ""
| #define PACKAGE_URL ""
| #define MACOSX 1
| #define HAVE_LIBM 1
| #define STDC_HEADERS 1
| #define HAVE_SYS_TYPES_H 1
| #define HAVE_SYS_STAT_H 1
| #define HAVE_STDLIB_H 1
| #define HAVE_STRING_H 1
| #define HAVE_MEMORY_H 1
| #define HAVE_STRINGS_H 1
| #define HAVE_INTTYPES_H 1
| #define HAVE_STDINT_H 1
| #define HAVE_UNISTD_H 1
| #define HAVE_PWD_H 1
| #define HAVE_TERMIOS_H 1
| #define HAVE_SYS_SOCKIO_H 1
| #define HAVE_STDINT_H 1
| #define HAVE_SYS_STAT_H 1
| #define HAVE_FCNTL_H 1
| #define HAVE_SYS_SOCKET_H 1
| #define HAVE_NET_IF_H 1
| #define HAVE_OPENSSL 1
| #define HAVE_SYS_IOCCOM_H 1
| #define HAVE_SYS_TIME_H 1
| #define HAVE_NET_BPF_H 1
| #define HAVE_PCAP_SET_IMMEDIATE_MODE 1
| #define HAVE_LIBPCAP 1
| #define HAVE_LIBZ 1
| #define HAVE_LIBSSH2 1
| #define DNET_INCLUDED 1
| /* end confdefs.h.  */
| 
| /* Override any GCC internal prototype to avoid an error.
|    Use char because int might match the return type of a GCC
|    builtin and then its argument prototype would still apply.  */
| #ifdef __cplusplus
| extern "C"
| #endif
| char lua_isyieldable ();
| int
| main ()
| {
| return lua_isyieldable ();
|   ;
|   return 0;
| }
configure:7119: gcc -o conftest -g -O2 -Wall -I$(top_srcdir)/libdnet-stripped/include  -I/usr/local/opt/openssl@1.1//include  -L/usr/local/opt/openssl@1.1//lib conftest.c -llua -lm -lm  >&5
ld: library not found for -llua
clang: error: linker command failed with exit code 1 (use -v to see invocation)
configure:7119: $? = 1
configure: failed program was:
| /* confdefs.h */
| #define PACKAGE_NAME ""
| #define PACKAGE_TARNAME ""
| #define PACKAGE_VERSION ""
| #define PACKAGE_STRING ""
| #define PACKAGE_BUGREPORT ""
| #define PACKAGE_URL ""
| #define MACOSX 1
| #define HAVE_LIBM 1
| #define STDC_HEADERS 1
| #define HAVE_SYS_TYPES_H 1
| #define HAVE_SYS_STAT_H 1
| #define HAVE_STDLIB_H 1
| #define HAVE_STRING_H 1
| #define HAVE_MEMORY_H 1
| #define HAVE_STRINGS_H 1
| #define HAVE_INTTYPES_H 1
| #define HAVE_STDINT_H 1
| #define HAVE_UNISTD_H 1
| #define HAVE_PWD_H 1
| #define HAVE_TERMIOS_H 1
| #define HAVE_SYS_SOCKIO_H 1
| #define HAVE_STDINT_H 1
| #define HAVE_SYS_STAT_H 1
| #define HAVE_FCNTL_H 1
| #define HAVE_SYS_SOCKET_H 1
| #define HAVE_NET_IF_H 1
| #define HAVE_OPENSSL 1
| #define HAVE_SYS_IOCCOM_H 1
| #define HAVE_SYS_TIME_H 1
| #define HAVE_NET_BPF_H 1
| #define HAVE_PCAP_SET_IMMEDIATE_MODE 1
| #define HAVE_LIBPCAP 1
| #define HAVE_LIBZ 1
| #define HAVE_LIBSSH2 1
| #define DNET_INCLUDED 1
| /* end confdefs.h.  */
| 
| /* Override any GCC internal prototype to avoid an error.
|    Use char because int might match the return type of a GCC
|    builtin and then its argument prototype would still apply.  */
| #ifdef __cplusplus
| extern "C"
| #endif
| char lua_isyieldable ();
| int
| main ()
| {
| return lua_isyieldable ();
|   ;
|   return 0;
| }
configure:7136: result: no
configure:7151: checking for lua version == 503
configure:7179: gcc -E -I$(top_srcdir)/libdnet-stripped/include  -I/usr/local/opt/openssl@1.1//include conftest.c
conftest.c:50:12: error: Incorrect Lua version
          #error Incorrect Lua version
           ^
1 error generated.
configure:7179: $? = 1
configure: failed program was:
| /* confdefs.h */
| #define PACKAGE_NAME ""
| #define PACKAGE_TARNAME ""
| #define PACKAGE_VERSION ""
| #define PACKAGE_STRING ""
| #define PACKAGE_BUGREPORT ""
| #define PACKAGE_URL ""
| #define MACOSX 1
| #define HAVE_LIBM 1
| #define STDC_HEADERS 1
| #define HAVE_SYS_TYPES_H 1
| #define HAVE_SYS_STAT_H 1
| #define HAVE_STDLIB_H 1
| #define HAVE_STRING_H 1
| #define HAVE_MEMORY_H 1
| #define HAVE_STRINGS_H 1
| #define HAVE_INTTYPES_H 1
| #define HAVE_STDINT_H 1
| #define HAVE_UNISTD_H 1
| #define HAVE_PWD_H 1
| #define HAVE_TERMIOS_H 1
| #define HAVE_SYS_SOCKIO_H 1
| #define HAVE_STDINT_H 1
| #define HAVE_SYS_STAT_H 1
| #define HAVE_FCNTL_H 1
| #define HAVE_SYS_SOCKET_H 1
| #define HAVE_NET_IF_H 1
| #define HAVE_OPENSSL 1
| #define HAVE_SYS_IOCCOM_H 1
| #define HAVE_SYS_TIME_H 1
| #define HAVE_NET_BPF_H 1
| #define HAVE_PCAP_SET_IMMEDIATE_MODE 1
| #define HAVE_LIBPCAP 1
| #define HAVE_LIBZ 1
| #define HAVE_LIBSSH2 1
| #define DNET_INCLUDED 1
| /* end confdefs.h.  */
| 
|       #ifdef HAVE_LUA5_3_LUA_H
|           #include <lua5.3/lua.h>
|       #elif defined HAVE_LUA_5_3_LUA_H
|           #include <lua/5.3/lua.h>
|       #elif defined HAVE_LUA_H || defined LUA_INCLUDED
|           #include <lua.h>
|       #elif defined HAVE_LUA_LUA_H
|           #include <lua/lua.h>
|       #endif
| 
|       #if (LUA_VERSION_NUM != 503)
|           #error Incorrect Lua version
|       #endif
| 
| int
| main ()
| {
| if(LUA_VERSION_NUM != 503) return 1;
|   ;
|   return 0;
| }
| 
configure:7199: result: no
configure:7262: checking linear.h usability
configure:7262: gcc -c -g -O2 -Wall -I$(top_srcdir)/liblua -I$(top_srcdir)/libdnet-stripped/include  -I/usr/local/opt/openssl@1.1//include conftest.c >&5
conftest.c:72:10: fatal error: 'linear.h' file not found
#include <linear.h>
         ^~~~~~~~~~
1 error generated.
configure:7262: $? = 1
configure: failed program was:
| /* confdefs.h */
| #define PACKAGE_NAME ""
| #define PACKAGE_TARNAME ""
| #define PACKAGE_VERSION ""
| #define PACKAGE_STRING ""
| #define PACKAGE_BUGREPORT ""
| #define PACKAGE_URL ""
| #define MACOSX 1
| #define HAVE_LIBM 1
| #define STDC_HEADERS 1
| #define HAVE_SYS_TYPES_H 1
| #define HAVE_SYS_STAT_H 1
| #define HAVE_STDLIB_H 1
| #define HAVE_STRING_H 1
| #define HAVE_MEMORY_H 1
| #define HAVE_STRINGS_H 1
| #define HAVE_INTTYPES_H 1
| #define HAVE_STDINT_H 1
| #define HAVE_UNISTD_H 1
| #define HAVE_PWD_H 1
| #define HAVE_TERMIOS_H 1
| #define HAVE_SYS_SOCKIO_H 1
| #define HAVE_STDINT_H 1
| #define HAVE_SYS_STAT_H 1
| #define HAVE_FCNTL_H 1
| #define HAVE_SYS_SOCKET_H 1
| #define HAVE_NET_IF_H 1
| #define HAVE_OPENSSL 1
| #define HAVE_SYS_IOCCOM_H 1
| #define HAVE_SYS_TIME_H 1
| #define HAVE_NET_BPF_H 1
| #define HAVE_PCAP_SET_IMMEDIATE_MODE 1
| #define HAVE_LIBPCAP 1
| #define HAVE_LIBZ 1
| #define HAVE_LIBSSH2 1
| #define DNET_INCLUDED 1
| #define LUA_INCLUDED 1
| /* end confdefs.h.  */
| #include <stdio.h>
| #ifdef HAVE_SYS_TYPES_H
| # include <sys/types.h>
| #endif
| #ifdef HAVE_SYS_STAT_H
| # include <sys/stat.h>
| #endif
| #ifdef STDC_HEADERS
| # include <stdlib.h>
| # include <stddef.h>
| #else
| # ifdef HAVE_STDLIB_H
| #  include <stdlib.h>
| # endif
| #endif
| #ifdef HAVE_STRING_H
| # if !defined STDC_HEADERS && defined HAVE_MEMORY_H
| #  include <memory.h>
| # endif
| # include <string.h>
| #endif
| #ifdef HAVE_STRINGS_H
| # include <strings.h>
| #endif
| #ifdef HAVE_INTTYPES_H
| # include <inttypes.h>
| #endif
| #ifdef HAVE_STDINT_H
| # include <stdint.h>
| #endif
| #ifdef HAVE_UNISTD_H
| # include <unistd.h>
| #endif
| #include <linear.h>
configure:7262: result: no
configure:7262: checking linear.h presence
configure:7262: gcc -E -I$(top_srcdir)/liblua -I$(top_srcdir)/libdnet-stripped/include  -I/usr/local/opt/openssl@1.1//include conftest.c
conftest.c:39:10: fatal error: 'linear.h' file not found
#include <linear.h>
         ^~~~~~~~~~
1 error generated.
configure:7262: $? = 1
configure: failed program was:
| /* confdefs.h */
| #define PACKAGE_NAME ""
| #define PACKAGE_TARNAME ""
| #define PACKAGE_VERSION ""
| #define PACKAGE_STRING ""
| #define PACKAGE_BUGREPORT ""
| #define PACKAGE_URL ""
| #define MACOSX 1
| #define HAVE_LIBM 1
| #define STDC_HEADERS 1
| #define HAVE_SYS_TYPES_H 1
| #define HAVE_SYS_STAT_H 1
| #define HAVE_STDLIB_H 1
| #define HAVE_STRING_H 1
| #define HAVE_MEMORY_H 1
| #define HAVE_STRINGS_H 1
| #define HAVE_INTTYPES_H 1
| #define HAVE_STDINT_H 1
| #define HAVE_UNISTD_H 1
| #define HAVE_PWD_H 1
| #define HAVE_TERMIOS_H 1
| #define HAVE_SYS_SOCKIO_H 1
| #define HAVE_STDINT_H 1
| #define HAVE_SYS_STAT_H 1
| #define HAVE_FCNTL_H 1
| #define HAVE_SYS_SOCKET_H 1
| #define HAVE_NET_IF_H 1
| #define HAVE_OPENSSL 1
| #define HAVE_SYS_IOCCOM_H 1
| #define HAVE_SYS_TIME_H 1
| #define HAVE_NET_BPF_H 1
| #define HAVE_PCAP_SET_IMMEDIATE_MODE 1
| #define HAVE_LIBPCAP 1
| #define HAVE_LIBZ 1
| #define HAVE_LIBSSH2 1
| #define DNET_INCLUDED 1
| #define LUA_INCLUDED 1
| /* end confdefs.h.  */
| #include <linear.h>
configure:7262: result: no
configure:7262: checking for linear.h
configure:7262: result: no
configure:7320: result: no
configure:7343: checking whether byte ordering is bigendian
configure:7358: gcc -c -g -O2 -Wall -I$(top_srcdir)/liblinear -I$(top_srcdir)/liblua -I$(top_srcdir)/libdnet-stripped/include  -I/usr/local/opt/openssl@1.1//include conftest.c >&5
configure:7358: $? = 0
configure:7403: gcc -c -g -O2 -Wall -I$(top_srcdir)/liblinear -I$(top_srcdir)/liblua -I$(top_srcdir)/libdnet-stripped/include  -I/usr/local/opt/openssl@1.1//include conftest.c >&5
configure:7403: $? = 0
configure:7421: gcc -c -g -O2 -Wall -I$(top_srcdir)/liblinear -I$(top_srcdir)/liblua -I$(top_srcdir)/libdnet-stripped/include  -I/usr/local/opt/openssl@1.1//include conftest.c >&5
conftest.c:47:4: error: use of undeclared identifier 'not'
                 not big endian
                 ^
1 error generated.
configure:7421: $? = 1
configure: failed program was:
| /* confdefs.h */
| #define PACKAGE_NAME ""
| #define PACKAGE_TARNAME ""
| #define PACKAGE_VERSION ""
| #define PACKAGE_STRING ""
| #define PACKAGE_BUGREPORT ""
| #define PACKAGE_URL ""
| #define MACOSX 1
| #define HAVE_LIBM 1
| #define STDC_HEADERS 1
| #define HAVE_SYS_TYPES_H 1
| #define HAVE_SYS_STAT_H 1
| #define HAVE_STDLIB_H 1
| #define HAVE_STRING_H 1
| #define HAVE_MEMORY_H 1
| #define HAVE_STRINGS_H 1
| #define HAVE_INTTYPES_H 1
| #define HAVE_STDINT_H 1
| #define HAVE_UNISTD_H 1
| #define HAVE_PWD_H 1
| #define HAVE_TERMIOS_H 1
| #define HAVE_SYS_SOCKIO_H 1
| #define HAVE_STDINT_H 1
| #define HAVE_SYS_STAT_H 1
| #define HAVE_FCNTL_H 1
| #define HAVE_SYS_SOCKET_H 1
| #define HAVE_NET_IF_H 1
| #define HAVE_OPENSSL 1
| #define HAVE_SYS_IOCCOM_H 1
| #define HAVE_SYS_TIME_H 1
| #define HAVE_NET_BPF_H 1
| #define HAVE_PCAP_SET_IMMEDIATE_MODE 1
| #define HAVE_LIBPCAP 1
| #define HAVE_LIBZ 1
| #define HAVE_LIBSSH2 1
| #define DNET_INCLUDED 1
| #define LUA_INCLUDED 1
| #define LIBLINEAR_INCLUDED 1
| /* end confdefs.h.  */
| #include <sys/types.h>
| 		#include <sys/param.h>
| 
| int
| main ()
| {
| #if BYTE_ORDER != BIG_ENDIAN
| 		 not big endian
| 		#endif
| 
|   ;
|   return 0;
| }
configure:7549: result: no
configure:7568: checking if struct in_addr is a wacky huge structure (some Sun boxes)
configure:7583: gcc -c -g -O2 -Wall -I$(top_srcdir)/liblinear -I$(top_srcdir)/liblua -I$(top_srcdir)/libdnet-stripped/include  -I/usr/local/opt/openssl@1.1//include conftest.c >&5
conftest.c:44:21: error: no member named '_S_un' in 'struct in_addr'
struct in_addr i; i._S_un._S_addr;
                  ~ ^
1 error generated.
configure:7583: $? = 1
configure: failed program was:
| /* confdefs.h */
| #define PACKAGE_NAME ""
| #define PACKAGE_TARNAME ""
| #define PACKAGE_VERSION ""
| #define PACKAGE_STRING ""
| #define PACKAGE_BUGREPORT ""
| #define PACKAGE_URL ""
| #define MACOSX 1
| #define HAVE_LIBM 1
| #define STDC_HEADERS 1
| #define HAVE_SYS_TYPES_H 1
| #define HAVE_SYS_STAT_H 1
| #define HAVE_STDLIB_H 1
| #define HAVE_STRING_H 1
| #define HAVE_MEMORY_H 1
| #define HAVE_STRINGS_H 1
| #define HAVE_INTTYPES_H 1
| #define HAVE_STDINT_H 1
| #define HAVE_UNISTD_H 1
| #define HAVE_PWD_H 1
| #define HAVE_TERMIOS_H 1
| #define HAVE_SYS_SOCKIO_H 1
| #define HAVE_STDINT_H 1
| #define HAVE_SYS_STAT_H 1
| #define HAVE_FCNTL_H 1
| #define HAVE_SYS_SOCKET_H 1
| #define HAVE_NET_IF_H 1
| #define HAVE_OPENSSL 1
| #define HAVE_SYS_IOCCOM_H 1
| #define HAVE_SYS_TIME_H 1
| #define HAVE_NET_BPF_H 1
| #define HAVE_PCAP_SET_IMMEDIATE_MODE 1
| #define HAVE_LIBPCAP 1
| #define HAVE_LIBZ 1
| #define HAVE_LIBSSH2 1
| #define DNET_INCLUDED 1
| #define LUA_INCLUDED 1
| #define LIBLINEAR_INCLUDED 1
| /* end confdefs.h.  */
| #include <netinet/in.h>
| int
| main ()
| {
| struct in_addr i; i._S_un._S_addr;
|   ;
|   return 0;
| }
configure:7603: gcc -c -g -O2 -Wall -I$(top_srcdir)/liblinear -I$(top_srcdir)/liblua -I$(top_srcdir)/libdnet-stripped/include  -I/usr/local/opt/openssl@1.1//include conftest.c >&5
conftest.c:45:21: error: no member named 'S_un' in 'struct in_addr'
struct in_addr i; i.S_un.S_addr;
                  ~ ^
1 error generated.
configure:7603: $? = 1
configure: failed program was:
| /* confdefs.h */
| #define PACKAGE_NAME ""
| #define PACKAGE_TARNAME ""
| #define PACKAGE_VERSION ""
| #define PACKAGE_STRING ""
| #define PACKAGE_BUGREPORT ""
| #define PACKAGE_URL ""
| #define MACOSX 1
| #define HAVE_LIBM 1
| #define STDC_HEADERS 1
| #define HAVE_SYS_TYPES_H 1
| #define HAVE_SYS_STAT_H 1
| #define HAVE_STDLIB_H 1
| #define HAVE_STRING_H 1
| #define HAVE_MEMORY_H 1
| #define HAVE_STRINGS_H 1
| #define HAVE_INTTYPES_H 1
| #define HAVE_STDINT_H 1
| #define HAVE_UNISTD_H 1
| #define HAVE_PWD_H 1
| #define HAVE_TERMIOS_H 1
| #define HAVE_SYS_SOCKIO_H 1
| #define HAVE_STDINT_H 1
| #define HAVE_SYS_STAT_H 1
| #define HAVE_FCNTL_H 1
| #define HAVE_SYS_SOCKET_H 1
| #define HAVE_NET_IF_H 1
| #define HAVE_OPENSSL 1
| #define HAVE_SYS_IOCCOM_H 1
| #define HAVE_SYS_TIME_H 1
| #define HAVE_NET_BPF_H 1
| #define HAVE_PCAP_SET_IMMEDIATE_MODE 1
| #define HAVE_LIBPCAP 1
| #define HAVE_LIBZ 1
| #define HAVE_LIBSSH2 1
| #define DNET_INCLUDED 1
| #define LUA_INCLUDED 1
| #define LIBLINEAR_INCLUDED 1
| /* end confdefs.h.  */
| #include <sys/types.h>
| #include <netinet/in.h>
| int
| main ()
| {
| struct in_addr i; i.S_un.S_addr;
|   ;
|   return 0;
| }
configure:7611: result: no
configure:7618: checking if struct icmp exists
configure:7643: gcc -c -g -O2 -Wall -I$(top_srcdir)/liblinear -I$(top_srcdir)/liblua -I$(top_srcdir)/libdnet-stripped/include  -I/usr/local/opt/openssl@1.1//include conftest.c >&5
conftest.c:53:14: warning: unused variable 'i' [-Wunused-variable]
unsigned int i = sizeof(struct icmp)
             ^
1 warning generated.
configure:7643: $? = 0
configure:7650: result: yes
configure:7658: checking if struct ip exists
configure:7682: gcc -c -g -O2 -Wall -I$(top_srcdir)/liblinear -I$(top_srcdir)/liblua -I$(top_srcdir)/libdnet-stripped/include  -I/usr/local/opt/openssl@1.1//include conftest.c >&5
conftest.c:53:14: warning: unused variable 'i' [-Wunused-variable]
unsigned int i = sizeof(struct ip)
             ^
1 warning generated.
configure:7682: $? = 0
configure:7689: result: yes
configure:7697: checking if struct ip has ip_sum member
configure:7722: gcc -c -g -O2 -Wall -I$(top_srcdir)/liblinear -I$(top_srcdir)/liblua -I$(top_srcdir)/libdnet-stripped/include  -I/usr/local/opt/openssl@1.1//include conftest.c >&5
conftest.c:55:14: warning: unused variable 'i' [-Wunused-variable]
unsigned int i = sizeof(((struct ip *)0)->ip_sum)
             ^
1 warning generated.
configure:7722: $? = 0
configure:7729: result: yes
configure:7739: checking for strerror
configure:7739: gcc -o conftest -g -O2 -Wall -I$(top_srcdir)/liblinear -I$(top_srcdir)/liblua -I$(top_srcdir)/libdnet-stripped/include  -I/usr/local/opt/openssl@1.1//include  -L/usr/local/opt/openssl@1.1//lib conftest.c -lm  >&5
conftest.c:66:6: warning: incompatible redeclaration of library function 'strerror' [-Wincompatible-library-redeclaration]
char strerror ();
     ^
conftest.c:66:6: note: 'strerror' is a builtin with type 'char *(int)'
1 warning generated.
configure:7739: $? = 0
configure:7739: result: yes
configure:7756: checking for type of 6th argument to recvfrom()
configure:7777: g++ -c -no-cpp-precomp -g -O2 -Wall -fno-strict-aliasing -I$(top_srcdir)/liblinear -I$(top_srcdir)/liblua -I$(top_srcdir)/libdnet-stripped/include  -I/usr/local/opt/openssl@1.1//include conftest.cpp >&5
configure:7777: $? = 0
configure:7791: result: socklen_t
configure:8022: creating ./config.status

## ---------------------- ##
## Running config.status. ##
## ---------------------- ##

This file was extended by config.status, which was
generated by GNU Autoconf 2.69.  Invocation command line was

  CONFIG_FILES    = 
  CONFIG_HEADERS  = 
  CONFIG_LINKS    = 
  CONFIG_COMMANDS = 
  $ ./config.status 

on localhost.local

config.status:931: creating Makefile
config.status:931: creating libnetutil/Makefile
config.status:931: creating nmap_config.h
config.status:1106: nmap_config.h is unchanged
configure:9254: === configuring in nping (/Users/cyan/Downloads/nmap-7.91/nping)
configure:9317: running /bin/sh ./configure --disable-option-checking '--prefix=/usr/local'  '--with-openssl=/usr/local/opt/openssl@1.1/' '--with-libssl-prefix=/usr/local/Cellar/libssh2/1.9.0_1' '--with-libssl-prefix=/usr/local/opt/openssl@1.1/' --cache-file=/dev/null --srcdir=.
configure:9254: === configuring in libdnet-stripped (/Users/cyan/Downloads/nmap-7.91/libdnet-stripped)
configure:9317: running /bin/sh ./configure --disable-option-checking '--prefix=/usr/local'  '--with-openssl=/usr/local/opt/openssl@1.1/' '--with-libssl-prefix=/usr/local/Cellar/libssh2/1.9.0_1' '--with-libssl-prefix=/usr/local/opt/openssl@1.1/' --cache-file=/dev/null --srcdir=.
configure:9254: === configuring in nbase (/Users/cyan/Downloads/nmap-7.91/nbase)
configure:9317: running /bin/sh ./configure --disable-option-checking '--prefix=/usr/local'  '--with-openssl=/usr/local/opt/openssl@1.1/' '--with-libssl-prefix=/usr/local/Cellar/libssh2/1.9.0_1' '--with-libssl-prefix=/usr/local/opt/openssl@1.1/' --cache-file=/dev/null --srcdir=.
configure:9254: === configuring in nsock/src (/Users/cyan/Downloads/nmap-7.91/nsock/src)
configure:9317: running /bin/sh ./configure --disable-option-checking '--prefix=/usr/local'  '--with-openssl=/usr/local/opt/openssl@1.1/' '--with-libssl-prefix=/usr/local/Cellar/libssh2/1.9.0_1' '--with-libssl-prefix=/usr/local/opt/openssl@1.1/' --cache-file=/dev/null --srcdir=.
configure:9254: === configuring in ncat (/Users/cyan/Downloads/nmap-7.91/ncat)
configure:9317: running /bin/sh ./configure --disable-option-checking '--prefix=/usr/local'  '--with-openssl=/usr/local/opt/openssl@1.1/' '--with-libssl-prefix=/usr/local/Cellar/libssh2/1.9.0_1' '--with-libssl-prefix=/usr/local/opt/openssl@1.1/' --cache-file=/dev/null --srcdir=.

## ---------------- ##
## Cache variables. ##
## ---------------- ##

ac_cv_build=x86_64-apple-darwin19.6.0
ac_cv_c_bigendian=no
ac_cv_c_compiler_gnu=yes
ac_cv_c_inline=inline
ac_cv_cxx_compiler_gnu=yes
ac_cv_env_CCC_set=
ac_cv_env_CCC_value=
ac_cv_env_CC_set=
ac_cv_env_CC_value=
ac_cv_env_CFLAGS_set=
ac_cv_env_CFLAGS_value=
ac_cv_env_CPPFLAGS_set=
ac_cv_env_CPPFLAGS_value=
ac_cv_env_CPP_set=
ac_cv_env_CPP_value=
ac_cv_env_CXXFLAGS_set=
ac_cv_env_CXXFLAGS_value=
ac_cv_env_CXX_set=
ac_cv_env_CXX_value=
ac_cv_env_LDFLAGS_set=
ac_cv_env_LDFLAGS_value=
ac_cv_env_LIBS_set=
ac_cv_env_LIBS_value=
ac_cv_env_PYTHON_set=
ac_cv_env_PYTHON_value=
ac_cv_env_build_alias_set=
ac_cv_env_build_alias_value=
ac_cv_env_host_alias_set=
ac_cv_env_host_alias_value=
ac_cv_env_target_alias_set=
ac_cv_env_target_alias_value=
ac_cv_func_pcap_set_immediate_mode=yes
ac_cv_func_strerror=yes
ac_cv_have_decl_pcap_get_selectable_fd=yes
ac_cv_header_fcntl_h=yes
ac_cv_header_inttypes_h=yes
ac_cv_header_libssh2_h=yes
ac_cv_header_linear_h=no
ac_cv_header_linux_rtnetlink_h=no
ac_cv_header_lua5_3_lua_h=no
ac_cv_header_lua_5_3_lua_h=no
ac_cv_header_lua_h=no
ac_cv_header_lua_lua_h=no
ac_cv_header_memory_h=yes
ac_cv_header_net_bpf_h=yes
ac_cv_header_net_if_h=yes
ac_cv_header_pcap_h=yes
ac_cv_header_pcre_h=yes
ac_cv_header_pcre_pcre_h=no
ac_cv_header_pwd_h=yes
ac_cv_header_stdc=yes
ac_cv_header_stdint_h=yes
ac_cv_header_stdlib_h=yes
ac_cv_header_string_h=yes
ac_cv_header_strings_h=yes
ac_cv_header_sys_ioccom_h=yes
ac_cv_header_sys_socket_h=yes
ac_cv_header_sys_sockio_h=yes
ac_cv_header_sys_stat_h=yes
ac_cv_header_sys_time_h=yes
ac_cv_header_sys_types_h=yes
ac_cv_header_termios_h=yes
ac_cv_header_unistd_h=yes
ac_cv_header_zlib_h=yes
ac_cv_host=x86_64-apple-darwin19.6.0
ac_cv_ip_has_ip_sum=yes
ac_cv_lib_m_main=yes
ac_cv_lib_pcap_pcap_create=yes
ac_cv_lib_pcre_pcre_version=yes
ac_cv_lib_ssh2_libssh2_version=yes
ac_cv_lib_z_gzread=yes
ac_cv_objext=o
ac_cv_path_EGREP='/usr/bin/grep -E'
ac_cv_path_GREP=/usr/bin/grep
ac_cv_path_PYTHON=/usr/bin/python2
ac_cv_path_ac_pt_STRIP=/usr/bin/strip
ac_cv_path_install='/usr/bin/install -c'
ac_cv_prog_AWK=awk
ac_cv_prog_CPP='gcc -E'
ac_cv_prog_ac_ct_CC=gcc
ac_cv_prog_ac_ct_CXX=g++
ac_cv_prog_ac_ct_RANLIB=ranlib
ac_cv_prog_cc_c89=
ac_cv_prog_cc_g=yes
ac_cv_prog_cxx_g=yes
ac_cv_search_dlopen='none required'
ac_cv_search_gethostbyname='none required'
ac_cv_search_lua_isyieldable=no
ac_cv_search_setsockopt='none required'
ac_cv_struct_icmp_exists=yes
ac_cv_struct_ip_exists=yes
am_cv_pathless_PYTHON=python2
am_cv_python_platform=darwin
am_cv_python_pyexecdir='${exec_prefix}/lib/python2.7/site-packages'
am_cv_python_pythondir='${prefix}/lib/python2.7/site-packages'
am_cv_python_version=2.7

## ----------------- ##
## Output variables. ##
## ----------------- ##

AWK='awk'
BUILDNDIFF='build-ndiff'
BUILDNPING='build-nping'
BUILDZENMAP='build-zenmap'
CC='gcc'
CFLAGS='-g -O2 -Wall'
CPP='gcc -E'
CPPFLAGS='-I$(top_srcdir)/liblinear -I$(top_srcdir)/liblua -I$(top_srcdir)/libdnet-stripped/include  -I/usr/local/opt/openssl@1.1//include -I$(top_srcdir)/nbase -I$(top_srcdir)/nsock/include'
CXX='g++'
CXXFLAGS='-no-cpp-precomp -g -O2 -Wall -fno-strict-aliasing'
DEFS='-DHAVE_CONFIG_H'
DNET_BUILD='build-dnet'
DNET_CLEAN='clean-dnet'
DNET_DIST_CLEAN='distclean-dnet'
ECHO_C='\c'
ECHO_N=''
ECHO_T=''
EGREP='/usr/bin/grep -E'
EXEEXT=''
GREP='/usr/bin/grep'
INSTALLNDIFF='install-ndiff'
INSTALLNPING='install-nping'
INSTALLNSE='install-nse'
INSTALLZENMAP='install-zenmap'
INSTALL_DATA='${INSTALL} -m 644'
INSTALL_PROGRAM='${INSTALL}'
INSTALL_SCRIPT='${INSTALL}'
LDFLAGS=' -L/usr/local/opt/openssl@1.1//lib -Lnbase -Lnsock/src/'
LIBDNETDIR='libdnet-stripped'
LIBDNET_LIBS='$(top_srcdir)/libdnet-stripped/src/.libs/libdnet.a'
LIBLINEARDIR='liblinear'
LIBLINEAR_BUILD='build-liblinear'
LIBLINEAR_CLEAN='clean-liblinear'
LIBLINEAR_DIST_CLEAN='distclean-liblinear'
LIBLINEAR_LIBS='$(top_srcdir)/liblinear/liblinear.a'
LIBLUADIR='liblua'
LIBLUA_LIBS='$(top_srcdir)/liblua/liblua.a'
LIBNBASE_LIBS='-lnbase'
LIBNSOCK_LIBS='-lnsock'
LIBOBJS=''
LIBPCAP_LIBS='-lpcap'
LIBPCREDIR='libpcre'
LIBPCRE_LIBS='-lpcre'
LIBS='-lm '
LIBSSH2DIR='libssh2'
LIBSSH2_BUILD=''
LIBSSH2_CLEAN=''
LIBSSH2_DIST_CLEAN=''
LIBSSH2_LIBS='-lssh2'
LTLIBOBJS=''
LUA_BUILD='build-lua'
LUA_CFLAGS='-DLUA_USE_MACOSX'
LUA_CLEAN='clean-lua'
LUA_DIST_CLEAN='distclean-lua'
NBASEDIR='nbase'
NBASE_BUILD='build-nbase'
NCATDIR='ncat'
NCAT_BUILD='build-ncat'
NCAT_CHECK='check-ncat'
NCAT_CLEAN='clean-ncat'
NCAT_DIST_CLEAN='distclean-ncat'
NCAT_INSTALL='install-ncat'
NCAT_UNINSTALL='uninstall-ncat'
NDIFFDIR='ndiff'
NDIFF_CHECK='check-ndiff'
NDIFF_CLEAN='clean-ndiff'
NDIFF_DIST_CLEAN='distclean-ndiff'
NOLUA=''
NPINGDIR='nping'
NPING_CLEAN='clean-nping'
NPING_DIST_CLEAN='distclean-nping'
NSE_CHECK='check-nse'
NSOCKDIR='nsock'
NSOCK_BUILD='build-nsock'
NSOCK_CHECK='check-nsock'
OBJEXT='o'
OPENSSL_LIBS='-lssl -lcrypto'
PACKAGE_BUGREPORT=''
PACKAGE_NAME=''
PACKAGE_STRING=''
PACKAGE_TARNAME=''
PACKAGE_URL=''
PACKAGE_VERSION=''
PATH_SEPARATOR=':'
PCAP_BUILD=''
PCAP_CLEAN=''
PCAP_DIST_CLEAN=''
PCRE_BUILD=''
PCRE_CLEAN=''
PCRE_DIST_CLEAN=''
PYTHON='/usr/bin/python2'
PYTHON_EXEC_PREFIX='${exec_prefix}'
PYTHON_PLATFORM='darwin'
PYTHON_PREFIX='${prefix}'
PYTHON_VERSION='2.7'
RANLIB='ranlib'
SHELL='/bin/sh'
STRIP='/usr/bin/strip'
UNINSTALLNDIFF='uninstall-ndiff'
UNINSTALLNPING='uninstall-nping'
UNINSTALLZENMAP='uninstall-zenmap'
USE_NLS='yes'
ZENMAPDIR='zenmap'
ZENMAP_CHECK='check-zenmap'
ZENMAP_CLEAN='clean-zenmap'
ZENMAP_DIST_CLEAN='distclean-zenmap'
ZLIBDIR='libz'
ZLIB_BUILD=''
ZLIB_CLEAN=''
ZLIB_DIST_CLEAN=''
ZLIB_LIBS='-lz'
ac_ct_CC='gcc'
ac_ct_CXX='g++'
bindir='${exec_prefix}/bin'
build='x86_64-apple-darwin19.6.0'
build_alias=''
build_cpu='x86_64'
build_os='darwin19.6.0'
build_vendor='apple'
datadir='${datarootdir}'
datarootdir='${prefix}/share'
docdir='${datarootdir}/doc/${PACKAGE}'
dvidir='${docdir}'
exec_prefix='${prefix}'
host='x86_64-apple-darwin19.6.0'
host_alias=''
host_cpu='x86_64'
host_os='darwin19.6.0'
host_vendor='apple'
htmldir='${docdir}'
includedir='${prefix}/include'
infodir='${datarootdir}/info'
libdir='${exec_prefix}/lib'
libexecdir='${exec_prefix}/libexec'
libpcapdir='libpcap'
localedir='${datarootdir}/locale'
localstatedir='${prefix}/var'
mandir='${datarootdir}/man'
oldincludedir='/usr/include'
pcredir='libpcre'
pdfdir='${docdir}'
pkgpyexecdir='${pyexecdir}/'
pkgpythondir='${pythondir}/'
prefix='/usr/local'
program_transform_name='s,x,x,'
psdir='${docdir}'
pyexecdir='${exec_prefix}/lib/python2.7/site-packages'
pythondir='${prefix}/lib/python2.7/site-packages'
runstatedir='${localstatedir}/run'
sbindir='${exec_prefix}/sbin'
sharedstatedir='${prefix}/com'
subdirs=' nping libdnet-stripped nbase nsock/src ncat'
sysconfdir='${prefix}/etc'
target_alias=''

## ----------- ##
## confdefs.h. ##
## ----------- ##

/* confdefs.h */
#define PACKAGE_NAME ""
#define PACKAGE_TARNAME ""
#define PACKAGE_VERSION ""
#define PACKAGE_STRING ""
#define PACKAGE_BUGREPORT ""
#define PACKAGE_URL ""
#define MACOSX 1
#define HAVE_LIBM 1
#define STDC_HEADERS 1
#define HAVE_SYS_TYPES_H 1
#define HAVE_SYS_STAT_H 1
#define HAVE_STDLIB_H 1
#define HAVE_STRING_H 1
#define HAVE_MEMORY_H 1
#define HAVE_STRINGS_H 1
#define HAVE_INTTYPES_H 1
#define HAVE_STDINT_H 1
#define HAVE_UNISTD_H 1
#define HAVE_PWD_H 1
#define HAVE_TERMIOS_H 1
#define HAVE_SYS_SOCKIO_H 1
#define HAVE_STDINT_H 1
#define HAVE_SYS_STAT_H 1
#define HAVE_FCNTL_H 1
#define HAVE_SYS_SOCKET_H 1
#define HAVE_NET_IF_H 1
#define HAVE_OPENSSL 1
#define HAVE_SYS_IOCCOM_H 1
#define HAVE_SYS_TIME_H 1
#define HAVE_NET_BPF_H 1
#define HAVE_PCAP_SET_IMMEDIATE_MODE 1
#define HAVE_LIBPCAP 1
#define HAVE_LIBZ 1
#define HAVE_LIBSSH2 1
#define DNET_INCLUDED 1
#define LUA_INCLUDED 1
#define LIBLINEAR_INCLUDED 1
#define HAVE_STRUCT_ICMP 1
#define HAVE_STRUCT_IP 1
#define HAVE_IP_IP_SUM 1
#define HAVE_STRERROR 1
#define recvfrom6_t socklen_t

configure: exit 0
