This file contains any messages produced by compilers while
running configure, to aid debugging if configure makes a mistake.

It was created by libssh2 configure -, which was
generated by GNU Autoconf 2.69.  Invocation command line was

  $ ./configure --disable-option-checking --prefix=/usr/local --with-openssl=/usr/local/opt/openssl@1.1/bin --with-libssl-prefix=/usr/local/opt/openssl@1.1/bin --cache-file=/dev/null --srcdir=.

## --------- ##
## Platform. ##
## --------- ##

hostname = localhost.local
uname -m = x86_64
uname -r = 19.6.0
uname -s = Darwin
uname -v = Darwin Kernel Version 19.6.0: Tue Nov 10 00:10:30 PST 2020; root:xnu-6153.141.10~1/RELEASE_X86_64

/usr/bin/uname -p = i386
/bin/uname -X     = unknown

/bin/arch              = unknown
/usr/bin/arch -k       = unknown
/usr/convex/getsysinfo = unknown
/usr/bin/hostinfo      = Mach kernel version:
	 Darwin Kernel Version 19.6.0: Tue Nov 10 00:10:30 PST 2020; root:xnu-6153.141.10~1/RELEASE_X86_64
Kernel configured for up to 16 processors.
8 processors are physically available.
16 processors are logically available.
Processor type: x86_64h (Intel x86-64h Haswell)
Processors active: 0 1 2 3 4 5 6 7 8 9 10 11 12 13 14 15
Primary memory available: 16.00 gigabytes
Default processor set: 504 tasks, 2358 threads, 16 processors
Load average: 3.35, Mach factor: 12.64
/bin/machine           = unknown
/usr/bin/oslevel       = unknown
/bin/universe          = unknown

PATH: /Users/cyan/.pyenv/shims
PATH: /Users/cyan/go/bin
PATH: /usr/local/bin
PATH: /usr/bin
PATH: /bin
PATH: /usr/sbin
PATH: /sbin


## ----------- ##
## Core tests. ##
## ----------- ##

configure:2425: checking whether to enable maintainer-specific portions of Makefiles
configure:2434: result: no
configure:2458: checking whether make supports nested variables
configure:2475: result: yes
configure:2489: checking for sed
configure:2508: found /usr/bin/sed
configure:2521: result: /usr/bin/sed
configure:2582: checking for a BSD-compatible install
configure:2650: result: /usr/bin/install -c
configure:2661: checking whether build environment is sane
configure:2716: result: yes
configure:2867: checking for a thread-safe mkdir -p
configure:2906: result: ./install-sh -c -d
configure:2913: checking for gawk
configure:2943: result: no
configure:2913: checking for mawk
configure:2943: result: no
configure:2913: checking for nawk
configure:2943: result: no
configure:2913: checking for awk
configure:2929: found /usr/bin/awk
configure:2940: result: awk
configure:2951: checking whether make sets $(MAKE)
configure:2973: result: yes
configure:3106: checking libssh2 version
configure:3108: result: 1.9.0
configure:3119: checking build system type
configure:3133: result: x86_64-apple-darwin19.6.0
configure:3153: checking host system type
configure:3166: result: x86_64-apple-darwin19.6.0
configure:3193: autobuild project... libssh2
configure:3199: autobuild revision... 1.9.0
configure:3204: autobuild hostname... localhost.local
configure:3215: autobuild timestamp... 20210105-170010
configure:3248: checking whether make supports the include directive
configure:3263: make -f confmf.GNU && cat confinc.out
this is the am__doit target
configure:3266: $? = 0
configure:3285: result: yes (GNU style)
configure:3355: checking for gcc
configure:3371: found /usr/bin/gcc
configure:3382: result: gcc
configure:3611: checking for C compiler version
configure:3620: gcc --version >&5
Apple clang version 12.0.0 (clang-1200.0.32.28)
Target: x86_64-apple-darwin19.6.0
Thread model: posix
InstalledDir: /Library/Developer/CommandLineTools/usr/bin
Configured with: --prefix=/Library/Developer/CommandLineTools/usr --with-gxx-include-dir=/Library/Developer/CommandLineTools/SDKs/MacOSX10.15.sdk/usr/include/c++/4.2.1
configure:3631: $? = 0
configure:3620: gcc -v >&5
Configured with: --prefix=/Library/Developer/CommandLineTools/usr --with-gxx-include-dir=/Library/Developer/CommandLineTools/SDKs/MacOSX10.15.sdk/usr/include/c++/4.2.1
Apple clang version 12.0.0 (clang-1200.0.32.28)
Target: x86_64-apple-darwin19.6.0
Thread model: posix
InstalledDir: /Library/Developer/CommandLineTools/usr/bin
configure:3631: $? = 0
configure:3620: gcc -V >&5
clang: error: argument to '-V' is missing (expected 1 value)
clang: error: no input files
configure:3631: $? = 1
configure:3620: gcc -qversion >&5
clang: error: unknown argument '-qversion'; did you mean '--version'?
clang: error: no input files
configure:3631: $? = 1
configure:3651: checking whether the C compiler works
configure:3673: gcc  -DLIBSSH2_DARWIN   conftest.c  >&5
configure:3677: $? = 0
configure:3725: result: yes
configure:3728: checking for C compiler default output file name
configure:3730: result: a.out
configure:3736: checking for suffix of executables
configure:3743: gcc -o conftest  -DLIBSSH2_DARWIN   conftest.c  >&5
configure:3747: $? = 0
configure:3769: result: 
configure:3791: checking whether we are cross compiling
configure:3799: gcc -o conftest  -DLIBSSH2_DARWIN   conftest.c  >&5
configure:3803: $? = 0
configure:3810: ./conftest
configure:3814: $? = 0
configure:3829: result: no
configure:3834: checking for suffix of object files
configure:3856: gcc -c  -DLIBSSH2_DARWIN  conftest.c >&5
configure:3860: $? = 0
configure:3881: result: o
configure:3885: checking whether we are using the GNU C compiler
configure:3904: gcc -c  -DLIBSSH2_DARWIN  conftest.c >&5
configure:3904: $? = 0
configure:3913: result: yes
configure:3922: checking whether gcc accepts -g
configure:3942: gcc -c -g  conftest.c >&5
configure:3942: $? = 0
configure:3983: result: yes
configure:4000: checking for gcc option to accept ISO C89
configure:4063: gcc  -c  -DLIBSSH2_DARWIN  conftest.c >&5
configure:4063: $? = 0
configure:4076: result: none needed
configure:4101: checking whether gcc understands -c and -o together
configure:4123: gcc -c conftest.c -o conftest2.o
configure:4126: $? = 0
configure:4123: gcc -c conftest.c -o conftest2.o
configure:4126: $? = 0
configure:4138: result: yes
configure:4157: checking dependency style of gcc
configure:4268: result: gcc3
configure:4289: checking how to run the C preprocessor
configure:4320: gcc -E  conftest.c
configure:4320: $? = 0
configure:4334: gcc -E  conftest.c
conftest.c:11:10: fatal error: 'ac_nonexistent.h' file not found
#include <ac_nonexistent.h>
         ^~~~~~~~~~~~~~~~~~
1 error generated.
configure:4334: $? = 1
configure: failed program was:
| /* confdefs.h */
| #define PACKAGE_NAME "libssh2"
| #define PACKAGE_TARNAME "libssh2"
| #define PACKAGE_VERSION "-"
| #define PACKAGE_STRING "libssh2 -"
| #define PACKAGE_BUGREPORT "libssh2-devel@cool.haxx.se"
| #define PACKAGE_URL ""
| #define PACKAGE "libssh2"
| #define VERSION "-"
| /* end confdefs.h.  */
| #include <ac_nonexistent.h>
configure:4359: result: gcc -E
configure:4379: gcc -E  conftest.c
configure:4379: $? = 0
configure:4393: gcc -E  conftest.c
conftest.c:11:10: fatal error: 'ac_nonexistent.h' file not found
#include <ac_nonexistent.h>
         ^~~~~~~~~~~~~~~~~~
1 error generated.
configure:4393: $? = 1
configure: failed program was:
| /* confdefs.h */
| #define PACKAGE_NAME "libssh2"
| #define PACKAGE_TARNAME "libssh2"
| #define PACKAGE_VERSION "-"
| #define PACKAGE_STRING "libssh2 -"
| #define PACKAGE_BUGREPORT "libssh2-devel@cool.haxx.se"
| #define PACKAGE_URL ""
| #define PACKAGE "libssh2"
| #define VERSION "-"
| /* end confdefs.h.  */
| #include <ac_nonexistent.h>
configure:4422: checking for grep that handles long lines and -e
configure:4480: result: /usr/bin/grep
configure:4485: checking for egrep
configure:4547: result: /usr/bin/grep -E
configure:4552: checking for ANSI C header files
configure:4572: gcc -c  -DLIBSSH2_DARWIN  conftest.c >&5
configure:4572: $? = 0
configure:4645: gcc -o conftest  -DLIBSSH2_DARWIN   conftest.c  >&5
configure:4645: $? = 0
configure:4645: ./conftest
configure:4645: $? = 0
configure:4656: result: yes
configure:4669: checking for sys/types.h
configure:4669: gcc -c  -DLIBSSH2_DARWIN  conftest.c >&5
configure:4669: $? = 0
configure:4669: result: yes
configure:4669: checking for sys/stat.h
configure:4669: gcc -c  -DLIBSSH2_DARWIN  conftest.c >&5
configure:4669: $? = 0
configure:4669: result: yes
configure:4669: checking for stdlib.h
configure:4669: gcc -c  -DLIBSSH2_DARWIN  conftest.c >&5
configure:4669: $? = 0
configure:4669: result: yes
configure:4669: checking for string.h
configure:4669: gcc -c  -DLIBSSH2_DARWIN  conftest.c >&5
configure:4669: $? = 0
configure:4669: result: yes
configure:4669: checking for memory.h
configure:4669: gcc -c  -DLIBSSH2_DARWIN  conftest.c >&5
configure:4669: $? = 0
configure:4669: result: yes
configure:4669: checking for strings.h
configure:4669: gcc -c  -DLIBSSH2_DARWIN  conftest.c >&5
configure:4669: $? = 0
configure:4669: result: yes
configure:4669: checking for inttypes.h
configure:4669: gcc -c  -DLIBSSH2_DARWIN  conftest.c >&5
configure:4669: $? = 0
configure:4669: result: yes
configure:4669: checking for stdint.h
configure:4669: gcc -c  -DLIBSSH2_DARWIN  conftest.c >&5
configure:4669: $? = 0
configure:4669: result: yes
configure:4669: checking for unistd.h
configure:4669: gcc -c  -DLIBSSH2_DARWIN  conftest.c >&5
configure:4669: $? = 0
configure:4669: result: yes
configure:4681: checking for long long
configure:4681: gcc -c  -DLIBSSH2_DARWIN  conftest.c >&5
configure:4681: $? = 0
configure:4681: gcc -c  -DLIBSSH2_DARWIN  conftest.c >&5
conftest.c:57:24: error: expected expression
if (sizeof ((long long)))
                       ^
1 error generated.
configure:4681: $? = 1
configure: failed program was:
| /* confdefs.h */
| #define PACKAGE_NAME "libssh2"
| #define PACKAGE_TARNAME "libssh2"
| #define PACKAGE_VERSION "-"
| #define PACKAGE_STRING "libssh2 -"
| #define PACKAGE_BUGREPORT "libssh2-devel@cool.haxx.se"
| #define PACKAGE_URL ""
| #define PACKAGE "libssh2"
| #define VERSION "-"
| #define STDC_HEADERS 1
| #define HAVE_SYS_TYPES_H 1
| #define HAVE_SYS_STAT_H 1
| #define HAVE_STDLIB_H 1
| #define HAVE_STRING_H 1
| #define HAVE_MEMORY_H 1
| #define HAVE_STRINGS_H 1
| #define HAVE_INTTYPES_H 1
| #define HAVE_STDINT_H 1
| #define HAVE_UNISTD_H 1
| /* end confdefs.h.  */
| #include <stdio.h>
| #ifdef HAVE_SYS_TYPES_H
| # include <sys/types.h>
| #endif
| #ifdef HAVE_SYS_STAT_H
| # include <sys/stat.h>
| #endif
| #ifdef STDC_HEADERS
| # include <stdlib.h>
| # include <stddef.h>
| #else
| # ifdef HAVE_STDLIB_H
| #  include <stdlib.h>
| # endif
| #endif
| #ifdef HAVE_STRING_H
| # if !defined STDC_HEADERS && defined HAVE_MEMORY_H
| #  include <memory.h>
| # endif
| # include <string.h>
| #endif
| #ifdef HAVE_STRINGS_H
| # include <strings.h>
| #endif
| #ifdef HAVE_INTTYPES_H
| # include <inttypes.h>
| #endif
| #ifdef HAVE_STDINT_H
| # include <stdint.h>
| #endif
| #ifdef HAVE_UNISTD_H
| # include <unistd.h>
| #endif
| int
| main ()
| {
| if (sizeof ((long long)))
| 	    return 0;
|   ;
|   return 0;
| }
configure:4681: result: yes
configure:4693: checking if _REENTRANT is already defined
configure:4715: gcc -c  -DLIBSSH2_DARWIN  conftest.c >&5
conftest.c:32:7: error: use of undeclared identifier 'force'
      force compilation error
      ^
1 error generated.
configure:4715: $? = 1
configure: failed program was:
| /* confdefs.h */
| #define PACKAGE_NAME "libssh2"
| #define PACKAGE_TARNAME "libssh2"
| #define PACKAGE_VERSION "-"
| #define PACKAGE_STRING "libssh2 -"
| #define PACKAGE_BUGREPORT "libssh2-devel@cool.haxx.se"
| #define PACKAGE_URL ""
| #define PACKAGE "libssh2"
| #define VERSION "-"
| #define STDC_HEADERS 1
| #define HAVE_SYS_TYPES_H 1
| #define HAVE_SYS_STAT_H 1
| #define HAVE_STDLIB_H 1
| #define HAVE_STRING_H 1
| #define HAVE_MEMORY_H 1
| #define HAVE_STRINGS_H 1
| #define HAVE_INTTYPES_H 1
| #define HAVE_STDINT_H 1
| #define HAVE_UNISTD_H 1
| #define HAVE_LONGLONG 1
| /* end confdefs.h.  */
| 
| 
| 
| int
| main ()
| {
| 
| #ifdef _REENTRANT
|       int dummy=1;
| #else
|       force compilation error
| #endif
| 
|   ;
|   return 0;
| }
| 
configure:4723: result: no
configure:4731: checking if _REENTRANT is actually needed
configure:4748: result: no
configure:4753: checking if _REENTRANT is onwards defined
configure:4770: result: no
configure:4777: checking for library containing socket
configure:4808: gcc -o conftest  -DLIBSSH2_DARWIN   conftest.c  >&5
configure:4808: $? = 0
configure:4825: result: none required
configure:4835: checking for library containing inet_addr
configure:4866: gcc -o conftest  -DLIBSSH2_DARWIN   conftest.c  >&5
configure:4866: $? = 0
configure:4883: result: none required
configure:4942: checking for gcc
configure:4969: result: gcc
configure:5198: checking for C compiler version
configure:5207: gcc --version >&5
Apple clang version 12.0.0 (clang-1200.0.32.28)
Target: x86_64-apple-darwin19.6.0
Thread model: posix
InstalledDir: /Library/Developer/CommandLineTools/usr/bin
Configured with: --prefix=/Library/Developer/CommandLineTools/usr --with-gxx-include-dir=/Library/Developer/CommandLineTools/SDKs/MacOSX10.15.sdk/usr/include/c++/4.2.1
configure:5218: $? = 0
configure:5207: gcc -v >&5
Configured with: --prefix=/Library/Developer/CommandLineTools/usr --with-gxx-include-dir=/Library/Developer/CommandLineTools/SDKs/MacOSX10.15.sdk/usr/include/c++/4.2.1
Apple clang version 12.0.0 (clang-1200.0.32.28)
Target: x86_64-apple-darwin19.6.0
Thread model: posix
InstalledDir: /Library/Developer/CommandLineTools/usr/bin
configure:5218: $? = 0
configure:5207: gcc -V >&5
clang: error: argument to '-V' is missing (expected 1 value)
clang: error: no input files
configure:5218: $? = 1
configure:5207: gcc -qversion >&5
clang: error: unknown argument '-qversion'; did you mean '--version'?
clang: error: no input files
configure:5218: $? = 1
configure:5222: checking whether we are using the GNU C compiler
configure:5250: result: yes
configure:5259: checking whether gcc accepts -g
configure:5320: result: yes
configure:5337: checking for gcc option to accept ISO C89
configure:5413: result: none needed
configure:5438: checking whether gcc understands -c and -o together
configure:5475: result: yes
configure:5494: checking dependency style of gcc
configure:5605: result: gcc3
configure:5621: checking whether ln -s works
configure:5625: result: yes
configure:5632: checking whether make sets $(MAKE)
configure:5654: result: yes
configure:5667: checking for sshd
configure:5685: found /usr/sbin/sshd
configure:5697: result: /usr/sbin/sshd
configure:6065: checking how to print strings
configure:6092: result: printf
configure:6113: checking for a sed that does not truncate output
configure:6177: result: /usr/bin/sed
configure:6195: checking for fgrep
configure:6257: result: /usr/bin/grep -F
configure:6292: checking for ld used by gcc
configure:6359: result: /Library/Developer/CommandLineTools/usr/bin/ld
configure:6366: checking if the linker (/Library/Developer/CommandLineTools/usr/bin/ld) is GNU ld
configure:6381: result: no
configure:6393: checking for BSD- or MS-compatible name lister (nm)
configure:6447: result: /usr/bin/nm -B
configure:6577: checking the name lister (/usr/bin/nm -B) interface
configure:6584: gcc -c  -DLIBSSH2_DARWIN  conftest.c >&5
configure:6587: /usr/bin/nm -B "conftest.o"
configure:6590: output
0000000000000000 S _some_variable
configure:6597: result: BSD nm
configure:6601: checking the maximum length of command line arguments
configure:6732: result: 196608
configure:6780: checking how to convert x86_64-apple-darwin19.6.0 file names to x86_64-apple-darwin19.6.0 format
configure:6820: result: func_convert_file_noop
configure:6827: checking how to convert x86_64-apple-darwin19.6.0 file names to toolchain format
configure:6847: result: func_convert_file_noop
configure:6854: checking for /Library/Developer/CommandLineTools/usr/bin/ld option to reload object files
configure:6861: result: -r
configure:6935: checking for objdump
configure:6962: result: objdump
configure:6991: checking how to recognize dependent libraries
configure:7191: result: pass_all
configure:7276: checking for dlltool
configure:7303: result: dlltool
configure:7333: checking how to associate runtime and link libraries
configure:7360: result: printf %s\n
configure:7420: checking for ar
configure:7436: found /usr/bin/ar
configure:7447: result: ar
configure:7484: checking for archiver @FILE support
configure:7501: gcc -c  -DLIBSSH2_DARWIN  conftest.c >&5
configure:7501: $? = 0
configure:7504: ar cru libconftest.a @conftest.lst >&5
ar: @conftest.lst: No such file or directory
configure:7507: $? = 1
configure:7527: result: no
configure:7585: checking for strip
configure:7601: found /usr/bin/strip
configure:7612: result: strip
configure:7684: checking for ranlib
configure:7700: found /usr/bin/ranlib
configure:7711: result: ranlib
configure:7813: checking command to parse /usr/bin/nm -B output from gcc object
configure:7966: gcc -c  -DLIBSSH2_DARWIN  conftest.c >&5
configure:7969: $? = 0
configure:7973: /usr/bin/nm -B conftest.o | sed -n -e 's/^.*[	 ]\([BCDEGRST][BCDEGRST]*\)[	 ][	 ]*\([_A-Za-z][_A-Za-z0-9]*\)$/\1 \2 \2/p' | sed '/ __gnu_lto/d' > conftest.nm
cannot find nm_test_var in conftest.nm
configure:7966: gcc -c  -DLIBSSH2_DARWIN  conftest.c >&5
configure:7969: $? = 0
configure:7973: /usr/bin/nm -B conftest.o | sed -n -e 's/^.*[	 ]\([BCDEGRST][BCDEGRST]*\)[	 ][	 ]*_\([_A-Za-z][_A-Za-z0-9]*\)$/\1 _\2 \2/p' | sed '/ __gnu_lto/d' > conftest.nm
configure:8039: gcc -o conftest  -DLIBSSH2_DARWIN   conftest.c conftstm.o >&5
configure:8042: $? = 0
configure:8080: result: ok
configure:8127: checking for sysroot
configure:8157: result: no
configure:8164: checking for a working dd
configure:8202: result: /bin/dd
configure:8206: checking how to truncate binary pipes
configure:8221: result: /bin/dd bs=4096 count=1
configure:8550: checking for mt
configure:8580: result: no
configure:8600: checking if : is a manifest tool
configure:8606: : '-?'
configure:8614: result: no
configure:8670: checking for dsymutil
configure:8686: found /usr/bin/dsymutil
configure:8697: result: dsymutil
configure:8762: checking for nmedit
configure:8778: found /usr/bin/nmedit
configure:8789: result: nmedit
configure:8854: checking for lipo
configure:8870: found /usr/bin/lipo
configure:8881: result: lipo
configure:8946: checking for otool
configure:8962: found /usr/bin/otool
configure:8973: result: otool
configure:9038: checking for otool64
configure:9068: result: no
configure:9113: checking for -single_module linker flag
gcc  -DLIBSSH2_DARWIN  -o libconftest.dylib -dynamiclib -Wl,-single_module conftest.c
configure:9146: result: yes
configure:9149: checking for -exported_symbols_list linker flag
configure:9169: gcc -o conftest  -DLIBSSH2_DARWIN   -Wl,-exported_symbols_list,conftest.sym conftest.c  >&5
configure:9169: $? = 0
configure:9179: result: yes
configure:9182: checking for -force_load linker flag
gcc  -DLIBSSH2_DARWIN -c -o conftest.o conftest.c
ar cru libconftest.a conftest.o
ranlib libconftest.a
gcc  -DLIBSSH2_DARWIN  -o conftest conftest.c -Wl,-force_load,./libconftest.a
configure:9214: result: yes
configure:9288: checking for dlfcn.h
configure:9288: gcc -c  -DLIBSSH2_DARWIN  conftest.c >&5
configure:9288: $? = 0
configure:9288: result: yes
configure:9542: checking for objdir
configure:9557: result: .libs
configure:9821: checking if gcc supports -fno-rtti -fno-exceptions
configure:9839: gcc -c  -DLIBSSH2_DARWIN  -fno-rtti -fno-exceptions conftest.c >&5
configure:9843: $? = 0
configure:9856: result: yes
configure:10220: checking for gcc option to produce PIC
configure:10227: result: -fno-common -DPIC
configure:10235: checking if gcc PIC flag -fno-common -DPIC works
configure:10253: gcc -c  -DLIBSSH2_DARWIN  -fno-common -DPIC -DPIC conftest.c >&5
configure:10257: $? = 0
configure:10270: result: yes
configure:10299: checking if gcc static flag -static works
configure:10327: result: no
configure:10342: checking if gcc supports -c -o file.o
configure:10363: gcc -c  -DLIBSSH2_DARWIN  -o out/conftest2.o conftest.c >&5
configure:10367: $? = 0
configure:10389: result: yes
configure:10397: checking if gcc supports -c -o file.o
configure:10444: result: yes
configure:10477: checking whether the gcc linker (/Library/Developer/CommandLineTools/usr/bin/ld) supports shared libraries
configure:11740: result: yes
configure:11980: checking dynamic linker characteristics
configure:12810: result: darwin19.6.0 dyld
configure:12932: checking how to hardcode library paths into programs
configure:12957: result: immediate
configure:13505: checking whether stripping libraries is possible
configure:13519: result: yes
configure:13545: checking if libtool supports shared libraries
configure:13547: result: yes
configure:13550: checking whether to build shared libraries
configure:13575: result: yes
configure:13578: checking whether to build static libraries
configure:13582: result: yes
configure:13619: checking whether byte ordering is bigendian
configure:13634: gcc -c  -DLIBSSH2_DARWIN  conftest.c >&5
configure:13634: $? = 0
configure:13679: gcc -c  -DLIBSSH2_DARWIN  conftest.c >&5
configure:13679: $? = 0
configure:13697: gcc -c  -DLIBSSH2_DARWIN  conftest.c >&5
conftest.c:31:4: error: use of undeclared identifier 'not'
                 not big endian
                 ^
1 error generated.
configure:13697: $? = 1
configure: failed program was:
| /* confdefs.h */
| #define PACKAGE_NAME "libssh2"
| #define PACKAGE_TARNAME "libssh2"
| #define PACKAGE_VERSION "-"
| #define PACKAGE_STRING "libssh2 -"
| #define PACKAGE_BUGREPORT "libssh2-devel@cool.haxx.se"
| #define PACKAGE_URL ""
| #define PACKAGE "libssh2"
| #define VERSION "-"
| #define STDC_HEADERS 1
| #define HAVE_SYS_TYPES_H 1
| #define HAVE_SYS_STAT_H 1
| #define HAVE_STDLIB_H 1
| #define HAVE_STRING_H 1
| #define HAVE_MEMORY_H 1
| #define HAVE_STRINGS_H 1
| #define HAVE_INTTYPES_H 1
| #define HAVE_STDINT_H 1
| #define HAVE_UNISTD_H 1
| #define HAVE_LONGLONG 1
| #define HAVE_DLFCN_H 1
| #define LT_OBJDIR ".libs/"
| /* end confdefs.h.  */
| #include <sys/types.h>
| 		#include <sys/param.h>
| 
| int
| main ()
| {
| #if BYTE_ORDER != BIG_ENDIAN
| 		 not big endian
| 		#endif
| 
|   ;
|   return 0;
| }
configure:13825: result: no
configure:13851: checking for special C compiler options needed for large files
configure:13896: result: no
configure:13902: checking for _FILE_OFFSET_BITS value needed for large files
configure:13927: gcc -c  -DLIBSSH2_DARWIN  conftest.c >&5
configure:13927: $? = 0
configure:13959: result: no
configure:14109: checking for ld used by GCC
configure:14173: result: /Library/Developer/CommandLineTools/usr/bin/ld
configure:14180: checking if the linker (/Library/Developer/CommandLineTools/usr/bin/ld) is GNU ld
configure:14193: result: no
configure:14200: checking for shared library run path origin
configure:14213: result: done
configure:14730: checking for libssl
configure:14749: gcc -o conftest  -DLIBSSH2_DARWIN -I/usr/local/opt/openssl@1.1/bin/include -L/usr/local/opt/openssl@1.1/bin/lib conftest.c  -lssl -lcrypto >&5
conftest.c:24:10: fatal error: 'openssl/ssl.h' file not found
#include <openssl/ssl.h>
         ^~~~~~~~~~~~~~~
1 error generated.
configure:14749: $? = 1
configure: failed program was:
| /* confdefs.h */
| #define PACKAGE_NAME "libssh2"
| #define PACKAGE_TARNAME "libssh2"
| #define PACKAGE_VERSION "-"
| #define PACKAGE_STRING "libssh2 -"
| #define PACKAGE_BUGREPORT "libssh2-devel@cool.haxx.se"
| #define PACKAGE_URL ""
| #define PACKAGE "libssh2"
| #define VERSION "-"
| #define STDC_HEADERS 1
| #define HAVE_SYS_TYPES_H 1
| #define HAVE_SYS_STAT_H 1
| #define HAVE_STDLIB_H 1
| #define HAVE_STRING_H 1
| #define HAVE_MEMORY_H 1
| #define HAVE_STRINGS_H 1
| #define HAVE_INTTYPES_H 1
| #define HAVE_STDINT_H 1
| #define HAVE_UNISTD_H 1
| #define HAVE_LONGLONG 1
| #define HAVE_DLFCN_H 1
| #define LT_OBJDIR ".libs/"
| /* end confdefs.h.  */
| #include <openssl/ssl.h>
| int
| main ()
| {
| 
|   ;
|   return 0;
| }
configure:14759: result: no
configure:15301: checking for libgcrypt
configure:15320: gcc -o conftest  -DLIBSSH2_DARWIN   conftest.c  -lgcrypt >&5
conftest.c:24:10: fatal error: 'gcrypt.h' file not found
#include <gcrypt.h>
         ^~~~~~~~~~
1 error generated.
configure:15320: $? = 1
configure: failed program was:
| /* confdefs.h */
| #define PACKAGE_NAME "libssh2"
| #define PACKAGE_TARNAME "libssh2"
| #define PACKAGE_VERSION "-"
| #define PACKAGE_STRING "libssh2 -"
| #define PACKAGE_BUGREPORT "libssh2-devel@cool.haxx.se"
| #define PACKAGE_URL ""
| #define PACKAGE "libssh2"
| #define VERSION "-"
| #define STDC_HEADERS 1
| #define HAVE_SYS_TYPES_H 1
| #define HAVE_SYS_STAT_H 1
| #define HAVE_STDLIB_H 1
| #define HAVE_STRING_H 1
| #define HAVE_MEMORY_H 1
| #define HAVE_STRINGS_H 1
| #define HAVE_INTTYPES_H 1
| #define HAVE_STDINT_H 1
| #define HAVE_UNISTD_H 1
| #define HAVE_LONGLONG 1
| #define HAVE_DLFCN_H 1
| #define LT_OBJDIR ".libs/"
| /* end confdefs.h.  */
| #include <gcrypt.h>
| int
| main ()
| {
| 
|   ;
|   return 0;
| }
configure:15330: result: no
configure:15853: checking for libmbedcrypto
configure:15872: gcc -o conftest  -DLIBSSH2_DARWIN   conftest.c  -lmbedcrypto >&5
conftest.c:24:10: fatal error: 'mbedtls/version.h' file not found
#include <mbedtls/version.h>
         ^~~~~~~~~~~~~~~~~~~
1 error generated.
configure:15872: $? = 1
configure: failed program was:
| /* confdefs.h */
| #define PACKAGE_NAME "libssh2"
| #define PACKAGE_TARNAME "libssh2"
| #define PACKAGE_VERSION "-"
| #define PACKAGE_STRING "libssh2 -"
| #define PACKAGE_BUGREPORT "libssh2-devel@cool.haxx.se"
| #define PACKAGE_URL ""
| #define PACKAGE "libssh2"
| #define VERSION "-"
| #define STDC_HEADERS 1
| #define HAVE_SYS_TYPES_H 1
| #define HAVE_SYS_STAT_H 1
| #define HAVE_STDLIB_H 1
| #define HAVE_STRING_H 1
| #define HAVE_MEMORY_H 1
| #define HAVE_STRINGS_H 1
| #define HAVE_INTTYPES_H 1
| #define HAVE_STDINT_H 1
| #define HAVE_UNISTD_H 1
| #define HAVE_LONGLONG 1
| #define HAVE_DLFCN_H 1
| #define LT_OBJDIR ".libs/"
| /* end confdefs.h.  */
| #include <mbedtls/version.h>
| int
| main ()
| {
| 
|   ;
|   return 0;
| }
configure:15882: result: no
configure:15935: checking for ntdef.h
configure:15935: gcc -c  -DLIBSSH2_DARWIN  conftest.c >&5
conftest.c:24:10: fatal error: 'windows.h' file not found
#include <windows.h>
         ^~~~~~~~~~~
1 error generated.
configure:15935: $? = 1
configure: failed program was:
| /* confdefs.h */
| #define PACKAGE_NAME "libssh2"
| #define PACKAGE_TARNAME "libssh2"
| #define PACKAGE_VERSION "-"
| #define PACKAGE_STRING "libssh2 -"
| #define PACKAGE_BUGREPORT "libssh2-devel@cool.haxx.se"
| #define PACKAGE_URL ""
| #define PACKAGE "libssh2"
| #define VERSION "-"
| #define STDC_HEADERS 1
| #define HAVE_SYS_TYPES_H 1
| #define HAVE_SYS_STAT_H 1
| #define HAVE_STDLIB_H 1
| #define HAVE_STRING_H 1
| #define HAVE_MEMORY_H 1
| #define HAVE_STRINGS_H 1
| #define HAVE_INTTYPES_H 1
| #define HAVE_STDINT_H 1
| #define HAVE_UNISTD_H 1
| #define HAVE_LONGLONG 1
| #define HAVE_DLFCN_H 1
| #define LT_OBJDIR ".libs/"
| /* end confdefs.h.  */
| #include <windows.h>
| 
| #include <ntdef.h>
configure:15935: result: no
configure:15935: checking for ntstatus.h
configure:15935: gcc -c  -DLIBSSH2_DARWIN  conftest.c >&5
conftest.c:24:10: fatal error: 'windows.h' file not found
#include <windows.h>
         ^~~~~~~~~~~
1 error generated.
configure:15935: $? = 1
configure: failed program was:
| /* confdefs.h */
| #define PACKAGE_NAME "libssh2"
| #define PACKAGE_TARNAME "libssh2"
| #define PACKAGE_VERSION "-"
| #define PACKAGE_STRING "libssh2 -"
| #define PACKAGE_BUGREPORT "libssh2-devel@cool.haxx.se"
| #define PACKAGE_URL ""
| #define PACKAGE "libssh2"
| #define VERSION "-"
| #define STDC_HEADERS 1
| #define HAVE_SYS_TYPES_H 1
| #define HAVE_SYS_STAT_H 1
| #define HAVE_STDLIB_H 1
| #define HAVE_STRING_H 1
| #define HAVE_MEMORY_H 1
| #define HAVE_STRINGS_H 1
| #define HAVE_INTTYPES_H 1
| #define HAVE_STDINT_H 1
| #define HAVE_UNISTD_H 1
| #define HAVE_LONGLONG 1
| #define HAVE_DLFCN_H 1
| #define LT_OBJDIR ".libs/"
| /* end confdefs.h.  */
| #include <windows.h>
| 
| #include <ntstatus.h>
configure:15935: result: no
configure:15946: checking whether SecureZeroMemory is declared
configure:15946: gcc -c  -DLIBSSH2_DARWIN  conftest.c >&5
conftest.c:24:10: fatal error: 'windows.h' file not found
#include <windows.h>
         ^~~~~~~~~~~
1 error generated.
configure:15946: $? = 1
configure: failed program was:
| /* confdefs.h */
| #define PACKAGE_NAME "libssh2"
| #define PACKAGE_TARNAME "libssh2"
| #define PACKAGE_VERSION "-"
| #define PACKAGE_STRING "libssh2 -"
| #define PACKAGE_BUGREPORT "libssh2-devel@cool.haxx.se"
| #define PACKAGE_URL ""
| #define PACKAGE "libssh2"
| #define VERSION "-"
| #define STDC_HEADERS 1
| #define HAVE_SYS_TYPES_H 1
| #define HAVE_SYS_STAT_H 1
| #define HAVE_STDLIB_H 1
| #define HAVE_STRING_H 1
| #define HAVE_MEMORY_H 1
| #define HAVE_STRINGS_H 1
| #define HAVE_INTTYPES_H 1
| #define HAVE_STDINT_H 1
| #define HAVE_UNISTD_H 1
| #define HAVE_LONGLONG 1
| #define HAVE_DLFCN_H 1
| #define LT_OBJDIR ".libs/"
| /* end confdefs.h.  */
| #include <windows.h>
| 
| int
| main ()
| {
| #ifndef SecureZeroMemory
| #ifdef __cplusplus
|   (void) SecureZeroMemory;
| #else
|   (void) SecureZeroMemory;
| #endif
| #endif
| 
|   ;
|   return 0;
| }
configure:15946: result: no
configure:16435: checking for libcrypt32
configure:16457: gcc -o conftest  -DLIBSSH2_DARWIN   conftest.c  -lcrypt32 >&5
conftest.c:26:14: fatal error: 'windows.h' file not found
    #include <windows.h>
             ^~~~~~~~~~~
1 error generated.
configure:16457: $? = 1
configure: failed program was:
| /* confdefs.h */
| #define PACKAGE_NAME "libssh2"
| #define PACKAGE_TARNAME "libssh2"
| #define PACKAGE_VERSION "-"
| #define PACKAGE_STRING "libssh2 -"
| #define PACKAGE_BUGREPORT "libssh2-devel@cool.haxx.se"
| #define PACKAGE_URL ""
| #define PACKAGE "libssh2"
| #define VERSION "-"
| #define STDC_HEADERS 1
| #define HAVE_SYS_TYPES_H 1
| #define HAVE_SYS_STAT_H 1
| #define HAVE_STDLIB_H 1
| #define HAVE_STRING_H 1
| #define HAVE_MEMORY_H 1
| #define HAVE_STRINGS_H 1
| #define HAVE_INTTYPES_H 1
| #define HAVE_STDINT_H 1
| #define HAVE_UNISTD_H 1
| #define HAVE_LONGLONG 1
| #define HAVE_DLFCN_H 1
| #define LT_OBJDIR ".libs/"
| #define HAVE_DECL_SECUREZEROMEMORY 0
| /* end confdefs.h.  */
| 
|     #include <windows.h>
|     #include <wincrypt.h>
| 
| int
| main ()
| {
| 
|   ;
|   return 0;
| }
configure:16467: result: no
configure:16977: checking for libbcrypt
configure:16999: gcc -o conftest  -DLIBSSH2_DARWIN   conftest.c  -lbcrypt >&5
conftest.c:26:14: fatal error: 'windows.h' file not found
    #include <windows.h>
             ^~~~~~~~~~~
1 error generated.
configure:16999: $? = 1
configure: failed program was:
| /* confdefs.h */
| #define PACKAGE_NAME "libssh2"
| #define PACKAGE_TARNAME "libssh2"
| #define PACKAGE_VERSION "-"
| #define PACKAGE_STRING "libssh2 -"
| #define PACKAGE_BUGREPORT "libssh2-devel@cool.haxx.se"
| #define PACKAGE_URL ""
| #define PACKAGE "libssh2"
| #define VERSION "-"
| #define STDC_HEADERS 1
| #define HAVE_SYS_TYPES_H 1
| #define HAVE_SYS_STAT_H 1
| #define HAVE_STDLIB_H 1
| #define HAVE_STRING_H 1
| #define HAVE_MEMORY_H 1
| #define HAVE_STRINGS_H 1
| #define HAVE_INTTYPES_H 1
| #define HAVE_STDINT_H 1
| #define HAVE_UNISTD_H 1
| #define HAVE_LONGLONG 1
| #define HAVE_DLFCN_H 1
| #define LT_OBJDIR ".libs/"
| #define HAVE_DECL_SECUREZEROMEMORY 0
| /* end confdefs.h.  */
| 
|     #include <windows.h>
|     #include <bcrypt.h>
| 
| int
| main ()
| {
| 
|   ;
|   return 0;
| }
configure:17009: result: no
configure:17070: ERROR: No openssl crypto library found!
No libgcrypt crypto library found!
No mbedtls crypto library found!
No wincng crypto library found!

Specify --with-crypto=$backend and/or the neccessary library search prefix.

Known crypto backends: auto, openssl, libgcrypt, mbedtls, wincng
configure:17594: checking for libz
configure:17613: gcc -o conftest  -DLIBSSH2_DARWIN   conftest.c  -lz >&5
configure:17613: $? = 0
configure:17623: result: yes
configure:17630: checking how to link with libz
configure:17632: result: -lz
configure:17715: WARNING: secure clearing/zeroing of memory is not supported by the selected crypto backend
configure:17730: checking whether to enable pedantic and debug compiler options
configure:17864: result: no
configure:17870: checking whether to enable hidden symbols in the library
configure:17911: result: no
configure:17922: checking errno.h usability
configure:17922: gcc -c  -DLIBSSH2_DARWIN  conftest.c >&5
configure:17922: $? = 0
configure:17922: result: yes
configure:17922: checking errno.h presence
configure:17922: gcc -E  conftest.c
configure:17922: $? = 0
configure:17922: result: yes
configure:17922: checking for errno.h
configure:17922: result: yes
configure:17922: checking fcntl.h usability
configure:17922: gcc -c  -DLIBSSH2_DARWIN  conftest.c >&5
configure:17922: $? = 0
configure:17922: result: yes
configure:17922: checking fcntl.h presence
configure:17922: gcc -E  conftest.c
configure:17922: $? = 0
configure:17922: result: yes
configure:17922: checking for fcntl.h
configure:17922: result: yes
configure:17922: checking stdio.h usability
configure:17922: gcc -c  -DLIBSSH2_DARWIN  conftest.c >&5
configure:17922: $? = 0
configure:17922: result: yes
configure:17922: checking stdio.h presence
configure:17922: gcc -E  conftest.c
configure:17922: $? = 0
configure:17922: result: yes
configure:17922: checking for stdio.h
configure:17922: result: yes
configure:17922: checking for stdlib.h
configure:17922: result: yes
configure:17922: checking for unistd.h
configure:17922: result: yes
configure:17922: checking sys/uio.h usability
configure:17922: gcc -c  -DLIBSSH2_DARWIN  conftest.c >&5
configure:17922: $? = 0
configure:17922: result: yes
configure:17922: checking sys/uio.h presence
configure:17922: gcc -E  conftest.c
configure:17922: $? = 0
configure:17922: result: yes
configure:17922: checking for sys/uio.h
configure:17922: result: yes
configure:17935: checking sys/select.h usability
configure:17935: gcc -c  -DLIBSSH2_DARWIN  conftest.c >&5
configure:17935: $? = 0
configure:17935: result: yes
configure:17935: checking sys/select.h presence
configure:17935: gcc -E  conftest.c
configure:17935: $? = 0
configure:17935: result: yes
configure:17935: checking for sys/select.h
configure:17935: result: yes
configure:17935: checking sys/socket.h usability
configure:17935: gcc -c  -DLIBSSH2_DARWIN  conftest.c >&5
configure:17935: $? = 0
configure:17935: result: yes
configure:17935: checking sys/socket.h presence
configure:17935: gcc -E  conftest.c
configure:17935: $? = 0
configure:17935: result: yes
configure:17935: checking for sys/socket.h
configure:17935: result: yes
configure:17935: checking sys/ioctl.h usability
configure:17935: gcc -c  -DLIBSSH2_DARWIN  conftest.c >&5
configure:17935: $? = 0
configure:17935: result: yes
configure:17935: checking sys/ioctl.h presence
configure:17935: gcc -E  conftest.c
configure:17935: $? = 0
configure:17935: result: yes
configure:17935: checking for sys/ioctl.h
configure:17935: result: yes
configure:17935: checking sys/time.h usability
configure:17935: gcc -c  -DLIBSSH2_DARWIN  conftest.c >&5
configure:17935: $? = 0
configure:17935: result: yes
configure:17935: checking sys/time.h presence
configure:17935: gcc -E  conftest.c
configure:17935: $? = 0
configure:17935: result: yes
configure:17935: checking for sys/time.h
configure:17935: result: yes
configure:17948: checking arpa/inet.h usability
configure:17948: gcc -c  -DLIBSSH2_DARWIN  conftest.c >&5
configure:17948: $? = 0
configure:17948: result: yes
configure:17948: checking arpa/inet.h presence
configure:17948: gcc -E  conftest.c
configure:17948: $? = 0
configure:17948: result: yes
configure:17948: checking for arpa/inet.h
configure:17948: result: yes
configure:17948: checking netinet/in.h usability
configure:17948: gcc -c  -DLIBSSH2_DARWIN  conftest.c >&5
configure:17948: $? = 0
configure:17948: result: yes
configure:17948: checking netinet/in.h presence
configure:17948: gcc -E  conftest.c
configure:17948: $? = 0
configure:17948: result: yes
configure:17948: checking for netinet/in.h
configure:17948: result: yes
configure:17960: checking sys/un.h usability
configure:17960: gcc -c  -DLIBSSH2_DARWIN  conftest.c >&5
configure:17960: $? = 0
configure:17960: result: yes
configure:17960: checking sys/un.h presence
configure:17960: gcc -E  conftest.c
configure:17960: $? = 0
configure:17960: result: yes
configure:17960: checking for sys/un.h
configure:17960: result: yes
configure:17989: checking windows.h usability
configure:17989: gcc -c  -DLIBSSH2_DARWIN  conftest.c >&5
conftest.c:74:10: fatal error: 'windows.h' file not found
#include <windows.h>
         ^~~~~~~~~~~
1 error generated.
configure:17989: $? = 1
configure: failed program was:
| /* confdefs.h */
| #define PACKAGE_NAME "libssh2"
| #define PACKAGE_TARNAME "libssh2"
| #define PACKAGE_VERSION "-"
| #define PACKAGE_STRING "libssh2 -"
| #define PACKAGE_BUGREPORT "libssh2-devel@cool.haxx.se"
| #define PACKAGE_URL ""
| #define PACKAGE "libssh2"
| #define VERSION "-"
| #define STDC_HEADERS 1
| #define HAVE_SYS_TYPES_H 1
| #define HAVE_SYS_STAT_H 1
| #define HAVE_STDLIB_H 1
| #define HAVE_STRING_H 1
| #define HAVE_MEMORY_H 1
| #define HAVE_STRINGS_H 1
| #define HAVE_INTTYPES_H 1
| #define HAVE_STDINT_H 1
| #define HAVE_UNISTD_H 1
| #define HAVE_LONGLONG 1
| #define HAVE_DLFCN_H 1
| #define LT_OBJDIR ".libs/"
| #define HAVE_DECL_SECUREZEROMEMORY 0
| #define HAVE_LIBZ 1
| #define LIBSSH2_HAVE_ZLIB 1
| #define LIBSSH2_DH_GEX_NEW 1
| #define HAVE_ERRNO_H 1
| #define HAVE_FCNTL_H 1
| #define HAVE_STDIO_H 1
| #define HAVE_STDLIB_H 1
| #define HAVE_UNISTD_H 1
| #define HAVE_SYS_UIO_H 1
| #define HAVE_SYS_SELECT_H 1
| #define HAVE_SYS_SOCKET_H 1
| #define HAVE_SYS_IOCTL_H 1
| #define HAVE_SYS_TIME_H 1
| #define HAVE_ARPA_INET_H 1
| #define HAVE_NETINET_IN_H 1
| #define HAVE_SYS_UN_H 1
| /* end confdefs.h.  */
| #include <stdio.h>
| #ifdef HAVE_SYS_TYPES_H
| # include <sys/types.h>
| #endif
| #ifdef HAVE_SYS_STAT_H
| # include <sys/stat.h>
| #endif
| #ifdef STDC_HEADERS
| # include <stdlib.h>
| # include <stddef.h>
| #else
| # ifdef HAVE_STDLIB_H
| #  include <stdlib.h>
| # endif
| #endif
| #ifdef HAVE_STRING_H
| # if !defined STDC_HEADERS && defined HAVE_MEMORY_H
| #  include <memory.h>
| # endif
| # include <string.h>
| #endif
| #ifdef HAVE_STRINGS_H
| # include <strings.h>
| #endif
| #ifdef HAVE_INTTYPES_H
| # include <inttypes.h>
| #endif
| #ifdef HAVE_STDINT_H
| # include <stdint.h>
| #endif
| #ifdef HAVE_UNISTD_H
| # include <unistd.h>
| #endif
| #include <windows.h>
configure:17989: result: no
configure:17989: checking windows.h presence
configure:17989: gcc -E  conftest.c
conftest.c:41:10: fatal error: 'windows.h' file not found
#include <windows.h>
         ^~~~~~~~~~~
1 error generated.
configure:17989: $? = 1
configure: failed program was:
| /* confdefs.h */
| #define PACKAGE_NAME "libssh2"
| #define PACKAGE_TARNAME "libssh2"
| #define PACKAGE_VERSION "-"
| #define PACKAGE_STRING "libssh2 -"
| #define PACKAGE_BUGREPORT "libssh2-devel@cool.haxx.se"
| #define PACKAGE_URL ""
| #define PACKAGE "libssh2"
| #define VERSION "-"
| #define STDC_HEADERS 1
| #define HAVE_SYS_TYPES_H 1
| #define HAVE_SYS_STAT_H 1
| #define HAVE_STDLIB_H 1
| #define HAVE_STRING_H 1
| #define HAVE_MEMORY_H 1
| #define HAVE_STRINGS_H 1
| #define HAVE_INTTYPES_H 1
| #define HAVE_STDINT_H 1
| #define HAVE_UNISTD_H 1
| #define HAVE_LONGLONG 1
| #define HAVE_DLFCN_H 1
| #define LT_OBJDIR ".libs/"
| #define HAVE_DECL_SECUREZEROMEMORY 0
| #define HAVE_LIBZ 1
| #define LIBSSH2_HAVE_ZLIB 1
| #define LIBSSH2_DH_GEX_NEW 1
| #define HAVE_ERRNO_H 1
| #define HAVE_FCNTL_H 1
| #define HAVE_STDIO_H 1
| #define HAVE_STDLIB_H 1
| #define HAVE_UNISTD_H 1
| #define HAVE_SYS_UIO_H 1
| #define HAVE_SYS_SELECT_H 1
| #define HAVE_SYS_SOCKET_H 1
| #define HAVE_SYS_IOCTL_H 1
| #define HAVE_SYS_TIME_H 1
| #define HAVE_ARPA_INET_H 1
| #define HAVE_NETINET_IN_H 1
| #define HAVE_SYS_UN_H 1
| /* end confdefs.h.  */
| #include <windows.h>
configure:17989: result: no
configure:17989: checking for windows.h
configure:17989: result: no
configure:17989: checking winsock2.h usability
configure:17989: gcc -c  -DLIBSSH2_DARWIN  conftest.c >&5
conftest.c:74:10: fatal error: 'winsock2.h' file not found
#include <winsock2.h>
         ^~~~~~~~~~~~
1 error generated.
configure:17989: $? = 1
configure: failed program was:
| /* confdefs.h */
| #define PACKAGE_NAME "libssh2"
| #define PACKAGE_TARNAME "libssh2"
| #define PACKAGE_VERSION "-"
| #define PACKAGE_STRING "libssh2 -"
| #define PACKAGE_BUGREPORT "libssh2-devel@cool.haxx.se"
| #define PACKAGE_URL ""
| #define PACKAGE "libssh2"
| #define VERSION "-"
| #define STDC_HEADERS 1
| #define HAVE_SYS_TYPES_H 1
| #define HAVE_SYS_STAT_H 1
| #define HAVE_STDLIB_H 1
| #define HAVE_STRING_H 1
| #define HAVE_MEMORY_H 1
| #define HAVE_STRINGS_H 1
| #define HAVE_INTTYPES_H 1
| #define HAVE_STDINT_H 1
| #define HAVE_UNISTD_H 1
| #define HAVE_LONGLONG 1
| #define HAVE_DLFCN_H 1
| #define LT_OBJDIR ".libs/"
| #define HAVE_DECL_SECUREZEROMEMORY 0
| #define HAVE_LIBZ 1
| #define LIBSSH2_HAVE_ZLIB 1
| #define LIBSSH2_DH_GEX_NEW 1
| #define HAVE_ERRNO_H 1
| #define HAVE_FCNTL_H 1
| #define HAVE_STDIO_H 1
| #define HAVE_STDLIB_H 1
| #define HAVE_UNISTD_H 1
| #define HAVE_SYS_UIO_H 1
| #define HAVE_SYS_SELECT_H 1
| #define HAVE_SYS_SOCKET_H 1
| #define HAVE_SYS_IOCTL_H 1
| #define HAVE_SYS_TIME_H 1
| #define HAVE_ARPA_INET_H 1
| #define HAVE_NETINET_IN_H 1
| #define HAVE_SYS_UN_H 1
| /* end confdefs.h.  */
| #include <stdio.h>
| #ifdef HAVE_SYS_TYPES_H
| # include <sys/types.h>
| #endif
| #ifdef HAVE_SYS_STAT_H
| # include <sys/stat.h>
| #endif
| #ifdef STDC_HEADERS
| # include <stdlib.h>
| # include <stddef.h>
| #else
| # ifdef HAVE_STDLIB_H
| #  include <stdlib.h>
| # endif
| #endif
| #ifdef HAVE_STRING_H
| # if !defined STDC_HEADERS && defined HAVE_MEMORY_H
| #  include <memory.h>
| # endif
| # include <string.h>
| #endif
| #ifdef HAVE_STRINGS_H
| # include <strings.h>
| #endif
| #ifdef HAVE_INTTYPES_H
| # include <inttypes.h>
| #endif
| #ifdef HAVE_STDINT_H
| # include <stdint.h>
| #endif
| #ifdef HAVE_UNISTD_H
| # include <unistd.h>
| #endif
| #include <winsock2.h>
configure:17989: result: no
configure:17989: checking winsock2.h presence
configure:17989: gcc -E  conftest.c
conftest.c:41:10: fatal error: 'winsock2.h' file not found
#include <winsock2.h>
         ^~~~~~~~~~~~
1 error generated.
configure:17989: $? = 1
configure: failed program was:
| /* confdefs.h */
| #define PACKAGE_NAME "libssh2"
| #define PACKAGE_TARNAME "libssh2"
| #define PACKAGE_VERSION "-"
| #define PACKAGE_STRING "libssh2 -"
| #define PACKAGE_BUGREPORT "libssh2-devel@cool.haxx.se"
| #define PACKAGE_URL ""
| #define PACKAGE "libssh2"
| #define VERSION "-"
| #define STDC_HEADERS 1
| #define HAVE_SYS_TYPES_H 1
| #define HAVE_SYS_STAT_H 1
| #define HAVE_STDLIB_H 1
| #define HAVE_STRING_H 1
| #define HAVE_MEMORY_H 1
| #define HAVE_STRINGS_H 1
| #define HAVE_INTTYPES_H 1
| #define HAVE_STDINT_H 1
| #define HAVE_UNISTD_H 1
| #define HAVE_LONGLONG 1
| #define HAVE_DLFCN_H 1
| #define LT_OBJDIR ".libs/"
| #define HAVE_DECL_SECUREZEROMEMORY 0
| #define HAVE_LIBZ 1
| #define LIBSSH2_HAVE_ZLIB 1
| #define LIBSSH2_DH_GEX_NEW 1
| #define HAVE_ERRNO_H 1
| #define HAVE_FCNTL_H 1
| #define HAVE_STDIO_H 1
| #define HAVE_STDLIB_H 1
| #define HAVE_UNISTD_H 1
| #define HAVE_SYS_UIO_H 1
| #define HAVE_SYS_SELECT_H 1
| #define HAVE_SYS_SOCKET_H 1
| #define HAVE_SYS_IOCTL_H 1
| #define HAVE_SYS_TIME_H 1
| #define HAVE_ARPA_INET_H 1
| #define HAVE_NETINET_IN_H 1
| #define HAVE_SYS_UN_H 1
| /* end confdefs.h.  */
| #include <winsock2.h>
configure:17989: result: no
configure:17989: checking for winsock2.h
configure:17989: result: no
configure:17989: checking ws2tcpip.h usability
configure:17989: gcc -c  -DLIBSSH2_DARWIN  conftest.c >&5
conftest.c:74:10: fatal error: 'ws2tcpip.h' file not found
#include <ws2tcpip.h>
         ^~~~~~~~~~~~
1 error generated.
configure:17989: $? = 1
configure: failed program was:
| /* confdefs.h */
| #define PACKAGE_NAME "libssh2"
| #define PACKAGE_TARNAME "libssh2"
| #define PACKAGE_VERSION "-"
| #define PACKAGE_STRING "libssh2 -"
| #define PACKAGE_BUGREPORT "libssh2-devel@cool.haxx.se"
| #define PACKAGE_URL ""
| #define PACKAGE "libssh2"
| #define VERSION "-"
| #define STDC_HEADERS 1
| #define HAVE_SYS_TYPES_H 1
| #define HAVE_SYS_STAT_H 1
| #define HAVE_STDLIB_H 1
| #define HAVE_STRING_H 1
| #define HAVE_MEMORY_H 1
| #define HAVE_STRINGS_H 1
| #define HAVE_INTTYPES_H 1
| #define HAVE_STDINT_H 1
| #define HAVE_UNISTD_H 1
| #define HAVE_LONGLONG 1
| #define HAVE_DLFCN_H 1
| #define LT_OBJDIR ".libs/"
| #define HAVE_DECL_SECUREZEROMEMORY 0
| #define HAVE_LIBZ 1
| #define LIBSSH2_HAVE_ZLIB 1
| #define LIBSSH2_DH_GEX_NEW 1
| #define HAVE_ERRNO_H 1
| #define HAVE_FCNTL_H 1
| #define HAVE_STDIO_H 1
| #define HAVE_STDLIB_H 1
| #define HAVE_UNISTD_H 1
| #define HAVE_SYS_UIO_H 1
| #define HAVE_SYS_SELECT_H 1
| #define HAVE_SYS_SOCKET_H 1
| #define HAVE_SYS_IOCTL_H 1
| #define HAVE_SYS_TIME_H 1
| #define HAVE_ARPA_INET_H 1
| #define HAVE_NETINET_IN_H 1
| #define HAVE_SYS_UN_H 1
| /* end confdefs.h.  */
| #include <stdio.h>
| #ifdef HAVE_SYS_TYPES_H
| # include <sys/types.h>
| #endif
| #ifdef HAVE_SYS_STAT_H
| # include <sys/stat.h>
| #endif
| #ifdef STDC_HEADERS
| # include <stdlib.h>
| # include <stddef.h>
| #else
| # ifdef HAVE_STDLIB_H
| #  include <stdlib.h>
| # endif
| #endif
| #ifdef HAVE_STRING_H
| # if !defined STDC_HEADERS && defined HAVE_MEMORY_H
| #  include <memory.h>
| # endif
| # include <string.h>
| #endif
| #ifdef HAVE_STRINGS_H
| # include <strings.h>
| #endif
| #ifdef HAVE_INTTYPES_H
| # include <inttypes.h>
| #endif
| #ifdef HAVE_STDINT_H
| # include <stdint.h>
| #endif
| #ifdef HAVE_UNISTD_H
| # include <unistd.h>
| #endif
| #include <ws2tcpip.h>
configure:17989: result: no
configure:17989: checking ws2tcpip.h presence
configure:17989: gcc -E  conftest.c
conftest.c:41:10: fatal error: 'ws2tcpip.h' file not found
#include <ws2tcpip.h>
         ^~~~~~~~~~~~
1 error generated.
configure:17989: $? = 1
configure: failed program was:
| /* confdefs.h */
| #define PACKAGE_NAME "libssh2"
| #define PACKAGE_TARNAME "libssh2"
| #define PACKAGE_VERSION "-"
| #define PACKAGE_STRING "libssh2 -"
| #define PACKAGE_BUGREPORT "libssh2-devel@cool.haxx.se"
| #define PACKAGE_URL ""
| #define PACKAGE "libssh2"
| #define VERSION "-"
| #define STDC_HEADERS 1
| #define HAVE_SYS_TYPES_H 1
| #define HAVE_SYS_STAT_H 1
| #define HAVE_STDLIB_H 1
| #define HAVE_STRING_H 1
| #define HAVE_MEMORY_H 1
| #define HAVE_STRINGS_H 1
| #define HAVE_INTTYPES_H 1
| #define HAVE_STDINT_H 1
| #define HAVE_UNISTD_H 1
| #define HAVE_LONGLONG 1
| #define HAVE_DLFCN_H 1
| #define LT_OBJDIR ".libs/"
| #define HAVE_DECL_SECUREZEROMEMORY 0
| #define HAVE_LIBZ 1
| #define LIBSSH2_HAVE_ZLIB 1
| #define LIBSSH2_DH_GEX_NEW 1
| #define HAVE_ERRNO_H 1
| #define HAVE_FCNTL_H 1
| #define HAVE_STDIO_H 1
| #define HAVE_STDLIB_H 1
| #define HAVE_UNISTD_H 1
| #define HAVE_SYS_UIO_H 1
| #define HAVE_SYS_SELECT_H 1
| #define HAVE_SYS_SOCKET_H 1
| #define HAVE_SYS_IOCTL_H 1
| #define HAVE_SYS_TIME_H 1
| #define HAVE_ARPA_INET_H 1
| #define HAVE_NETINET_IN_H 1
| #define HAVE_SYS_UN_H 1
| /* end confdefs.h.  */
| #include <ws2tcpip.h>
configure:17989: result: no
configure:17989: checking for ws2tcpip.h
configure:17989: result: no
configure:18004: poll use is disabled on this platform
configure:18025: checking for gettimeofday
configure:18025: gcc -o conftest  -DLIBSSH2_DARWIN   conftest.c  >&5
configure:18025: $? = 0
configure:18025: result: yes
configure:18025: checking for select
configure:18025: gcc -o conftest  -DLIBSSH2_DARWIN   conftest.c  >&5
configure:18025: $? = 0
configure:18025: result: yes
configure:18025: checking for strtoll
configure:18025: gcc -o conftest  -DLIBSSH2_DARWIN   conftest.c  >&5
conftest.c:66:6: warning: incompatible redeclaration of library function 'strtoll' [-Wincompatible-library-redeclaration]
char strtoll ();
     ^
conftest.c:66:6: note: 'strtoll' is a builtin with type 'long long (const char *, char **, int)'
1 warning generated.
configure:18025: $? = 0
configure:18025: result: yes
configure:18025: checking for memset_s
configure:18025: gcc -o conftest  -DLIBSSH2_DARWIN   conftest.c  >&5
configure:18025: $? = 0
configure:18025: result: yes
configure:18079: checking for size_t
configure:18079: gcc -c  -DLIBSSH2_DARWIN  conftest.c >&5
configure:18079: $? = 0
configure:18079: gcc -c  -DLIBSSH2_DARWIN  conftest.c >&5
conftest.c:81:21: error: expected expression
if (sizeof ((size_t)))
                    ^
1 error generated.
configure:18079: $? = 1
configure: failed program was:
| /* confdefs.h */
| #define PACKAGE_NAME "libssh2"
| #define PACKAGE_TARNAME "libssh2"
| #define PACKAGE_VERSION "-"
| #define PACKAGE_STRING "libssh2 -"
| #define PACKAGE_BUGREPORT "libssh2-devel@cool.haxx.se"
| #define PACKAGE_URL ""
| #define PACKAGE "libssh2"
| #define VERSION "-"
| #define STDC_HEADERS 1
| #define HAVE_SYS_TYPES_H 1
| #define HAVE_SYS_STAT_H 1
| #define HAVE_STDLIB_H 1
| #define HAVE_STRING_H 1
| #define HAVE_MEMORY_H 1
| #define HAVE_STRINGS_H 1
| #define HAVE_INTTYPES_H 1
| #define HAVE_STDINT_H 1
| #define HAVE_UNISTD_H 1
| #define HAVE_LONGLONG 1
| #define HAVE_DLFCN_H 1
| #define LT_OBJDIR ".libs/"
| #define HAVE_DECL_SECUREZEROMEMORY 0
| #define HAVE_LIBZ 1
| #define LIBSSH2_HAVE_ZLIB 1
| #define LIBSSH2_DH_GEX_NEW 1
| #define HAVE_ERRNO_H 1
| #define HAVE_FCNTL_H 1
| #define HAVE_STDIO_H 1
| #define HAVE_STDLIB_H 1
| #define HAVE_UNISTD_H 1
| #define HAVE_SYS_UIO_H 1
| #define HAVE_SYS_SELECT_H 1
| #define HAVE_SYS_SOCKET_H 1
| #define HAVE_SYS_IOCTL_H 1
| #define HAVE_SYS_TIME_H 1
| #define HAVE_ARPA_INET_H 1
| #define HAVE_NETINET_IN_H 1
| #define HAVE_SYS_UN_H 1
| #define HAVE_GETTIMEOFDAY 1
| #define HAVE_SELECT 1
| #define HAVE_STRTOLL 1
| #define HAVE_MEMSET_S 1
| /* end confdefs.h.  */
| #include <stdio.h>
| #ifdef HAVE_SYS_TYPES_H
| # include <sys/types.h>
| #endif
| #ifdef HAVE_SYS_STAT_H
| # include <sys/stat.h>
| #endif
| #ifdef STDC_HEADERS
| # include <stdlib.h>
| # include <stddef.h>
| #else
| # ifdef HAVE_STDLIB_H
| #  include <stdlib.h>
| # endif
| #endif
| #ifdef HAVE_STRING_H
| # if !defined STDC_HEADERS && defined HAVE_MEMORY_H
| #  include <memory.h>
| # endif
| # include <string.h>
| #endif
| #ifdef HAVE_STRINGS_H
| # include <strings.h>
| #endif
| #ifdef HAVE_INTTYPES_H
| # include <inttypes.h>
| #endif
| #ifdef HAVE_STDINT_H
| # include <stdint.h>
| #endif
| #ifdef HAVE_UNISTD_H
| # include <unistd.h>
| #endif
| int
| main ()
| {
| if (sizeof ((size_t)))
| 	    return 0;
|   ;
|   return 0;
| }
configure:18079: result: yes
configure:18092: checking for working alloca.h
configure:18109: gcc -o conftest  -DLIBSSH2_DARWIN   conftest.c  >&5
configure:18109: $? = 0
configure:18117: result: yes
configure:18125: checking for alloca
configure:18162: gcc -o conftest  -DLIBSSH2_DARWIN   conftest.c  >&5
configure:18162: $? = 0
configure:18170: result: yes
configure:18278: checking for an ANSI C-conforming const
configure:18344: gcc -c  -DLIBSSH2_DARWIN  conftest.c >&5
configure:18344: $? = 0
configure:18351: result: yes
configure:18359: checking for inline
configure:18375: gcc -c  -DLIBSSH2_DARWIN  conftest.c >&5
configure:18375: $? = 0
configure:18383: result: inline
configure:18403: checking non-blocking sockets style
configure:18441: gcc -c  -DLIBSSH2_DARWIN  conftest.c >&5
configure:18441: $? = 0
configure:18602: result: O_NONBLOCK
configure:18620: ERROR: No openssl crypto library found!
No libgcrypt crypto library found!
No mbedtls crypto library found!
No wincng crypto library found!

Specify --with-crypto=$backend and/or the neccessary library search prefix.

Known crypto backends: auto, openssl, libgcrypt, mbedtls, wincng
configure:18626: error: Required dependencies are missing!

## ---------------- ##
## Cache variables. ##
## ---------------- ##

ac_cv_build=x86_64-apple-darwin19.6.0
ac_cv_c_bigendian=no
ac_cv_c_compiler_gnu=yes
ac_cv_c_const=yes
ac_cv_c_inline=inline
ac_cv_env_CC_set=
ac_cv_env_CC_value=
ac_cv_env_CFLAGS_set=
ac_cv_env_CFLAGS_value=
ac_cv_env_CPPFLAGS_set=
ac_cv_env_CPPFLAGS_value=
ac_cv_env_CPP_set=
ac_cv_env_CPP_value=
ac_cv_env_LDFLAGS_set=
ac_cv_env_LDFLAGS_value=
ac_cv_env_LIBS_set=
ac_cv_env_LIBS_value=
ac_cv_env_LT_SYS_LIBRARY_PATH_set=
ac_cv_env_LT_SYS_LIBRARY_PATH_value=
ac_cv_env_build_alias_set=
ac_cv_env_build_alias_value=
ac_cv_env_host_alias_set=
ac_cv_env_host_alias_value=
ac_cv_env_target_alias_set=
ac_cv_env_target_alias_value=
ac_cv_func_alloca_works=yes
ac_cv_func_gettimeofday=yes
ac_cv_func_memset_s=yes
ac_cv_func_select=yes
ac_cv_func_strtoll=yes
ac_cv_have_decl_SecureZeroMemory=no
ac_cv_header_arpa_inet_h=yes
ac_cv_header_dlfcn_h=yes
ac_cv_header_errno_h=yes
ac_cv_header_fcntl_h=yes
ac_cv_header_inttypes_h=yes
ac_cv_header_memory_h=yes
ac_cv_header_netinet_in_h=yes
ac_cv_header_ntdef_h=no
ac_cv_header_ntstatus_h=no
ac_cv_header_stdc=yes
ac_cv_header_stdint_h=yes
ac_cv_header_stdio_h=yes
ac_cv_header_stdlib_h=yes
ac_cv_header_string_h=yes
ac_cv_header_strings_h=yes
ac_cv_header_sys_ioctl_h=yes
ac_cv_header_sys_select_h=yes
ac_cv_header_sys_socket_h=yes
ac_cv_header_sys_stat_h=yes
ac_cv_header_sys_time_h=yes
ac_cv_header_sys_types_h=yes
ac_cv_header_sys_uio_h=yes
ac_cv_header_sys_un_h=yes
ac_cv_header_unistd_h=yes
ac_cv_header_windows_h=no
ac_cv_header_winsock2_h=no
ac_cv_header_ws2tcpip_h=no
ac_cv_host=x86_64-apple-darwin19.6.0
ac_cv_libbcrypt=no
ac_cv_libcrypt32=no
ac_cv_libgcrypt=no
ac_cv_libmbedcrypto=no
ac_cv_libssl=no
ac_cv_libz=yes
ac_cv_objext=o
ac_cv_path_EGREP='/usr/bin/grep -E'
ac_cv_path_FGREP='/usr/bin/grep -F'
ac_cv_path_GREP=/usr/bin/grep
ac_cv_path_SED=/usr/bin/sed
ac_cv_path_SSHD=/usr/sbin/sshd
ac_cv_path_install='/usr/bin/install -c'
ac_cv_path_lt_DD=/bin/dd
ac_cv_prog_AWK=awk
ac_cv_prog_CPP='gcc -E'
ac_cv_prog_ac_ct_AR=ar
ac_cv_prog_ac_ct_CC=gcc
ac_cv_prog_ac_ct_DLLTOOL=dlltool
ac_cv_prog_ac_ct_DSYMUTIL=dsymutil
ac_cv_prog_ac_ct_LIPO=lipo
ac_cv_prog_ac_ct_NMEDIT=nmedit
ac_cv_prog_ac_ct_OBJDUMP=objdump
ac_cv_prog_ac_ct_OTOOL=otool
ac_cv_prog_ac_ct_RANLIB=ranlib
ac_cv_prog_ac_ct_STRIP=strip
ac_cv_prog_cc_c89=
ac_cv_prog_cc_g=yes
ac_cv_prog_make_make_set=yes
ac_cv_search_inet_addr='none required'
ac_cv_search_socket='none required'
ac_cv_sys_file_offset_bits=no
ac_cv_sys_largefile_CC=no
ac_cv_type_long_long=yes
ac_cv_type_size_t=yes
ac_cv_working_alloca_h=yes
acl_cv_hardcode_direct=no
acl_cv_hardcode_libdir_flag_spec=
acl_cv_hardcode_libdir_separator=
acl_cv_hardcode_minus_L=no
acl_cv_libext=a
acl_cv_libname_spec='lib$name'
acl_cv_library_names_spec='$libname$shrext'
acl_cv_path_LD=/Library/Developer/CommandLineTools/usr/bin/ld
acl_cv_prog_gnu_ld=no
acl_cv_rpath=done
acl_cv_shlibext=dylib
acl_cv_wl=-Wl,
am_cv_CC_dependencies_compiler_type=gcc3
am_cv_make_support_nested_variables=yes
am_cv_prog_cc_c_o=yes
lt_cv_apple_cc_single_mod=yes
lt_cv_ar_at_file=no
lt_cv_deplibs_check_method=pass_all
lt_cv_file_magic_cmd='$MAGIC_CMD'
lt_cv_file_magic_test_file=
lt_cv_ld_exported_symbols_list=yes
lt_cv_ld_force_load=yes
lt_cv_ld_reload_flag=-r
lt_cv_nm_interface='BSD nm'
lt_cv_objdir=.libs
lt_cv_path_LD=/Library/Developer/CommandLineTools/usr/bin/ld
lt_cv_path_NM='/usr/bin/nm -B'
lt_cv_path_mainfest_tool=no
lt_cv_prog_compiler_c_o=yes
lt_cv_prog_compiler_pic='-fno-common -DPIC'
lt_cv_prog_compiler_pic_works=yes
lt_cv_prog_compiler_rtti_exceptions=yes
lt_cv_prog_compiler_static_works=no
lt_cv_prog_gnu_ld=no
lt_cv_sharedlib_from_linklib_cmd='printf %s\n'
lt_cv_sys_global_symbol_pipe='sed -n -e '\''s/^.*[	 ]\([BCDEGRST][BCDEGRST]*\)[	 ][	 ]*_\([_A-Za-z][_A-Za-z0-9]*\)$/\1 _\2 \2/p'\'' | sed '\''/ __gnu_lto/d'\'''
lt_cv_sys_global_symbol_to_c_name_address='sed -n -e '\''s/^: \(.*\) .*$/  {"\1", (void *) 0},/p'\'' -e '\''s/^[BCDEGRST][BCDEGRST]* .* \(.*\)$/  {"\1", (void *) \&\1},/p'\'''
lt_cv_sys_global_symbol_to_c_name_address_lib_prefix='sed -n -e '\''s/^: \(.*\) .*$/  {"\1", (void *) 0},/p'\'' -e '\''s/^[BCDEGRST][BCDEGRST]* .* \(lib.*\)$/  {"\1", (void *) \&\1},/p'\'' -e '\''s/^[BCDEGRST][BCDEGRST]* .* \(.*\)$/  {"lib\1", (void *) \&\1},/p'\'''
lt_cv_sys_global_symbol_to_cdecl='sed -n -e '\''s/^T .* \(.*\)$/extern int \1();/p'\'' -e '\''s/^[BCDEGRST][BCDEGRST]* .* \(.*\)$/extern char \1;/p'\'''
lt_cv_sys_global_symbol_to_import=
lt_cv_sys_max_cmd_len=196608
lt_cv_to_host_file_cmd=func_convert_file_noop
lt_cv_to_tool_file_cmd=func_convert_file_noop
lt_cv_truncate_bin='/bin/dd bs=4096 count=1'

## ----------------- ##
## Output variables. ##
## ----------------- ##

ACLOCAL='${SHELL} /Users/cyan/Downloads/nmap-7.91/libssh2/missing aclocal-1.16'
ALLOCA=''
AMDEPBACKSLASH='\'
AMDEP_FALSE='#'
AMDEP_TRUE=''
AMTAR='$${TAR-tar}'
AM_BACKSLASH='\'
AM_DEFAULT_V='$(AM_DEFAULT_VERBOSITY)'
AM_DEFAULT_VERBOSITY='0'
AM_V='$(V)'
AR='ar'
AS='as'
AUTOCONF='${SHELL} /Users/cyan/Downloads/nmap-7.91/libssh2/missing autoconf'
AUTOHEADER='${SHELL} /Users/cyan/Downloads/nmap-7.91/libssh2/missing autoheader'
AUTOMAKE='${SHELL} /Users/cyan/Downloads/nmap-7.91/libssh2/missing automake-1.16'
AWK='awk'
CC='gcc'
CCDEPMODE='depmode=gcc3'
CFLAGS=' -DLIBSSH2_DARWIN'
CPP='gcc -E'
CPPFLAGS=''
CYGPATH_W='echo'
DEFS=''
DEPDIR='.deps'
DLLTOOL='dlltool'
DSYMUTIL='dsymutil'
DUMPBIN=''
ECHO_C='\c'
ECHO_N=''
ECHO_T=''
EGREP='/usr/bin/grep -E'
EXEEXT=''
FGREP='/usr/bin/grep -F'
GREP='/usr/bin/grep'
HAVE_LIBBCRYPT='no'
HAVE_LIBCRYPT32='no'
HAVE_LIBGCRYPT='no'
HAVE_LIBMBEDCRYPTO='no'
HAVE_LIBSSL='no'
HAVE_LIBZ='yes'
HAVE_SYS_UN_H_FALSE='#'
HAVE_SYS_UN_H_TRUE=''
INSTALL_DATA='${INSTALL} -m 644'
INSTALL_PROGRAM='${INSTALL}'
INSTALL_SCRIPT='${INSTALL}'
INSTALL_STRIP_PROGRAM='$(install_sh) -c -s'
LD='/Library/Developer/CommandLineTools/usr/bin/ld'
LDFLAGS=''
LIBBCRYPT=''
LIBBCRYPT_PREFIX=''
LIBCRYPT32=''
LIBCRYPT32_PREFIX=''
LIBGCRYPT=''
LIBGCRYPT_FALSE=''
LIBGCRYPT_PREFIX=''
LIBGCRYPT_TRUE='#'
LIBMBEDCRYPTO=''
LIBMBEDCRYPTO_PREFIX=''
LIBOBJS=''
LIBS=''
LIBSREQUIRED='zlib'
LIBSSH2VER='1.9.0'
LIBSSL=''
LIBSSL_PREFIX=''
LIBTOOL='$(SHELL) $(top_builddir)/libtool'
LIBZ='-lz'
LIBZ_PREFIX=''
LIPO='lipo'
LN_S='ln -s'
LTLIBBCRYPT=''
LTLIBCRYPT32=''
LTLIBGCRYPT=''
LTLIBMBEDCRYPTO=''
LTLIBOBJS=''
LTLIBSSL=''
LTLIBZ='-lz'
LT_SYS_LIBRARY_PATH=''
MAINT='#'
MAINTAINER_MODE_FALSE=''
MAINTAINER_MODE_TRUE='#'
MAKEINFO='${SHELL} /Users/cyan/Downloads/nmap-7.91/libssh2/missing makeinfo'
MANIFEST_TOOL=':'
MBEDTLS_FALSE=''
MBEDTLS_TRUE='#'
MKDIR_P='./install-sh -c -d'
NM='/usr/bin/nm -B'
NMEDIT='nmedit'
OBJDUMP='objdump'
OBJEXT='o'
OPENSSL_FALSE=''
OPENSSL_TRUE='#'
OTOOL64=':'
OTOOL='otool'
PACKAGE='libssh2'
PACKAGE_BUGREPORT='libssh2-devel@cool.haxx.se'
PACKAGE_NAME='libssh2'
PACKAGE_STRING='libssh2 -'
PACKAGE_TARNAME='libssh2'
PACKAGE_URL=''
PACKAGE_VERSION='-'
PATH_SEPARATOR=':'
RANLIB='ranlib'
SED='/usr/bin/sed'
SET_MAKE=''
SHELL='/bin/sh'
SSHD='/usr/sbin/sshd'
SSHD_FALSE='#'
SSHD_TRUE=''
STRIP='strip'
VERSION='-'
WINCNG_FALSE=''
WINCNG_TRUE='#'
ac_ct_AR='ar'
ac_ct_CC='gcc'
ac_ct_DUMPBIN=''
am__EXEEXT_FALSE=''
am__EXEEXT_TRUE=''
am__fastdepCC_FALSE='#'
am__fastdepCC_TRUE=''
am__include='include'
am__isrc=''
am__leading_dot='.'
am__nodep='_no'
am__quote=''
am__tar='$${TAR-tar} chof - "$$tardir"'
am__untar='$${TAR-tar} xf -'
bindir='${exec_prefix}/bin'
build='x86_64-apple-darwin19.6.0'
build_alias=''
build_cpu='x86_64'
build_os='darwin19.6.0'
build_vendor='apple'
datadir='${datarootdir}'
datarootdir='${prefix}/share'
docdir='${datarootdir}/doc/${PACKAGE_TARNAME}'
dvidir='${docdir}'
exec_prefix='NONE'
host='x86_64-apple-darwin19.6.0'
host_alias=''
host_cpu='x86_64'
host_os='darwin19.6.0'
host_vendor='apple'
htmldir='${docdir}'
includedir='${prefix}/include'
infodir='${datarootdir}/info'
install_sh='${SHELL} /Users/cyan/Downloads/nmap-7.91/libssh2/install-sh'
libdir='${exec_prefix}/lib'
libexecdir='${exec_prefix}/libexec'
localedir='${datarootdir}/locale'
localstatedir='${prefix}/var'
mandir='${datarootdir}/man'
mkdir_p='$(MKDIR_P)'
oldincludedir='/usr/include'
pdfdir='${docdir}'
prefix='/usr/local'
program_transform_name='s,x,x,'
psdir='${docdir}'
runstatedir='${localstatedir}/run'
sbindir='${exec_prefix}/sbin'
sharedstatedir='${prefix}/com'
sysconfdir='${prefix}/etc'
target_alias=''

## ----------- ##
## confdefs.h. ##
## ----------- ##

/* confdefs.h */
#define PACKAGE_NAME "libssh2"
#define PACKAGE_TARNAME "libssh2"
#define PACKAGE_VERSION "-"
#define PACKAGE_STRING "libssh2 -"
#define PACKAGE_BUGREPORT "libssh2-devel@cool.haxx.se"
#define PACKAGE_URL ""
#define PACKAGE "libssh2"
#define VERSION "-"
#define STDC_HEADERS 1
#define HAVE_SYS_TYPES_H 1
#define HAVE_SYS_STAT_H 1
#define HAVE_STDLIB_H 1
#define HAVE_STRING_H 1
#define HAVE_MEMORY_H 1
#define HAVE_STRINGS_H 1
#define HAVE_INTTYPES_H 1
#define HAVE_STDINT_H 1
#define HAVE_UNISTD_H 1
#define HAVE_LONGLONG 1
#define HAVE_DLFCN_H 1
#define LT_OBJDIR ".libs/"
#define HAVE_DECL_SECUREZEROMEMORY 0
#define HAVE_LIBZ 1
#define LIBSSH2_HAVE_ZLIB 1
#define LIBSSH2_DH_GEX_NEW 1
#define HAVE_ERRNO_H 1
#define HAVE_FCNTL_H 1
#define HAVE_STDIO_H 1
#define HAVE_STDLIB_H 1
#define HAVE_UNISTD_H 1
#define HAVE_SYS_UIO_H 1
#define HAVE_SYS_SELECT_H 1
#define HAVE_SYS_SOCKET_H 1
#define HAVE_SYS_IOCTL_H 1
#define HAVE_SYS_TIME_H 1
#define HAVE_ARPA_INET_H 1
#define HAVE_NETINET_IN_H 1
#define HAVE_SYS_UN_H 1
#define HAVE_GETTIMEOFDAY 1
#define HAVE_SELECT 1
#define HAVE_STRTOLL 1
#define HAVE_MEMSET_S 1
#define HAVE_ALLOCA_H 1
#define HAVE_ALLOCA 1
#define HAVE_O_NONBLOCK 1

configure: exit 1
