This file contains any messages produced by compilers while
running configure, to aid debugging if configure makes a mistake.

It was created by pcap configure 1.9.1, which was
generated by GNU Autoconf 2.69.  Invocation command line was

  $ ./configure --disable-option-checking --prefix=/usr/local --with-libpcap=included --cache-file=/dev/null --srcdir=.

## --------- ##
## Platform. ##
## --------- ##

hostname = localhost.local
uname -m = x86_64
uname -r = 19.6.0
uname -s = Darwin
uname -v = Darwin Kernel Version 19.6.0: Tue Nov 10 00:10:30 PST 2020; root:xnu-6153.141.10~1/RELEASE_X86_64

/usr/bin/uname -p = i386
/bin/uname -X     = unknown

/bin/arch              = unknown
/usr/bin/arch -k       = unknown
/usr/convex/getsysinfo = unknown
/usr/bin/hostinfo      = Mach kernel version:
	 Darwin Kernel Version 19.6.0: Tue Nov 10 00:10:30 PST 2020; root:xnu-6153.141.10~1/RELEASE_X86_64
Kernel configured for up to 16 processors.
8 processors are physically available.
16 processors are logically available.
Processor type: x86_64h (Intel x86-64h Haswell)
Processors active: 0 1 2 3 4 5 6 7 8 9 10 11 12 13 14 15
Primary memory available: 16.00 gigabytes
Default processor set: 504 tasks, 2381 threads, 16 processors
Load average: 2.73, Mach factor: 13.27
/bin/machine           = unknown
/usr/bin/oslevel       = unknown
/bin/universe          = unknown

PATH: /Users/cyan/go/bin
PATH: /usr/local/bin
PATH: /usr/bin
PATH: /bin
PATH: /usr/sbin
PATH: /sbin


## ----------- ##
## Core tests. ##
## ----------- ##

configure:2426: checking build system type
configure:2440: result: x86_64-apple-darwin19.6.0
configure:2460: checking host system type
configure:2473: result: x86_64-apple-darwin19.6.0
configure:2493: checking target system type
configure:2506: result: x86_64-apple-darwin19.6.0
configure:2658: checking for gcc
configure:2674: found /usr/bin/gcc
configure:2685: result: gcc
configure:2914: checking for C compiler version
configure:2923: gcc --version >&5
Apple clang version 12.0.0 (clang-1200.0.32.28)
Target: x86_64-apple-darwin19.6.0
Thread model: posix
InstalledDir: /Library/Developer/CommandLineTools/usr/bin
Configured with: --prefix=/Library/Developer/CommandLineTools/usr --with-gxx-include-dir=/Library/Developer/CommandLineTools/SDKs/MacOSX10.15.sdk/usr/include/c++/4.2.1
configure:2934: $? = 0
configure:2923: gcc -v >&5
Configured with: --prefix=/Library/Developer/CommandLineTools/usr --with-gxx-include-dir=/Library/Developer/CommandLineTools/SDKs/MacOSX10.15.sdk/usr/include/c++/4.2.1
Apple clang version 12.0.0 (clang-1200.0.32.28)
Target: x86_64-apple-darwin19.6.0
Thread model: posix
InstalledDir: /Library/Developer/CommandLineTools/usr/bin
configure:2934: $? = 0
configure:2923: gcc -V >&5
clang: error: argument to '-V' is missing (expected 1 value)
clang: error: no input files
configure:2934: $? = 1
configure:2923: gcc -qversion >&5
clang: error: unknown argument '-qversion'; did you mean '--version'?
clang: error: no input files
configure:2934: $? = 1
configure:2954: checking whether the C compiler works
configure:2976: gcc    conftest.c  >&5
configure:2980: $? = 0
configure:3028: result: yes
configure:3031: checking for C compiler default output file name
configure:3033: result: a.out
configure:3039: checking for suffix of executables
configure:3046: gcc -o conftest    conftest.c  >&5
configure:3050: $? = 0
configure:3072: result: 
configure:3094: checking whether we are cross compiling
configure:3102: gcc -o conftest    conftest.c  >&5
configure:3106: $? = 0
configure:3113: ./conftest
configure:3117: $? = 0
configure:3132: result: no
configure:3137: checking for suffix of object files
configure:3159: gcc -c   conftest.c >&5
configure:3163: $? = 0
configure:3184: result: o
configure:3188: checking whether we are using the GNU C compiler
configure:3207: gcc -c   conftest.c >&5
configure:3207: $? = 0
configure:3216: result: yes
configure:3225: checking whether gcc accepts -g
configure:3245: gcc -c -g  conftest.c >&5
configure:3245: $? = 0
configure:3286: result: yes
configure:3303: checking for gcc option to accept ISO C89
configure:3366: gcc  -c -g -O2  conftest.c >&5
configure:3366: $? = 0
configure:3379: result: none needed
configure:3399: checking for gcc option to accept ISO C99
configure:3548: gcc  -c -g -O2  conftest.c >&5
configure:3548: $? = 0
configure:3561: result: none needed
configure:3597: checking whether the compiler supports the -fvisibility=hidden option
configure:3623: gcc -c -g -O2 -Werror -fvisibility=hidden  conftest.c >&5
configure:3623: $? = 0
configure:3625: result: yes
configure:4127: checking for inline
configure:4163: gcc -c  -fvisibility=hidden  conftest.c >&5
configure:4163: $? = 0
configure:4178: result: inline
configure:4200: checking for special C compiler options needed for large files
configure:4245: result: no
configure:4251: checking for _FILE_OFFSET_BITS value needed for large files
configure:4276: gcc -c -g -O2  conftest.c >&5
configure:4276: $? = 0
configure:4308: result: no
configure:4393: checking for _LARGEFILE_SOURCE value needed for large files
configure:4412: gcc -o conftest -g -O2   conftest.c  >&5
configure:4412: $? = 0
configure:4440: result: no
configure:4467: checking how to run the C preprocessor
configure:4498: gcc -E  conftest.c
configure:4498: $? = 0
configure:4512: gcc -E  conftest.c
conftest.c:11:10: fatal error: 'ac_nonexistent.h' file not found
#include <ac_nonexistent.h>
         ^~~~~~~~~~~~~~~~~~
1 error generated.
configure:4512: $? = 1
configure: failed program was:
| /* confdefs.h */
| #define PACKAGE_NAME "pcap"
| #define PACKAGE_TARNAME "pcap"
| #define PACKAGE_VERSION "1.9.1"
| #define PACKAGE_STRING "pcap 1.9.1"
| #define PACKAGE_BUGREPORT ""
| #define PACKAGE_URL ""
| #define inline inline
| #define HAVE_FSEEKO 1
| /* end confdefs.h.  */
| #include <ac_nonexistent.h>
configure:4537: result: gcc -E
configure:4557: gcc -E  conftest.c
configure:4557: $? = 0
configure:4571: gcc -E  conftest.c
conftest.c:11:10: fatal error: 'ac_nonexistent.h' file not found
#include <ac_nonexistent.h>
         ^~~~~~~~~~~~~~~~~~
1 error generated.
configure:4571: $? = 1
configure: failed program was:
| /* confdefs.h */
| #define PACKAGE_NAME "pcap"
| #define PACKAGE_TARNAME "pcap"
| #define PACKAGE_VERSION "1.9.1"
| #define PACKAGE_STRING "pcap 1.9.1"
| #define PACKAGE_BUGREPORT ""
| #define PACKAGE_URL ""
| #define inline inline
| #define HAVE_FSEEKO 1
| /* end confdefs.h.  */
| #include <ac_nonexistent.h>
configure:4600: checking for grep that handles long lines and -e
configure:4658: result: /usr/bin/grep
configure:4663: checking for egrep
configure:4725: result: /usr/bin/grep -E
configure:4730: checking for ANSI C header files
configure:4750: gcc -c -g -O2  conftest.c >&5
configure:4750: $? = 0
configure:4823: gcc -o conftest -g -O2   conftest.c  >&5
configure:4823: $? = 0
configure:4823: ./conftest
configure:4823: $? = 0
configure:4834: result: yes
configure:4847: checking for sys/types.h
configure:4847: gcc -c -g -O2  conftest.c >&5
configure:4847: $? = 0
configure:4847: result: yes
configure:4847: checking for sys/stat.h
configure:4847: gcc -c -g -O2  conftest.c >&5
configure:4847: $? = 0
configure:4847: result: yes
configure:4847: checking for stdlib.h
configure:4847: gcc -c -g -O2  conftest.c >&5
configure:4847: $? = 0
configure:4847: result: yes
configure:4847: checking for string.h
configure:4847: gcc -c -g -O2  conftest.c >&5
configure:4847: $? = 0
configure:4847: result: yes
configure:4847: checking for memory.h
configure:4847: gcc -c -g -O2  conftest.c >&5
configure:4847: $? = 0
configure:4847: result: yes
configure:4847: checking for strings.h
configure:4847: gcc -c -g -O2  conftest.c >&5
configure:4847: $? = 0
configure:4847: result: yes
configure:4847: checking for inttypes.h
configure:4847: gcc -c -g -O2  conftest.c >&5
configure:4847: $? = 0
configure:4847: result: yes
configure:4847: checking for stdint.h
configure:4847: gcc -c -g -O2  conftest.c >&5
configure:4847: $? = 0
configure:4847: result: yes
configure:4847: checking for unistd.h
configure:4847: gcc -c -g -O2  conftest.c >&5
configure:4847: $? = 0
configure:4847: result: yes
configure:4862: checking sys/ioccom.h usability
configure:4862: gcc -c -g -O2  conftest.c >&5
configure:4862: $? = 0
configure:4862: result: yes
configure:4862: checking sys/ioccom.h presence
configure:4862: gcc -E  conftest.c
configure:4862: $? = 0
configure:4862: result: yes
configure:4862: checking for sys/ioccom.h
configure:4862: result: yes
configure:4862: checking sys/sockio.h usability
configure:4862: gcc -c -g -O2  conftest.c >&5
configure:4862: $? = 0
configure:4862: result: yes
configure:4862: checking sys/sockio.h presence
configure:4862: gcc -E  conftest.c
configure:4862: $? = 0
configure:4862: result: yes
configure:4862: checking for sys/sockio.h
configure:4862: result: yes
configure:4862: checking limits.h usability
configure:4862: gcc -c -g -O2  conftest.c >&5
configure:4862: $? = 0
configure:4862: result: yes
configure:4862: checking limits.h presence
configure:4862: gcc -E  conftest.c
configure:4862: $? = 0
configure:4862: result: yes
configure:4862: checking for limits.h
configure:4862: result: yes
configure:4874: checking netpacket/packet.h usability
configure:4874: gcc -c -g -O2  conftest.c >&5
conftest.c:57:10: fatal error: 'netpacket/packet.h' file not found
#include <netpacket/packet.h>
         ^~~~~~~~~~~~~~~~~~~~
1 error generated.
configure:4874: $? = 1
configure: failed program was:
| /* confdefs.h */
| #define PACKAGE_NAME "pcap"
| #define PACKAGE_TARNAME "pcap"
| #define PACKAGE_VERSION "1.9.1"
| #define PACKAGE_STRING "pcap 1.9.1"
| #define PACKAGE_BUGREPORT ""
| #define PACKAGE_URL ""
| #define inline inline
| #define HAVE_FSEEKO 1
| #define STDC_HEADERS 1
| #define HAVE_SYS_TYPES_H 1
| #define HAVE_SYS_STAT_H 1
| #define HAVE_STDLIB_H 1
| #define HAVE_STRING_H 1
| #define HAVE_MEMORY_H 1
| #define HAVE_STRINGS_H 1
| #define HAVE_INTTYPES_H 1
| #define HAVE_STDINT_H 1
| #define HAVE_UNISTD_H 1
| #define HAVE_SYS_IOCCOM_H 1
| #define HAVE_SYS_SOCKIO_H 1
| #define HAVE_LIMITS_H 1
| /* end confdefs.h.  */
| #include <stdio.h>
| #ifdef HAVE_SYS_TYPES_H
| # include <sys/types.h>
| #endif
| #ifdef HAVE_SYS_STAT_H
| # include <sys/stat.h>
| #endif
| #ifdef STDC_HEADERS
| # include <stdlib.h>
| # include <stddef.h>
| #else
| # ifdef HAVE_STDLIB_H
| #  include <stdlib.h>
| # endif
| #endif
| #ifdef HAVE_STRING_H
| # if !defined STDC_HEADERS && defined HAVE_MEMORY_H
| #  include <memory.h>
| # endif
| # include <string.h>
| #endif
| #ifdef HAVE_STRINGS_H
| # include <strings.h>
| #endif
| #ifdef HAVE_INTTYPES_H
| # include <inttypes.h>
| #endif
| #ifdef HAVE_STDINT_H
| # include <stdint.h>
| #endif
| #ifdef HAVE_UNISTD_H
| # include <unistd.h>
| #endif
| #include <netpacket/packet.h>
configure:4874: result: no
configure:4874: checking netpacket/packet.h presence
configure:4874: gcc -E  conftest.c
conftest.c:24:10: fatal error: 'netpacket/packet.h' file not found
#include <netpacket/packet.h>
         ^~~~~~~~~~~~~~~~~~~~
1 error generated.
configure:4874: $? = 1
configure: failed program was:
| /* confdefs.h */
| #define PACKAGE_NAME "pcap"
| #define PACKAGE_TARNAME "pcap"
| #define PACKAGE_VERSION "1.9.1"
| #define PACKAGE_STRING "pcap 1.9.1"
| #define PACKAGE_BUGREPORT ""
| #define PACKAGE_URL ""
| #define inline inline
| #define HAVE_FSEEKO 1
| #define STDC_HEADERS 1
| #define HAVE_SYS_TYPES_H 1
| #define HAVE_SYS_STAT_H 1
| #define HAVE_STDLIB_H 1
| #define HAVE_STRING_H 1
| #define HAVE_MEMORY_H 1
| #define HAVE_STRINGS_H 1
| #define HAVE_INTTYPES_H 1
| #define HAVE_STDINT_H 1
| #define HAVE_UNISTD_H 1
| #define HAVE_SYS_IOCCOM_H 1
| #define HAVE_SYS_SOCKIO_H 1
| #define HAVE_LIMITS_H 1
| /* end confdefs.h.  */
| #include <netpacket/packet.h>
configure:4874: result: no
configure:4874: checking for netpacket/packet.h
configure:4874: result: no
configure:4886: checking for net/pfvar.h
configure:4886: gcc -c -g -O2  conftest.c >&5
conftest.c:28:10: fatal error: 'net/pfvar.h' file not found
#include <net/pfvar.h>
         ^~~~~~~~~~~~~
1 error generated.
configure:4886: $? = 1
configure: failed program was:
| /* confdefs.h */
| #define PACKAGE_NAME "pcap"
| #define PACKAGE_TARNAME "pcap"
| #define PACKAGE_VERSION "1.9.1"
| #define PACKAGE_STRING "pcap 1.9.1"
| #define PACKAGE_BUGREPORT ""
| #define PACKAGE_URL ""
| #define inline inline
| #define HAVE_FSEEKO 1
| #define STDC_HEADERS 1
| #define HAVE_SYS_TYPES_H 1
| #define HAVE_SYS_STAT_H 1
| #define HAVE_STDLIB_H 1
| #define HAVE_STRING_H 1
| #define HAVE_MEMORY_H 1
| #define HAVE_STRINGS_H 1
| #define HAVE_INTTYPES_H 1
| #define HAVE_STDINT_H 1
| #define HAVE_UNISTD_H 1
| #define HAVE_SYS_IOCCOM_H 1
| #define HAVE_SYS_SOCKIO_H 1
| #define HAVE_LIMITS_H 1
| /* end confdefs.h.  */
| #include <sys/types.h>
| #include <sys/socket.h>
| #include <net/if.h>
| 
| #include <net/pfvar.h>
configure:4886: result: no
configure:4957: checking for ANSI ioctl definitions
configure:4985: gcc -c -g -O2  conftest.c >&5
conftest.c:37:9: warning: no case matching constant switch condition '0'
switch (0) {
        ^
1 warning generated.
configure:4985: $? = 0
configure:4993: result: yes
configure:5004: checking for strerror
configure:5004: gcc -o conftest -g -O2   conftest.c  >&5
conftest.c:47:6: warning: incompatible redeclaration of library function 'strerror' [-Wincompatible-library-redeclaration]
char strerror ();
     ^
conftest.c:47:6: note: 'strerror' is a builtin with type 'char *(int)'
1 warning generated.
configure:5004: $? = 0
configure:5004: result: yes
configure:5013: checking for strerror_r
configure:5013: gcc -o conftest -g -O2   conftest.c  >&5
configure:5013: $? = 0
configure:5013: result: yes
configure:5020: checking whether strerror_r is GNU-style
configure:5039: gcc -c -g -O2  conftest.c >&5
conftest.c:30:14: error: conflicting types for 'strerror_r'
extern char *strerror_r(int, char *, size_t);
             ^
/Library/Developer/CommandLineTools/SDKs/MacOSX10.15.sdk/usr/include/string.h:116:6: note: previous declaration is here
int      strerror_r(int __errnum, char *__strerrbuf, size_t __buflen);
         ^
1 error generated.
configure:5039: $? = 1
configure: failed program was:
| /* confdefs.h */
| #define PACKAGE_NAME "pcap"
| #define PACKAGE_TARNAME "pcap"
| #define PACKAGE_VERSION "1.9.1"
| #define PACKAGE_STRING "pcap 1.9.1"
| #define PACKAGE_BUGREPORT ""
| #define PACKAGE_URL ""
| #define inline inline
| #define HAVE_FSEEKO 1
| #define STDC_HEADERS 1
| #define HAVE_SYS_TYPES_H 1
| #define HAVE_SYS_STAT_H 1
| #define HAVE_STDLIB_H 1
| #define HAVE_STRING_H 1
| #define HAVE_MEMORY_H 1
| #define HAVE_STRINGS_H 1
| #define HAVE_INTTYPES_H 1
| #define HAVE_STDINT_H 1
| #define HAVE_UNISTD_H 1
| #define HAVE_SYS_IOCCOM_H 1
| #define HAVE_SYS_SOCKIO_H 1
| #define HAVE_LIMITS_H 1
| #define HAVE_STRERROR 1
| /* end confdefs.h.  */
| 
| 		#define _GNU_SOURCE
| #include <string.h>
| 
| /* Define it GNU-style; that will cause an error if it's not GNU-style */
| extern char *strerror_r(int, char *, size_t);
| 
| int
| main(void)
| {
| 	return 0;
| }
| 
| 
configure:5050: result: no
configure:5084: checking for vsyslog
configure:5084: gcc -o conftest -g -O2   conftest.c  >&5
configure:5084: $? = 0
configure:5084: result: yes
configure:5120: checking for vsnprintf
configure:5120: gcc -o conftest -g -O2   conftest.c  >&5
conftest.c:50:6: warning: incompatible redeclaration of library function 'vsnprintf' [-Wincompatible-library-redeclaration]
char vsnprintf ();
     ^
conftest.c:50:6: note: 'vsnprintf' is a builtin with type 'int (char *, unsigned long, const char *, struct __va_list_tag *)'
1 warning generated.
configure:5120: $? = 0
configure:5120: result: yes
configure:5120: checking for snprintf
configure:5120: gcc -o conftest -g -O2   conftest.c  >&5
conftest.c:51:6: warning: incompatible redeclaration of library function 'snprintf' [-Wincompatible-library-redeclaration]
char snprintf ();
     ^
conftest.c:51:6: note: 'snprintf' is a builtin with type 'int (char *, unsigned long, const char *, ...)'
1 warning generated.
configure:5120: $? = 0
configure:5120: result: yes
configure:5135: checking for vasprintf
configure:5135: gcc -o conftest -g -O2   conftest.c  >&5
conftest.c:63:19: warning: format string missing [-Wformat]
return vasprintf ();
       ~~~~~~~~~  ^
1 warning generated.
configure:5135: $? = 0
configure:5135: result: yes
configure:5135: checking for asprintf
configure:5135: gcc -o conftest -g -O2   conftest.c  >&5
conftest.c:64:18: warning: format string missing [-Wformat]
return asprintf ();
       ~~~~~~~~  ^
1 warning generated.
configure:5135: $? = 0
configure:5135: result: yes
configure:5174: checking for strlcat
configure:5174: gcc -o conftest -g -O2   conftest.c  >&5
conftest.c:54:6: warning: incompatible redeclaration of library function 'strlcat' [-Wincompatible-library-redeclaration]
char strlcat ();
     ^
conftest.c:54:6: note: 'strlcat' is a builtin with type 'unsigned long (char *, const char *, unsigned long)'
1 warning generated.
configure:5174: $? = 0
configure:5174: result: yes
configure:5197: checking for strlcpy
configure:5197: gcc -o conftest -g -O2   conftest.c  >&5
conftest.c:55:6: warning: incompatible redeclaration of library function 'strlcpy' [-Wincompatible-library-redeclaration]
char strlcpy ();
     ^
conftest.c:55:6: note: 'strlcpy' is a builtin with type 'unsigned long (char *, const char *, unsigned long)'
1 warning generated.
configure:5197: $? = 0
configure:5197: result: yes
configure:5220: checking for strtok_r
configure:5220: gcc -o conftest -g -O2   conftest.c  >&5
configure:5220: $? = 0
configure:5220: result: yes
configure:5245: checking for ffs
configure:5245: gcc -o conftest -g -O2   conftest.c  >&5
configure:5245: $? = 0
configure:5245: result: yes
configure:5261: checking whether ffs is declared
configure:5261: gcc -c -g -O2  conftest.c >&5
configure:5261: $? = 0
configure:5261: result: yes
configure:5284: checking for getaddrinfo
configure:5284: gcc -o conftest -g -O2   conftest.c  >&5
configure:5284: $? = 0
configure:5284: result: yes
configure:5399: checking for library containing putmsg
configure:5430: gcc -o conftest -g -O2   conftest.c  >&5
Undefined symbols for architecture x86_64:
  "_putmsg", referenced from:
      _main in conftest-b503f1.o
ld: symbol(s) not found for architecture x86_64
clang: error: linker command failed with exit code 1 (use -v to see invocation)
configure:5430: $? = 1
configure: failed program was:
| /* confdefs.h */
| #define PACKAGE_NAME "pcap"
| #define PACKAGE_TARNAME "pcap"
| #define PACKAGE_VERSION "1.9.1"
| #define PACKAGE_STRING "pcap 1.9.1"
| #define PACKAGE_BUGREPORT ""
| #define PACKAGE_URL ""
| #define inline inline
| #define HAVE_FSEEKO 1
| #define STDC_HEADERS 1
| #define HAVE_SYS_TYPES_H 1
| #define HAVE_SYS_STAT_H 1
| #define HAVE_STDLIB_H 1
| #define HAVE_STRING_H 1
| #define HAVE_MEMORY_H 1
| #define HAVE_STRINGS_H 1
| #define HAVE_INTTYPES_H 1
| #define HAVE_STDINT_H 1
| #define HAVE_UNISTD_H 1
| #define HAVE_SYS_IOCCOM_H 1
| #define HAVE_SYS_SOCKIO_H 1
| #define HAVE_LIMITS_H 1
| #define HAVE_STRERROR 1
| #define HAVE_POSIX_STRERROR_R /**/
| #define HAVE_VSYSLOG 1
| #define HAVE_VSNPRINTF 1
| #define HAVE_SNPRINTF 1
| #define HAVE_VASPRINTF 1
| #define HAVE_ASPRINTF 1
| #define HAVE_STRLCAT 1
| #define HAVE_STRLCPY 1
| #define HAVE_STRTOK_R 1
| #define HAVE_FFS 1
| #define STRINGS_H_DECLARES_FFS /**/
| /* end confdefs.h.  */
| 
| /* Override any GCC internal prototype to avoid an error.
|    Use char because int might match the return type of a GCC
|    builtin and then its argument prototype would still apply.  */
| #ifdef __cplusplus
| extern "C"
| #endif
| char putmsg ();
| int
| main ()
| {
| return putmsg ();
|   ;
|   return 0;
| }
configure:5430: gcc -o conftest -g -O2   conftest.c -lstr   >&5
ld: library not found for -lstr
clang: error: linker command failed with exit code 1 (use -v to see invocation)
configure:5430: $? = 1
configure: failed program was:
| /* confdefs.h */
| #define PACKAGE_NAME "pcap"
| #define PACKAGE_TARNAME "pcap"
| #define PACKAGE_VERSION "1.9.1"
| #define PACKAGE_STRING "pcap 1.9.1"
| #define PACKAGE_BUGREPORT ""
| #define PACKAGE_URL ""
| #define inline inline
| #define HAVE_FSEEKO 1
| #define STDC_HEADERS 1
| #define HAVE_SYS_TYPES_H 1
| #define HAVE_SYS_STAT_H 1
| #define HAVE_STDLIB_H 1
| #define HAVE_STRING_H 1
| #define HAVE_MEMORY_H 1
| #define HAVE_STRINGS_H 1
| #define HAVE_INTTYPES_H 1
| #define HAVE_STDINT_H 1
| #define HAVE_UNISTD_H 1
| #define HAVE_SYS_IOCCOM_H 1
| #define HAVE_SYS_SOCKIO_H 1
| #define HAVE_LIMITS_H 1
| #define HAVE_STRERROR 1
| #define HAVE_POSIX_STRERROR_R /**/
| #define HAVE_VSYSLOG 1
| #define HAVE_VSNPRINTF 1
| #define HAVE_SNPRINTF 1
| #define HAVE_VASPRINTF 1
| #define HAVE_ASPRINTF 1
| #define HAVE_STRLCAT 1
| #define HAVE_STRLCPY 1
| #define HAVE_STRTOK_R 1
| #define HAVE_FFS 1
| #define STRINGS_H_DECLARES_FFS /**/
| /* end confdefs.h.  */
| 
| /* Override any GCC internal prototype to avoid an error.
|    Use char because int might match the return type of a GCC
|    builtin and then its argument prototype would still apply.  */
| #ifdef __cplusplus
| extern "C"
| #endif
| char putmsg ();
| int
| main ()
| {
| return putmsg ();
|   ;
|   return 0;
| }
configure:5447: result: no
configure:5470: checking whether getnetbyname_r is declared
configure:5470: gcc -c -g -O2  conftest.c >&5
conftest.c:45:10: error: use of undeclared identifier 'getnetbyname_r'
  (void) getnetbyname_r;
         ^
1 error generated.
configure:5470: $? = 1
configure: failed program was:
| /* confdefs.h */
| #define PACKAGE_NAME "pcap"
| #define PACKAGE_TARNAME "pcap"
| #define PACKAGE_VERSION "1.9.1"
| #define PACKAGE_STRING "pcap 1.9.1"
| #define PACKAGE_BUGREPORT ""
| #define PACKAGE_URL ""
| #define inline inline
| #define HAVE_FSEEKO 1
| #define STDC_HEADERS 1
| #define HAVE_SYS_TYPES_H 1
| #define HAVE_SYS_STAT_H 1
| #define HAVE_STDLIB_H 1
| #define HAVE_STRING_H 1
| #define HAVE_MEMORY_H 1
| #define HAVE_STRINGS_H 1
| #define HAVE_INTTYPES_H 1
| #define HAVE_STDINT_H 1
| #define HAVE_UNISTD_H 1
| #define HAVE_SYS_IOCCOM_H 1
| #define HAVE_SYS_SOCKIO_H 1
| #define HAVE_LIMITS_H 1
| #define HAVE_STRERROR 1
| #define HAVE_POSIX_STRERROR_R /**/
| #define HAVE_VSYSLOG 1
| #define HAVE_VSNPRINTF 1
| #define HAVE_SNPRINTF 1
| #define HAVE_VASPRINTF 1
| #define HAVE_ASPRINTF 1
| #define HAVE_STRLCAT 1
| #define HAVE_STRLCPY 1
| #define HAVE_STRTOK_R 1
| #define HAVE_FFS 1
| #define STRINGS_H_DECLARES_FFS /**/
| /* end confdefs.h.  */
| #include <netdb.h>
| 
| int
| main ()
| {
| #ifndef getnetbyname_r
| #ifdef __cplusplus
|   (void) getnetbyname_r;
| #else
|   (void) getnetbyname_r;
| #endif
| #endif
| 
|   ;
|   return 0;
| }
configure:5470: result: no
configure:5597: checking whether getprotobyname_r is declared
configure:5597: gcc -c -g -O2  conftest.c >&5
conftest.c:45:10: error: use of undeclared identifier 'getprotobyname_r'
  (void) getprotobyname_r;
         ^
1 error generated.
configure:5597: $? = 1
configure: failed program was:
| /* confdefs.h */
| #define PACKAGE_NAME "pcap"
| #define PACKAGE_TARNAME "pcap"
| #define PACKAGE_VERSION "1.9.1"
| #define PACKAGE_STRING "pcap 1.9.1"
| #define PACKAGE_BUGREPORT ""
| #define PACKAGE_URL ""
| #define inline inline
| #define HAVE_FSEEKO 1
| #define STDC_HEADERS 1
| #define HAVE_SYS_TYPES_H 1
| #define HAVE_SYS_STAT_H 1
| #define HAVE_STDLIB_H 1
| #define HAVE_STRING_H 1
| #define HAVE_MEMORY_H 1
| #define HAVE_STRINGS_H 1
| #define HAVE_INTTYPES_H 1
| #define HAVE_STDINT_H 1
| #define HAVE_UNISTD_H 1
| #define HAVE_SYS_IOCCOM_H 1
| #define HAVE_SYS_SOCKIO_H 1
| #define HAVE_LIMITS_H 1
| #define HAVE_STRERROR 1
| #define HAVE_POSIX_STRERROR_R /**/
| #define HAVE_VSYSLOG 1
| #define HAVE_VSNPRINTF 1
| #define HAVE_SNPRINTF 1
| #define HAVE_VASPRINTF 1
| #define HAVE_ASPRINTF 1
| #define HAVE_STRLCAT 1
| #define HAVE_STRLCPY 1
| #define HAVE_STRTOK_R 1
| #define HAVE_FFS 1
| #define STRINGS_H_DECLARES_FFS /**/
| /* end confdefs.h.  */
| #include <netdb.h>
| 
| int
| main ()
| {
| #ifndef getprotobyname_r
| #ifdef __cplusplus
|   (void) getprotobyname_r;
| #else
|   (void) getprotobyname_r;
| #endif
| #endif
| 
|   ;
|   return 0;
| }
configure:5597: result: no
configure:5724: checking for ether_hostton
configure:5724: gcc -o conftest -g -O2   conftest.c  >&5
configure:5724: $? = 0
configure:5724: result: yes
configure:5740: checking whether ether_hostton is declared
configure:5740: gcc -c -g -O2  conftest.c >&5
configure:5740: $? = 0
configure:5740: result: yes
configure:5915: checking pthread.h usability
configure:5915: gcc -c -g -O2  conftest.c >&5
configure:5915: $? = 0
configure:5915: result: yes
configure:5915: checking pthread.h presence
configure:5915: gcc -E  conftest.c
configure:5915: $? = 0
configure:5915: result: yes
configure:5915: checking for pthread.h
configure:5915: result: yes
configure:5922: checking for pthread_create
configure:5922: gcc -o conftest -g -O2   conftest.c  >&5
configure:5922: $? = 0
configure:5922: result: yes
configure:6056: checking if --disable-protochain option is specified
configure:6074: result: enabled
configure:6118: checking net/bpf.h usability
configure:6118: gcc -c -g -O2  conftest.c >&5
configure:6118: $? = 0
configure:6118: result: yes
configure:6118: checking net/bpf.h presence
configure:6118: gcc -E  conftest.c
configure:6118: $? = 0
configure:6118: result: yes
configure:6118: checking for net/bpf.h
configure:6118: result: yes
configure:6161: checking if net/bpf.h defines BIOCSETIF
configure:6187: gcc -c -g -O2  conftest.c >&5
configure:6187: $? = 0
configure:6195: result: yes
configure:6201: checking net/pfilt.h usability
configure:6201: gcc -c -g -O2  conftest.c >&5
conftest.c:73:10: fatal error: 'net/pfilt.h' file not found
#include <net/pfilt.h>
         ^~~~~~~~~~~~~
1 error generated.
configure:6201: $? = 1
configure: failed program was:
| /* confdefs.h */
| #define PACKAGE_NAME "pcap"
| #define PACKAGE_TARNAME "pcap"
| #define PACKAGE_VERSION "1.9.1"
| #define PACKAGE_STRING "pcap 1.9.1"
| #define PACKAGE_BUGREPORT ""
| #define PACKAGE_URL ""
| #define inline inline
| #define HAVE_FSEEKO 1
| #define STDC_HEADERS 1
| #define HAVE_SYS_TYPES_H 1
| #define HAVE_SYS_STAT_H 1
| #define HAVE_STDLIB_H 1
| #define HAVE_STRING_H 1
| #define HAVE_MEMORY_H 1
| #define HAVE_STRINGS_H 1
| #define HAVE_INTTYPES_H 1
| #define HAVE_STDINT_H 1
| #define HAVE_UNISTD_H 1
| #define HAVE_SYS_IOCCOM_H 1
| #define HAVE_SYS_SOCKIO_H 1
| #define HAVE_LIMITS_H 1
| #define HAVE_STRERROR 1
| #define HAVE_POSIX_STRERROR_R /**/
| #define HAVE_VSYSLOG 1
| #define HAVE_VSNPRINTF 1
| #define HAVE_SNPRINTF 1
| #define HAVE_VASPRINTF 1
| #define HAVE_ASPRINTF 1
| #define HAVE_STRLCAT 1
| #define HAVE_STRLCPY 1
| #define HAVE_STRTOK_R 1
| #define HAVE_FFS 1
| #define STRINGS_H_DECLARES_FFS /**/
| #define HAVE_ETHER_HOSTTON 1
| #define NET_ETHERNET_H_DECLARES_ETHER_HOSTTON /**/
| #define HAVE_DECL_ETHER_HOSTTON 1
| #define HAVE_NET_BPF_H 1
| /* end confdefs.h.  */
| #include <stdio.h>
| #ifdef HAVE_SYS_TYPES_H
| # include <sys/types.h>
| #endif
| #ifdef HAVE_SYS_STAT_H
| # include <sys/stat.h>
| #endif
| #ifdef STDC_HEADERS
| # include <stdlib.h>
| # include <stddef.h>
| #else
| # ifdef HAVE_STDLIB_H
| #  include <stdlib.h>
| # endif
| #endif
| #ifdef HAVE_STRING_H
| # if !defined STDC_HEADERS && defined HAVE_MEMORY_H
| #  include <memory.h>
| # endif
| # include <string.h>
| #endif
| #ifdef HAVE_STRINGS_H
| # include <strings.h>
| #endif
| #ifdef HAVE_INTTYPES_H
| # include <inttypes.h>
| #endif
| #ifdef HAVE_STDINT_H
| # include <stdint.h>
| #endif
| #ifdef HAVE_UNISTD_H
| # include <unistd.h>
| #endif
| #include <net/pfilt.h>
configure:6201: result: no
configure:6201: checking net/pfilt.h presence
configure:6201: gcc -E  conftest.c
conftest.c:40:10: fatal error: 'net/pfilt.h' file not found
#include <net/pfilt.h>
         ^~~~~~~~~~~~~
1 error generated.
configure:6201: $? = 1
configure: failed program was:
| /* confdefs.h */
| #define PACKAGE_NAME "pcap"
| #define PACKAGE_TARNAME "pcap"
| #define PACKAGE_VERSION "1.9.1"
| #define PACKAGE_STRING "pcap 1.9.1"
| #define PACKAGE_BUGREPORT ""
| #define PACKAGE_URL ""
| #define inline inline
| #define HAVE_FSEEKO 1
| #define STDC_HEADERS 1
| #define HAVE_SYS_TYPES_H 1
| #define HAVE_SYS_STAT_H 1
| #define HAVE_STDLIB_H 1
| #define HAVE_STRING_H 1
| #define HAVE_MEMORY_H 1
| #define HAVE_STRINGS_H 1
| #define HAVE_INTTYPES_H 1
| #define HAVE_STDINT_H 1
| #define HAVE_UNISTD_H 1
| #define HAVE_SYS_IOCCOM_H 1
| #define HAVE_SYS_SOCKIO_H 1
| #define HAVE_LIMITS_H 1
| #define HAVE_STRERROR 1
| #define HAVE_POSIX_STRERROR_R /**/
| #define HAVE_VSYSLOG 1
| #define HAVE_VSNPRINTF 1
| #define HAVE_SNPRINTF 1
| #define HAVE_VASPRINTF 1
| #define HAVE_ASPRINTF 1
| #define HAVE_STRLCAT 1
| #define HAVE_STRLCPY 1
| #define HAVE_STRTOK_R 1
| #define HAVE_FFS 1
| #define STRINGS_H_DECLARES_FFS /**/
| #define HAVE_ETHER_HOSTTON 1
| #define NET_ETHERNET_H_DECLARES_ETHER_HOSTTON /**/
| #define HAVE_DECL_ETHER_HOSTTON 1
| #define HAVE_NET_BPF_H 1
| /* end confdefs.h.  */
| #include <net/pfilt.h>
configure:6201: result: no
configure:6201: checking for net/pfilt.h
configure:6201: result: no
configure:6201: checking net/enet.h usability
configure:6201: gcc -c -g -O2  conftest.c >&5
conftest.c:73:10: fatal error: 'net/enet.h' file not found
#include <net/enet.h>
         ^~~~~~~~~~~~
1 error generated.
configure:6201: $? = 1
configure: failed program was:
| /* confdefs.h */
| #define PACKAGE_NAME "pcap"
| #define PACKAGE_TARNAME "pcap"
| #define PACKAGE_VERSION "1.9.1"
| #define PACKAGE_STRING "pcap 1.9.1"
| #define PACKAGE_BUGREPORT ""
| #define PACKAGE_URL ""
| #define inline inline
| #define HAVE_FSEEKO 1
| #define STDC_HEADERS 1
| #define HAVE_SYS_TYPES_H 1
| #define HAVE_SYS_STAT_H 1
| #define HAVE_STDLIB_H 1
| #define HAVE_STRING_H 1
| #define HAVE_MEMORY_H 1
| #define HAVE_STRINGS_H 1
| #define HAVE_INTTYPES_H 1
| #define HAVE_STDINT_H 1
| #define HAVE_UNISTD_H 1
| #define HAVE_SYS_IOCCOM_H 1
| #define HAVE_SYS_SOCKIO_H 1
| #define HAVE_LIMITS_H 1
| #define HAVE_STRERROR 1
| #define HAVE_POSIX_STRERROR_R /**/
| #define HAVE_VSYSLOG 1
| #define HAVE_VSNPRINTF 1
| #define HAVE_SNPRINTF 1
| #define HAVE_VASPRINTF 1
| #define HAVE_ASPRINTF 1
| #define HAVE_STRLCAT 1
| #define HAVE_STRLCPY 1
| #define HAVE_STRTOK_R 1
| #define HAVE_FFS 1
| #define STRINGS_H_DECLARES_FFS /**/
| #define HAVE_ETHER_HOSTTON 1
| #define NET_ETHERNET_H_DECLARES_ETHER_HOSTTON /**/
| #define HAVE_DECL_ETHER_HOSTTON 1
| #define HAVE_NET_BPF_H 1
| /* end confdefs.h.  */
| #include <stdio.h>
| #ifdef HAVE_SYS_TYPES_H
| # include <sys/types.h>
| #endif
| #ifdef HAVE_SYS_STAT_H
| # include <sys/stat.h>
| #endif
| #ifdef STDC_HEADERS
| # include <stdlib.h>
| # include <stddef.h>
| #else
| # ifdef HAVE_STDLIB_H
| #  include <stdlib.h>
| # endif
| #endif
| #ifdef HAVE_STRING_H
| # if !defined STDC_HEADERS && defined HAVE_MEMORY_H
| #  include <memory.h>
| # endif
| # include <string.h>
| #endif
| #ifdef HAVE_STRINGS_H
| # include <strings.h>
| #endif
| #ifdef HAVE_INTTYPES_H
| # include <inttypes.h>
| #endif
| #ifdef HAVE_STDINT_H
| # include <stdint.h>
| #endif
| #ifdef HAVE_UNISTD_H
| # include <unistd.h>
| #endif
| #include <net/enet.h>
configure:6201: result: no
configure:6201: checking net/enet.h presence
configure:6201: gcc -E  conftest.c
conftest.c:40:10: fatal error: 'net/enet.h' file not found
#include <net/enet.h>
         ^~~~~~~~~~~~
1 error generated.
configure:6201: $? = 1
configure: failed program was:
| /* confdefs.h */
| #define PACKAGE_NAME "pcap"
| #define PACKAGE_TARNAME "pcap"
| #define PACKAGE_VERSION "1.9.1"
| #define PACKAGE_STRING "pcap 1.9.1"
| #define PACKAGE_BUGREPORT ""
| #define PACKAGE_URL ""
| #define inline inline
| #define HAVE_FSEEKO 1
| #define STDC_HEADERS 1
| #define HAVE_SYS_TYPES_H 1
| #define HAVE_SYS_STAT_H 1
| #define HAVE_STDLIB_H 1
| #define HAVE_STRING_H 1
| #define HAVE_MEMORY_H 1
| #define HAVE_STRINGS_H 1
| #define HAVE_INTTYPES_H 1
| #define HAVE_STDINT_H 1
| #define HAVE_UNISTD_H 1
| #define HAVE_SYS_IOCCOM_H 1
| #define HAVE_SYS_SOCKIO_H 1
| #define HAVE_LIMITS_H 1
| #define HAVE_STRERROR 1
| #define HAVE_POSIX_STRERROR_R /**/
| #define HAVE_VSYSLOG 1
| #define HAVE_VSNPRINTF 1
| #define HAVE_SNPRINTF 1
| #define HAVE_VASPRINTF 1
| #define HAVE_ASPRINTF 1
| #define HAVE_STRLCAT 1
| #define HAVE_STRLCPY 1
| #define HAVE_STRTOK_R 1
| #define HAVE_FFS 1
| #define STRINGS_H_DECLARES_FFS /**/
| #define HAVE_ETHER_HOSTTON 1
| #define NET_ETHERNET_H_DECLARES_ETHER_HOSTTON /**/
| #define HAVE_DECL_ETHER_HOSTTON 1
| #define HAVE_NET_BPF_H 1
| /* end confdefs.h.  */
| #include <net/enet.h>
configure:6201: result: no
configure:6201: checking for net/enet.h
configure:6201: result: no
configure:6214: checking net/nit.h usability
configure:6214: gcc -c -g -O2  conftest.c >&5
conftest.c:73:10: fatal error: 'net/nit.h' file not found
#include <net/nit.h>
         ^~~~~~~~~~~
1 error generated.
configure:6214: $? = 1
configure: failed program was:
| /* confdefs.h */
| #define PACKAGE_NAME "pcap"
| #define PACKAGE_TARNAME "pcap"
| #define PACKAGE_VERSION "1.9.1"
| #define PACKAGE_STRING "pcap 1.9.1"
| #define PACKAGE_BUGREPORT ""
| #define PACKAGE_URL ""
| #define inline inline
| #define HAVE_FSEEKO 1
| #define STDC_HEADERS 1
| #define HAVE_SYS_TYPES_H 1
| #define HAVE_SYS_STAT_H 1
| #define HAVE_STDLIB_H 1
| #define HAVE_STRING_H 1
| #define HAVE_MEMORY_H 1
| #define HAVE_STRINGS_H 1
| #define HAVE_INTTYPES_H 1
| #define HAVE_STDINT_H 1
| #define HAVE_UNISTD_H 1
| #define HAVE_SYS_IOCCOM_H 1
| #define HAVE_SYS_SOCKIO_H 1
| #define HAVE_LIMITS_H 1
| #define HAVE_STRERROR 1
| #define HAVE_POSIX_STRERROR_R /**/
| #define HAVE_VSYSLOG 1
| #define HAVE_VSNPRINTF 1
| #define HAVE_SNPRINTF 1
| #define HAVE_VASPRINTF 1
| #define HAVE_ASPRINTF 1
| #define HAVE_STRLCAT 1
| #define HAVE_STRLCPY 1
| #define HAVE_STRTOK_R 1
| #define HAVE_FFS 1
| #define STRINGS_H_DECLARES_FFS /**/
| #define HAVE_ETHER_HOSTTON 1
| #define NET_ETHERNET_H_DECLARES_ETHER_HOSTTON /**/
| #define HAVE_DECL_ETHER_HOSTTON 1
| #define HAVE_NET_BPF_H 1
| /* end confdefs.h.  */
| #include <stdio.h>
| #ifdef HAVE_SYS_TYPES_H
| # include <sys/types.h>
| #endif
| #ifdef HAVE_SYS_STAT_H
| # include <sys/stat.h>
| #endif
| #ifdef STDC_HEADERS
| # include <stdlib.h>
| # include <stddef.h>
| #else
| # ifdef HAVE_STDLIB_H
| #  include <stdlib.h>
| # endif
| #endif
| #ifdef HAVE_STRING_H
| # if !defined STDC_HEADERS && defined HAVE_MEMORY_H
| #  include <memory.h>
| # endif
| # include <string.h>
| #endif
| #ifdef HAVE_STRINGS_H
| # include <strings.h>
| #endif
| #ifdef HAVE_INTTYPES_H
| # include <inttypes.h>
| #endif
| #ifdef HAVE_STDINT_H
| # include <stdint.h>
| #endif
| #ifdef HAVE_UNISTD_H
| # include <unistd.h>
| #endif
| #include <net/nit.h>
configure:6214: result: no
configure:6214: checking net/nit.h presence
configure:6214: gcc -E  conftest.c
conftest.c:40:10: fatal error: 'net/nit.h' file not found
#include <net/nit.h>
         ^~~~~~~~~~~
1 error generated.
configure:6214: $? = 1
configure: failed program was:
| /* confdefs.h */
| #define PACKAGE_NAME "pcap"
| #define PACKAGE_TARNAME "pcap"
| #define PACKAGE_VERSION "1.9.1"
| #define PACKAGE_STRING "pcap 1.9.1"
| #define PACKAGE_BUGREPORT ""
| #define PACKAGE_URL ""
| #define inline inline
| #define HAVE_FSEEKO 1
| #define STDC_HEADERS 1
| #define HAVE_SYS_TYPES_H 1
| #define HAVE_SYS_STAT_H 1
| #define HAVE_STDLIB_H 1
| #define HAVE_STRING_H 1
| #define HAVE_MEMORY_H 1
| #define HAVE_STRINGS_H 1
| #define HAVE_INTTYPES_H 1
| #define HAVE_STDINT_H 1
| #define HAVE_UNISTD_H 1
| #define HAVE_SYS_IOCCOM_H 1
| #define HAVE_SYS_SOCKIO_H 1
| #define HAVE_LIMITS_H 1
| #define HAVE_STRERROR 1
| #define HAVE_POSIX_STRERROR_R /**/
| #define HAVE_VSYSLOG 1
| #define HAVE_VSNPRINTF 1
| #define HAVE_SNPRINTF 1
| #define HAVE_VASPRINTF 1
| #define HAVE_ASPRINTF 1
| #define HAVE_STRLCAT 1
| #define HAVE_STRLCPY 1
| #define HAVE_STRTOK_R 1
| #define HAVE_FFS 1
| #define STRINGS_H_DECLARES_FFS /**/
| #define HAVE_ETHER_HOSTTON 1
| #define NET_ETHERNET_H_DECLARES_ETHER_HOSTTON /**/
| #define HAVE_DECL_ETHER_HOSTTON 1
| #define HAVE_NET_BPF_H 1
| /* end confdefs.h.  */
| #include <net/nit.h>
configure:6214: result: no
configure:6214: checking for net/nit.h
configure:6214: result: no
configure:6214: checking sys/net/nit.h usability
configure:6214: gcc -c -g -O2  conftest.c >&5
conftest.c:73:10: fatal error: 'sys/net/nit.h' file not found
#include <sys/net/nit.h>
         ^~~~~~~~~~~~~~~
1 error generated.
configure:6214: $? = 1
configure: failed program was:
| /* confdefs.h */
| #define PACKAGE_NAME "pcap"
| #define PACKAGE_TARNAME "pcap"
| #define PACKAGE_VERSION "1.9.1"
| #define PACKAGE_STRING "pcap 1.9.1"
| #define PACKAGE_BUGREPORT ""
| #define PACKAGE_URL ""
| #define inline inline
| #define HAVE_FSEEKO 1
| #define STDC_HEADERS 1
| #define HAVE_SYS_TYPES_H 1
| #define HAVE_SYS_STAT_H 1
| #define HAVE_STDLIB_H 1
| #define HAVE_STRING_H 1
| #define HAVE_MEMORY_H 1
| #define HAVE_STRINGS_H 1
| #define HAVE_INTTYPES_H 1
| #define HAVE_STDINT_H 1
| #define HAVE_UNISTD_H 1
| #define HAVE_SYS_IOCCOM_H 1
| #define HAVE_SYS_SOCKIO_H 1
| #define HAVE_LIMITS_H 1
| #define HAVE_STRERROR 1
| #define HAVE_POSIX_STRERROR_R /**/
| #define HAVE_VSYSLOG 1
| #define HAVE_VSNPRINTF 1
| #define HAVE_SNPRINTF 1
| #define HAVE_VASPRINTF 1
| #define HAVE_ASPRINTF 1
| #define HAVE_STRLCAT 1
| #define HAVE_STRLCPY 1
| #define HAVE_STRTOK_R 1
| #define HAVE_FFS 1
| #define STRINGS_H_DECLARES_FFS /**/
| #define HAVE_ETHER_HOSTTON 1
| #define NET_ETHERNET_H_DECLARES_ETHER_HOSTTON /**/
| #define HAVE_DECL_ETHER_HOSTTON 1
| #define HAVE_NET_BPF_H 1
| /* end confdefs.h.  */
| #include <stdio.h>
| #ifdef HAVE_SYS_TYPES_H
| # include <sys/types.h>
| #endif
| #ifdef HAVE_SYS_STAT_H
| # include <sys/stat.h>
| #endif
| #ifdef STDC_HEADERS
| # include <stdlib.h>
| # include <stddef.h>
| #else
| # ifdef HAVE_STDLIB_H
| #  include <stdlib.h>
| # endif
| #endif
| #ifdef HAVE_STRING_H
| # if !defined STDC_HEADERS && defined HAVE_MEMORY_H
| #  include <memory.h>
| # endif
| # include <string.h>
| #endif
| #ifdef HAVE_STRINGS_H
| # include <strings.h>
| #endif
| #ifdef HAVE_INTTYPES_H
| # include <inttypes.h>
| #endif
| #ifdef HAVE_STDINT_H
| # include <stdint.h>
| #endif
| #ifdef HAVE_UNISTD_H
| # include <unistd.h>
| #endif
| #include <sys/net/nit.h>
configure:6214: result: no
configure:6214: checking sys/net/nit.h presence
configure:6214: gcc -E  conftest.c
conftest.c:40:10: fatal error: 'sys/net/nit.h' file not found
#include <sys/net/nit.h>
         ^~~~~~~~~~~~~~~
1 error generated.
configure:6214: $? = 1
configure: failed program was:
| /* confdefs.h */
| #define PACKAGE_NAME "pcap"
| #define PACKAGE_TARNAME "pcap"
| #define PACKAGE_VERSION "1.9.1"
| #define PACKAGE_STRING "pcap 1.9.1"
| #define PACKAGE_BUGREPORT ""
| #define PACKAGE_URL ""
| #define inline inline
| #define HAVE_FSEEKO 1
| #define STDC_HEADERS 1
| #define HAVE_SYS_TYPES_H 1
| #define HAVE_SYS_STAT_H 1
| #define HAVE_STDLIB_H 1
| #define HAVE_STRING_H 1
| #define HAVE_MEMORY_H 1
| #define HAVE_STRINGS_H 1
| #define HAVE_INTTYPES_H 1
| #define HAVE_STDINT_H 1
| #define HAVE_UNISTD_H 1
| #define HAVE_SYS_IOCCOM_H 1
| #define HAVE_SYS_SOCKIO_H 1
| #define HAVE_LIMITS_H 1
| #define HAVE_STRERROR 1
| #define HAVE_POSIX_STRERROR_R /**/
| #define HAVE_VSYSLOG 1
| #define HAVE_VSNPRINTF 1
| #define HAVE_SNPRINTF 1
| #define HAVE_VASPRINTF 1
| #define HAVE_ASPRINTF 1
| #define HAVE_STRLCAT 1
| #define HAVE_STRLCPY 1
| #define HAVE_STRTOK_R 1
| #define HAVE_FFS 1
| #define STRINGS_H_DECLARES_FFS /**/
| #define HAVE_ETHER_HOSTTON 1
| #define NET_ETHERNET_H_DECLARES_ETHER_HOSTTON /**/
| #define HAVE_DECL_ETHER_HOSTTON 1
| #define HAVE_NET_BPF_H 1
| /* end confdefs.h.  */
| #include <sys/net/nit.h>
configure:6214: result: no
configure:6214: checking for sys/net/nit.h
configure:6214: result: no
configure:6227: checking linux/socket.h usability
configure:6227: gcc -c -g -O2  conftest.c >&5
conftest.c:73:10: fatal error: 'linux/socket.h' file not found
#include <linux/socket.h>
         ^~~~~~~~~~~~~~~~
1 error generated.
configure:6227: $? = 1
configure: failed program was:
| /* confdefs.h */
| #define PACKAGE_NAME "pcap"
| #define PACKAGE_TARNAME "pcap"
| #define PACKAGE_VERSION "1.9.1"
| #define PACKAGE_STRING "pcap 1.9.1"
| #define PACKAGE_BUGREPORT ""
| #define PACKAGE_URL ""
| #define inline inline
| #define HAVE_FSEEKO 1
| #define STDC_HEADERS 1
| #define HAVE_SYS_TYPES_H 1
| #define HAVE_SYS_STAT_H 1
| #define HAVE_STDLIB_H 1
| #define HAVE_STRING_H 1
| #define HAVE_MEMORY_H 1
| #define HAVE_STRINGS_H 1
| #define HAVE_INTTYPES_H 1
| #define HAVE_STDINT_H 1
| #define HAVE_UNISTD_H 1
| #define HAVE_SYS_IOCCOM_H 1
| #define HAVE_SYS_SOCKIO_H 1
| #define HAVE_LIMITS_H 1
| #define HAVE_STRERROR 1
| #define HAVE_POSIX_STRERROR_R /**/
| #define HAVE_VSYSLOG 1
| #define HAVE_VSNPRINTF 1
| #define HAVE_SNPRINTF 1
| #define HAVE_VASPRINTF 1
| #define HAVE_ASPRINTF 1
| #define HAVE_STRLCAT 1
| #define HAVE_STRLCPY 1
| #define HAVE_STRTOK_R 1
| #define HAVE_FFS 1
| #define STRINGS_H_DECLARES_FFS /**/
| #define HAVE_ETHER_HOSTTON 1
| #define NET_ETHERNET_H_DECLARES_ETHER_HOSTTON /**/
| #define HAVE_DECL_ETHER_HOSTTON 1
| #define HAVE_NET_BPF_H 1
| /* end confdefs.h.  */
| #include <stdio.h>
| #ifdef HAVE_SYS_TYPES_H
| # include <sys/types.h>
| #endif
| #ifdef HAVE_SYS_STAT_H
| # include <sys/stat.h>
| #endif
| #ifdef STDC_HEADERS
| # include <stdlib.h>
| # include <stddef.h>
| #else
| # ifdef HAVE_STDLIB_H
| #  include <stdlib.h>
| # endif
| #endif
| #ifdef HAVE_STRING_H
| # if !defined STDC_HEADERS && defined HAVE_MEMORY_H
| #  include <memory.h>
| # endif
| # include <string.h>
| #endif
| #ifdef HAVE_STRINGS_H
| # include <strings.h>
| #endif
| #ifdef HAVE_INTTYPES_H
| # include <inttypes.h>
| #endif
| #ifdef HAVE_STDINT_H
| # include <stdint.h>
| #endif
| #ifdef HAVE_UNISTD_H
| # include <unistd.h>
| #endif
| #include <linux/socket.h>
configure:6227: result: no
configure:6227: checking linux/socket.h presence
configure:6227: gcc -E  conftest.c
conftest.c:40:10: fatal error: 'linux/socket.h' file not found
#include <linux/socket.h>
         ^~~~~~~~~~~~~~~~
1 error generated.
configure:6227: $? = 1
configure: failed program was:
| /* confdefs.h */
| #define PACKAGE_NAME "pcap"
| #define PACKAGE_TARNAME "pcap"
| #define PACKAGE_VERSION "1.9.1"
| #define PACKAGE_STRING "pcap 1.9.1"
| #define PACKAGE_BUGREPORT ""
| #define PACKAGE_URL ""
| #define inline inline
| #define HAVE_FSEEKO 1
| #define STDC_HEADERS 1
| #define HAVE_SYS_TYPES_H 1
| #define HAVE_SYS_STAT_H 1
| #define HAVE_STDLIB_H 1
| #define HAVE_STRING_H 1
| #define HAVE_MEMORY_H 1
| #define HAVE_STRINGS_H 1
| #define HAVE_INTTYPES_H 1
| #define HAVE_STDINT_H 1
| #define HAVE_UNISTD_H 1
| #define HAVE_SYS_IOCCOM_H 1
| #define HAVE_SYS_SOCKIO_H 1
| #define HAVE_LIMITS_H 1
| #define HAVE_STRERROR 1
| #define HAVE_POSIX_STRERROR_R /**/
| #define HAVE_VSYSLOG 1
| #define HAVE_VSNPRINTF 1
| #define HAVE_SNPRINTF 1
| #define HAVE_VASPRINTF 1
| #define HAVE_ASPRINTF 1
| #define HAVE_STRLCAT 1
| #define HAVE_STRLCPY 1
| #define HAVE_STRTOK_R 1
| #define HAVE_FFS 1
| #define STRINGS_H_DECLARES_FFS /**/
| #define HAVE_ETHER_HOSTTON 1
| #define NET_ETHERNET_H_DECLARES_ETHER_HOSTTON /**/
| #define HAVE_DECL_ETHER_HOSTTON 1
| #define HAVE_NET_BPF_H 1
| /* end confdefs.h.  */
| #include <linux/socket.h>
configure:6227: result: no
configure:6227: checking for linux/socket.h
configure:6227: result: no
configure:6227: checking net/raw.h usability
configure:6227: gcc -c -g -O2  conftest.c >&5
conftest.c:73:10: fatal error: 'net/raw.h' file not found
#include <net/raw.h>
         ^~~~~~~~~~~
1 error generated.
configure:6227: $? = 1
configure: failed program was:
| /* confdefs.h */
| #define PACKAGE_NAME "pcap"
| #define PACKAGE_TARNAME "pcap"
| #define PACKAGE_VERSION "1.9.1"
| #define PACKAGE_STRING "pcap 1.9.1"
| #define PACKAGE_BUGREPORT ""
| #define PACKAGE_URL ""
| #define inline inline
| #define HAVE_FSEEKO 1
| #define STDC_HEADERS 1
| #define HAVE_SYS_TYPES_H 1
| #define HAVE_SYS_STAT_H 1
| #define HAVE_STDLIB_H 1
| #define HAVE_STRING_H 1
| #define HAVE_MEMORY_H 1
| #define HAVE_STRINGS_H 1
| #define HAVE_INTTYPES_H 1
| #define HAVE_STDINT_H 1
| #define HAVE_UNISTD_H 1
| #define HAVE_SYS_IOCCOM_H 1
| #define HAVE_SYS_SOCKIO_H 1
| #define HAVE_LIMITS_H 1
| #define HAVE_STRERROR 1
| #define HAVE_POSIX_STRERROR_R /**/
| #define HAVE_VSYSLOG 1
| #define HAVE_VSNPRINTF 1
| #define HAVE_SNPRINTF 1
| #define HAVE_VASPRINTF 1
| #define HAVE_ASPRINTF 1
| #define HAVE_STRLCAT 1
| #define HAVE_STRLCPY 1
| #define HAVE_STRTOK_R 1
| #define HAVE_FFS 1
| #define STRINGS_H_DECLARES_FFS /**/
| #define HAVE_ETHER_HOSTTON 1
| #define NET_ETHERNET_H_DECLARES_ETHER_HOSTTON /**/
| #define HAVE_DECL_ETHER_HOSTTON 1
| #define HAVE_NET_BPF_H 1
| /* end confdefs.h.  */
| #include <stdio.h>
| #ifdef HAVE_SYS_TYPES_H
| # include <sys/types.h>
| #endif
| #ifdef HAVE_SYS_STAT_H
| # include <sys/stat.h>
| #endif
| #ifdef STDC_HEADERS
| # include <stdlib.h>
| # include <stddef.h>
| #else
| # ifdef HAVE_STDLIB_H
| #  include <stdlib.h>
| # endif
| #endif
| #ifdef HAVE_STRING_H
| # if !defined STDC_HEADERS && defined HAVE_MEMORY_H
| #  include <memory.h>
| # endif
| # include <string.h>
| #endif
| #ifdef HAVE_STRINGS_H
| # include <strings.h>
| #endif
| #ifdef HAVE_INTTYPES_H
| # include <inttypes.h>
| #endif
| #ifdef HAVE_STDINT_H
| # include <stdint.h>
| #endif
| #ifdef HAVE_UNISTD_H
| # include <unistd.h>
| #endif
| #include <net/raw.h>
configure:6227: result: no
configure:6227: checking net/raw.h presence
configure:6227: gcc -E  conftest.c
conftest.c:40:10: fatal error: 'net/raw.h' file not found
#include <net/raw.h>
         ^~~~~~~~~~~
1 error generated.
configure:6227: $? = 1
configure: failed program was:
| /* confdefs.h */
| #define PACKAGE_NAME "pcap"
| #define PACKAGE_TARNAME "pcap"
| #define PACKAGE_VERSION "1.9.1"
| #define PACKAGE_STRING "pcap 1.9.1"
| #define PACKAGE_BUGREPORT ""
| #define PACKAGE_URL ""
| #define inline inline
| #define HAVE_FSEEKO 1
| #define STDC_HEADERS 1
| #define HAVE_SYS_TYPES_H 1
| #define HAVE_SYS_STAT_H 1
| #define HAVE_STDLIB_H 1
| #define HAVE_STRING_H 1
| #define HAVE_MEMORY_H 1
| #define HAVE_STRINGS_H 1
| #define HAVE_INTTYPES_H 1
| #define HAVE_STDINT_H 1
| #define HAVE_UNISTD_H 1
| #define HAVE_SYS_IOCCOM_H 1
| #define HAVE_SYS_SOCKIO_H 1
| #define HAVE_LIMITS_H 1
| #define HAVE_STRERROR 1
| #define HAVE_POSIX_STRERROR_R /**/
| #define HAVE_VSYSLOG 1
| #define HAVE_VSNPRINTF 1
| #define HAVE_SNPRINTF 1
| #define HAVE_VASPRINTF 1
| #define HAVE_ASPRINTF 1
| #define HAVE_STRLCAT 1
| #define HAVE_STRLCPY 1
| #define HAVE_STRTOK_R 1
| #define HAVE_FFS 1
| #define STRINGS_H_DECLARES_FFS /**/
| #define HAVE_ETHER_HOSTTON 1
| #define NET_ETHERNET_H_DECLARES_ETHER_HOSTTON /**/
| #define HAVE_DECL_ETHER_HOSTTON 1
| #define HAVE_NET_BPF_H 1
| /* end confdefs.h.  */
| #include <net/raw.h>
configure:6227: result: no
configure:6227: checking for net/raw.h
configure:6227: result: no
configure:6227: checking sys/dlpi.h usability
configure:6227: gcc -c -g -O2  conftest.c >&5
conftest.c:73:10: fatal error: 'sys/dlpi.h' file not found
#include <sys/dlpi.h>
         ^~~~~~~~~~~~
1 error generated.
configure:6227: $? = 1
configure: failed program was:
| /* confdefs.h */
| #define PACKAGE_NAME "pcap"
| #define PACKAGE_TARNAME "pcap"
| #define PACKAGE_VERSION "1.9.1"
| #define PACKAGE_STRING "pcap 1.9.1"
| #define PACKAGE_BUGREPORT ""
| #define PACKAGE_URL ""
| #define inline inline
| #define HAVE_FSEEKO 1
| #define STDC_HEADERS 1
| #define HAVE_SYS_TYPES_H 1
| #define HAVE_SYS_STAT_H 1
| #define HAVE_STDLIB_H 1
| #define HAVE_STRING_H 1
| #define HAVE_MEMORY_H 1
| #define HAVE_STRINGS_H 1
| #define HAVE_INTTYPES_H 1
| #define HAVE_STDINT_H 1
| #define HAVE_UNISTD_H 1
| #define HAVE_SYS_IOCCOM_H 1
| #define HAVE_SYS_SOCKIO_H 1
| #define HAVE_LIMITS_H 1
| #define HAVE_STRERROR 1
| #define HAVE_POSIX_STRERROR_R /**/
| #define HAVE_VSYSLOG 1
| #define HAVE_VSNPRINTF 1
| #define HAVE_SNPRINTF 1
| #define HAVE_VASPRINTF 1
| #define HAVE_ASPRINTF 1
| #define HAVE_STRLCAT 1
| #define HAVE_STRLCPY 1
| #define HAVE_STRTOK_R 1
| #define HAVE_FFS 1
| #define STRINGS_H_DECLARES_FFS /**/
| #define HAVE_ETHER_HOSTTON 1
| #define NET_ETHERNET_H_DECLARES_ETHER_HOSTTON /**/
| #define HAVE_DECL_ETHER_HOSTTON 1
| #define HAVE_NET_BPF_H 1
| /* end confdefs.h.  */
| #include <stdio.h>
| #ifdef HAVE_SYS_TYPES_H
| # include <sys/types.h>
| #endif
| #ifdef HAVE_SYS_STAT_H
| # include <sys/stat.h>
| #endif
| #ifdef STDC_HEADERS
| # include <stdlib.h>
| # include <stddef.h>
| #else
| # ifdef HAVE_STDLIB_H
| #  include <stdlib.h>
| # endif
| #endif
| #ifdef HAVE_STRING_H
| # if !defined STDC_HEADERS && defined HAVE_MEMORY_H
| #  include <memory.h>
| # endif
| # include <string.h>
| #endif
| #ifdef HAVE_STRINGS_H
| # include <strings.h>
| #endif
| #ifdef HAVE_INTTYPES_H
| # include <inttypes.h>
| #endif
| #ifdef HAVE_STDINT_H
| # include <stdint.h>
| #endif
| #ifdef HAVE_UNISTD_H
| # include <unistd.h>
| #endif
| #include <sys/dlpi.h>
configure:6227: result: no
configure:6227: checking sys/dlpi.h presence
configure:6227: gcc -E  conftest.c
conftest.c:40:10: fatal error: 'sys/dlpi.h' file not found
#include <sys/dlpi.h>
         ^~~~~~~~~~~~
1 error generated.
configure:6227: $? = 1
configure: failed program was:
| /* confdefs.h */
| #define PACKAGE_NAME "pcap"
| #define PACKAGE_TARNAME "pcap"
| #define PACKAGE_VERSION "1.9.1"
| #define PACKAGE_STRING "pcap 1.9.1"
| #define PACKAGE_BUGREPORT ""
| #define PACKAGE_URL ""
| #define inline inline
| #define HAVE_FSEEKO 1
| #define STDC_HEADERS 1
| #define HAVE_SYS_TYPES_H 1
| #define HAVE_SYS_STAT_H 1
| #define HAVE_STDLIB_H 1
| #define HAVE_STRING_H 1
| #define HAVE_MEMORY_H 1
| #define HAVE_STRINGS_H 1
| #define HAVE_INTTYPES_H 1
| #define HAVE_STDINT_H 1
| #define HAVE_UNISTD_H 1
| #define HAVE_SYS_IOCCOM_H 1
| #define HAVE_SYS_SOCKIO_H 1
| #define HAVE_LIMITS_H 1
| #define HAVE_STRERROR 1
| #define HAVE_POSIX_STRERROR_R /**/
| #define HAVE_VSYSLOG 1
| #define HAVE_VSNPRINTF 1
| #define HAVE_SNPRINTF 1
| #define HAVE_VASPRINTF 1
| #define HAVE_ASPRINTF 1
| #define HAVE_STRLCAT 1
| #define HAVE_STRLCPY 1
| #define HAVE_STRTOK_R 1
| #define HAVE_FFS 1
| #define STRINGS_H_DECLARES_FFS /**/
| #define HAVE_ETHER_HOSTTON 1
| #define NET_ETHERNET_H_DECLARES_ETHER_HOSTTON /**/
| #define HAVE_DECL_ETHER_HOSTTON 1
| #define HAVE_NET_BPF_H 1
| /* end confdefs.h.  */
| #include <sys/dlpi.h>
configure:6227: result: no
configure:6227: checking for sys/dlpi.h
configure:6227: result: no
configure:6309: checking packet capture type
configure:6311: result: bpf
configure:6777: checking net/if_media.h usability
configure:6777: gcc -c -g -O2  conftest.c >&5
configure:6777: $? = 0
configure:6777: result: yes
configure:6777: checking net/if_media.h presence
configure:6777: gcc -E  conftest.c
configure:6777: $? = 0
configure:6777: result: yes
configure:6777: checking for net/if_media.h
configure:6777: result: yes
configure:6791: checking for struct BPF_TIMEVAL
configure:6791: gcc -c -g -O2  conftest.c >&5
configure:6791: $? = 0
configure:6791: gcc -c -g -O2  conftest.c >&5
conftest.c:53:33: error: expected expression
if (sizeof ((struct BPF_TIMEVAL)))
                                ^
1 error generated.
configure:6791: $? = 1
configure: failed program was:
| /* confdefs.h */
| #define PACKAGE_NAME "pcap"
| #define PACKAGE_TARNAME "pcap"
| #define PACKAGE_VERSION "1.9.1"
| #define PACKAGE_STRING "pcap 1.9.1"
| #define PACKAGE_BUGREPORT ""
| #define PACKAGE_URL ""
| #define inline inline
| #define HAVE_FSEEKO 1
| #define STDC_HEADERS 1
| #define HAVE_SYS_TYPES_H 1
| #define HAVE_SYS_STAT_H 1
| #define HAVE_STDLIB_H 1
| #define HAVE_STRING_H 1
| #define HAVE_MEMORY_H 1
| #define HAVE_STRINGS_H 1
| #define HAVE_INTTYPES_H 1
| #define HAVE_STDINT_H 1
| #define HAVE_UNISTD_H 1
| #define HAVE_SYS_IOCCOM_H 1
| #define HAVE_SYS_SOCKIO_H 1
| #define HAVE_LIMITS_H 1
| #define HAVE_STRERROR 1
| #define HAVE_POSIX_STRERROR_R /**/
| #define HAVE_VSYSLOG 1
| #define HAVE_VSNPRINTF 1
| #define HAVE_SNPRINTF 1
| #define HAVE_VASPRINTF 1
| #define HAVE_ASPRINTF 1
| #define HAVE_STRLCAT 1
| #define HAVE_STRLCPY 1
| #define HAVE_STRTOK_R 1
| #define HAVE_FFS 1
| #define STRINGS_H_DECLARES_FFS /**/
| #define HAVE_ETHER_HOSTTON 1
| #define NET_ETHERNET_H_DECLARES_ETHER_HOSTTON /**/
| #define HAVE_DECL_ETHER_HOSTTON 1
| #define HAVE_NET_BPF_H 1
| #define HAVE_NET_IF_MEDIA_H 1
| /* end confdefs.h.  */
| 
| 		#include <sys/types.h>
| 		#include <sys/ioctl.h>
| 		#ifdef HAVE_SYS_IOCCOM_H
| 		#include <sys/ioccom.h>
| 		#endif
| 		#include <net/bpf.h>
| 
| 
| int
| main ()
| {
| if (sizeof ((struct BPF_TIMEVAL)))
| 	    return 0;
|   ;
|   return 0;
| }
configure:6791: result: yes
configure:6848: checking for getifaddrs
configure:6848: gcc -o conftest -g -O2   conftest.c  >&5
configure:6848: $? = 0
configure:6848: result: yes
configure:6855: checking ifaddrs.h usability
configure:6855: gcc -c -g -O2  conftest.c >&5
configure:6855: $? = 0
configure:6855: result: yes
configure:6855: checking ifaddrs.h presence
configure:6855: gcc -E  conftest.c
configure:6855: $? = 0
configure:6855: result: yes
configure:6855: checking for ifaddrs.h
configure:6855: result: yes
configure:6959: no hardware timestamp support implemented for darwin19.6.0
configure:6982: checking for socklen_t
configure:6982: gcc -c -g -O2  conftest.c >&5
configure:6982: $? = 0
configure:6982: gcc -c -g -O2  conftest.c >&5
conftest.c:51:24: error: expected expression
if (sizeof ((socklen_t)))
                       ^
1 error generated.
configure:6982: $? = 1
configure: failed program was:
| /* confdefs.h */
| #define PACKAGE_NAME "pcap"
| #define PACKAGE_TARNAME "pcap"
| #define PACKAGE_VERSION "1.9.1"
| #define PACKAGE_STRING "pcap 1.9.1"
| #define PACKAGE_BUGREPORT ""
| #define PACKAGE_URL ""
| #define inline inline
| #define HAVE_FSEEKO 1
| #define STDC_HEADERS 1
| #define HAVE_SYS_TYPES_H 1
| #define HAVE_SYS_STAT_H 1
| #define HAVE_STDLIB_H 1
| #define HAVE_STRING_H 1
| #define HAVE_MEMORY_H 1
| #define HAVE_STRINGS_H 1
| #define HAVE_INTTYPES_H 1
| #define HAVE_STDINT_H 1
| #define HAVE_UNISTD_H 1
| #define HAVE_SYS_IOCCOM_H 1
| #define HAVE_SYS_SOCKIO_H 1
| #define HAVE_LIMITS_H 1
| #define HAVE_STRERROR 1
| #define HAVE_POSIX_STRERROR_R /**/
| #define HAVE_VSYSLOG 1
| #define HAVE_VSNPRINTF 1
| #define HAVE_SNPRINTF 1
| #define HAVE_VASPRINTF 1
| #define HAVE_ASPRINTF 1
| #define HAVE_STRLCAT 1
| #define HAVE_STRLCPY 1
| #define HAVE_STRTOK_R 1
| #define HAVE_FFS 1
| #define STRINGS_H_DECLARES_FFS /**/
| #define HAVE_ETHER_HOSTTON 1
| #define NET_ETHERNET_H_DECLARES_ETHER_HOSTTON /**/
| #define HAVE_DECL_ETHER_HOSTTON 1
| #define HAVE_NET_BPF_H 1
| #define HAVE_NET_IF_MEDIA_H 1
| #define HAVE_STRUCT_BPF_TIMEVAL 1
| #define PCAP_SUPPORT_PACKET_RING 1
| /* end confdefs.h.  */
| 
| 	#include <sys/types.h>
| 	#include <sys/socket.h>
| 
| 
| int
| main ()
| {
| if (sizeof ((socklen_t)))
| 	    return 0;
|   ;
|   return 0;
| }
configure:6982: result: yes
configure:7094: checking dagapi.h usability
configure:7094: gcc -c -g -O2  conftest.c >&5
conftest.c:78:10: fatal error: 'dagapi.h' file not found
#include <dagapi.h>
         ^~~~~~~~~~
1 error generated.
configure:7094: $? = 1
configure: failed program was:
| /* confdefs.h */
| #define PACKAGE_NAME "pcap"
| #define PACKAGE_TARNAME "pcap"
| #define PACKAGE_VERSION "1.9.1"
| #define PACKAGE_STRING "pcap 1.9.1"
| #define PACKAGE_BUGREPORT ""
| #define PACKAGE_URL ""
| #define inline inline
| #define HAVE_FSEEKO 1
| #define STDC_HEADERS 1
| #define HAVE_SYS_TYPES_H 1
| #define HAVE_SYS_STAT_H 1
| #define HAVE_STDLIB_H 1
| #define HAVE_STRING_H 1
| #define HAVE_MEMORY_H 1
| #define HAVE_STRINGS_H 1
| #define HAVE_INTTYPES_H 1
| #define HAVE_STDINT_H 1
| #define HAVE_UNISTD_H 1
| #define HAVE_SYS_IOCCOM_H 1
| #define HAVE_SYS_SOCKIO_H 1
| #define HAVE_LIMITS_H 1
| #define HAVE_STRERROR 1
| #define HAVE_POSIX_STRERROR_R /**/
| #define HAVE_VSYSLOG 1
| #define HAVE_VSNPRINTF 1
| #define HAVE_SNPRINTF 1
| #define HAVE_VASPRINTF 1
| #define HAVE_ASPRINTF 1
| #define HAVE_STRLCAT 1
| #define HAVE_STRLCPY 1
| #define HAVE_STRTOK_R 1
| #define HAVE_FFS 1
| #define STRINGS_H_DECLARES_FFS /**/
| #define HAVE_ETHER_HOSTTON 1
| #define NET_ETHERNET_H_DECLARES_ETHER_HOSTTON /**/
| #define HAVE_DECL_ETHER_HOSTTON 1
| #define HAVE_NET_BPF_H 1
| #define HAVE_NET_IF_MEDIA_H 1
| #define HAVE_STRUCT_BPF_TIMEVAL 1
| #define PCAP_SUPPORT_PACKET_RING 1
| #define HAVE_SOCKLEN_T 1
| #define INET6 1
| /* end confdefs.h.  */
| #include <stdio.h>
| #ifdef HAVE_SYS_TYPES_H
| # include <sys/types.h>
| #endif
| #ifdef HAVE_SYS_STAT_H
| # include <sys/stat.h>
| #endif
| #ifdef STDC_HEADERS
| # include <stdlib.h>
| # include <stddef.h>
| #else
| # ifdef HAVE_STDLIB_H
| #  include <stdlib.h>
| # endif
| #endif
| #ifdef HAVE_STRING_H
| # if !defined STDC_HEADERS && defined HAVE_MEMORY_H
| #  include <memory.h>
| # endif
| # include <string.h>
| #endif
| #ifdef HAVE_STRINGS_H
| # include <strings.h>
| #endif
| #ifdef HAVE_INTTYPES_H
| # include <inttypes.h>
| #endif
| #ifdef HAVE_STDINT_H
| # include <stdint.h>
| #endif
| #ifdef HAVE_UNISTD_H
| # include <unistd.h>
| #endif
| #include <dagapi.h>
configure:7094: result: no
configure:7094: checking dagapi.h presence
configure:7094: gcc -E  conftest.c
conftest.c:45:10: fatal error: 'dagapi.h' file not found
#include <dagapi.h>
         ^~~~~~~~~~
1 error generated.
configure:7094: $? = 1
configure: failed program was:
| /* confdefs.h */
| #define PACKAGE_NAME "pcap"
| #define PACKAGE_TARNAME "pcap"
| #define PACKAGE_VERSION "1.9.1"
| #define PACKAGE_STRING "pcap 1.9.1"
| #define PACKAGE_BUGREPORT ""
| #define PACKAGE_URL ""
| #define inline inline
| #define HAVE_FSEEKO 1
| #define STDC_HEADERS 1
| #define HAVE_SYS_TYPES_H 1
| #define HAVE_SYS_STAT_H 1
| #define HAVE_STDLIB_H 1
| #define HAVE_STRING_H 1
| #define HAVE_MEMORY_H 1
| #define HAVE_STRINGS_H 1
| #define HAVE_INTTYPES_H 1
| #define HAVE_STDINT_H 1
| #define HAVE_UNISTD_H 1
| #define HAVE_SYS_IOCCOM_H 1
| #define HAVE_SYS_SOCKIO_H 1
| #define HAVE_LIMITS_H 1
| #define HAVE_STRERROR 1
| #define HAVE_POSIX_STRERROR_R /**/
| #define HAVE_VSYSLOG 1
| #define HAVE_VSNPRINTF 1
| #define HAVE_SNPRINTF 1
| #define HAVE_VASPRINTF 1
| #define HAVE_ASPRINTF 1
| #define HAVE_STRLCAT 1
| #define HAVE_STRLCPY 1
| #define HAVE_STRTOK_R 1
| #define HAVE_FFS 1
| #define STRINGS_H_DECLARES_FFS /**/
| #define HAVE_ETHER_HOSTTON 1
| #define NET_ETHERNET_H_DECLARES_ETHER_HOSTTON /**/
| #define HAVE_DECL_ETHER_HOSTTON 1
| #define HAVE_NET_BPF_H 1
| #define HAVE_NET_IF_MEDIA_H 1
| #define HAVE_STRUCT_BPF_TIMEVAL 1
| #define PCAP_SUPPORT_PACKET_RING 1
| #define HAVE_SOCKLEN_T 1
| #define INET6 1
| /* end confdefs.h.  */
| #include <dagapi.h>
configure:7094: result: no
configure:7094: checking for dagapi.h
configure:7094: result: no
configure:7416: checking whether we have Septel API headers
configure:7447: result: no
configure:7527: checking whether we have Myricom Sniffer API
configure:7609: result: no
configure:7662: checking whether TurboCap is supported
configure:7690: gcc -c -g -O2  conftest.c >&5
conftest.c:46:15: fatal error: 'TcApi.h' file not found
            #include <TcApi.h>
                     ^~~~~~~~~
1 error generated.
configure:7690: $? = 1
configure: failed program was:
| /* confdefs.h */
| #define PACKAGE_NAME "pcap"
| #define PACKAGE_TARNAME "pcap"
| #define PACKAGE_VERSION "1.9.1"
| #define PACKAGE_STRING "pcap 1.9.1"
| #define PACKAGE_BUGREPORT ""
| #define PACKAGE_URL ""
| #define inline inline
| #define HAVE_FSEEKO 1
| #define STDC_HEADERS 1
| #define HAVE_SYS_TYPES_H 1
| #define HAVE_SYS_STAT_H 1
| #define HAVE_STDLIB_H 1
| #define HAVE_STRING_H 1
| #define HAVE_MEMORY_H 1
| #define HAVE_STRINGS_H 1
| #define HAVE_INTTYPES_H 1
| #define HAVE_STDINT_H 1
| #define HAVE_UNISTD_H 1
| #define HAVE_SYS_IOCCOM_H 1
| #define HAVE_SYS_SOCKIO_H 1
| #define HAVE_LIMITS_H 1
| #define HAVE_STRERROR 1
| #define HAVE_POSIX_STRERROR_R /**/
| #define HAVE_VSYSLOG 1
| #define HAVE_VSNPRINTF 1
| #define HAVE_SNPRINTF 1
| #define HAVE_VASPRINTF 1
| #define HAVE_ASPRINTF 1
| #define HAVE_STRLCAT 1
| #define HAVE_STRLCPY 1
| #define HAVE_STRTOK_R 1
| #define HAVE_FFS 1
| #define STRINGS_H_DECLARES_FFS /**/
| #define HAVE_ETHER_HOSTTON 1
| #define NET_ETHERNET_H_DECLARES_ETHER_HOSTTON /**/
| #define HAVE_DECL_ETHER_HOSTTON 1
| #define HAVE_NET_BPF_H 1
| #define HAVE_NET_IF_MEDIA_H 1
| #define HAVE_STRUCT_BPF_TIMEVAL 1
| #define PCAP_SUPPORT_PACKET_RING 1
| #define HAVE_SOCKLEN_T 1
| #define INET6 1
| /* end confdefs.h.  */
| 
| 	    #include <TcApi.h>
| 
| int
| main ()
| {
| 
| 	    TC_INSTANCE a; TC_PORT b; TC_BOARD c;
| 	    TC_INSTANCE i;
| 	    (void)TcInstanceCreateByName("foo", &i);
| 
|   ;
|   return 0;
| }
configure:7708: result: no
configure:7718: checking whether to enable remote packet capture
configure:7859: result: no
configure:7864: checking whether to build optimizer debugging code
configure:7876: result: no
configure:7879: checking whether to build parser debugging code
configure:7891: result: no
configure:8073: checking whether building for 32-bit x86 is supported
configure:8088: gcc -c -g -O2 -arch i386  conftest.c >&5
configure:8088: $? = 0
configure:8090: result: yes
configure:8342: checking for ranlib
configure:8358: found /usr/bin/ranlib
configure:8369: result: ranlib
configure:8434: checking for ar
configure:8450: found /usr/bin/ar
configure:8461: result: ar
configure:8484: checking whether ln -s works
configure:8488: result: yes
configure:9933: checking for struct sockaddr.sa_len
configure:9933: gcc -c -g -O2  conftest.c >&5
configure:9933: $? = 0
configure:9933: result: yes
configure:9951: checking for struct sockaddr_storage
configure:9951: gcc -c -g -O2  conftest.c >&5
configure:9951: $? = 0
configure:9951: gcc -c -g -O2  conftest.c >&5
conftest.c:54:38: error: expected expression
if (sizeof ((struct sockaddr_storage)))
                                     ^
1 error generated.
configure:9951: $? = 1
configure: failed program was:
| /* confdefs.h */
| #define PACKAGE_NAME "pcap"
| #define PACKAGE_TARNAME "pcap"
| #define PACKAGE_VERSION "1.9.1"
| #define PACKAGE_STRING "pcap 1.9.1"
| #define PACKAGE_BUGREPORT ""
| #define PACKAGE_URL ""
| #define inline inline
| #define HAVE_FSEEKO 1
| #define STDC_HEADERS 1
| #define HAVE_SYS_TYPES_H 1
| #define HAVE_SYS_STAT_H 1
| #define HAVE_STDLIB_H 1
| #define HAVE_STRING_H 1
| #define HAVE_MEMORY_H 1
| #define HAVE_STRINGS_H 1
| #define HAVE_INTTYPES_H 1
| #define HAVE_STDINT_H 1
| #define HAVE_UNISTD_H 1
| #define HAVE_SYS_IOCCOM_H 1
| #define HAVE_SYS_SOCKIO_H 1
| #define HAVE_LIMITS_H 1
| #define HAVE_STRERROR 1
| #define HAVE_POSIX_STRERROR_R /**/
| #define HAVE_VSYSLOG 1
| #define HAVE_VSNPRINTF 1
| #define HAVE_SNPRINTF 1
| #define HAVE_VASPRINTF 1
| #define HAVE_ASPRINTF 1
| #define HAVE_STRLCAT 1
| #define HAVE_STRLCPY 1
| #define HAVE_STRTOK_R 1
| #define HAVE_FFS 1
| #define STRINGS_H_DECLARES_FFS /**/
| #define HAVE_ETHER_HOSTTON 1
| #define NET_ETHERNET_H_DECLARES_ETHER_HOSTTON /**/
| #define HAVE_DECL_ETHER_HOSTTON 1
| #define HAVE_NET_BPF_H 1
| #define HAVE_NET_IF_MEDIA_H 1
| #define HAVE_STRUCT_BPF_TIMEVAL 1
| #define PCAP_SUPPORT_PACKET_RING 1
| #define HAVE_SOCKLEN_T 1
| #define INET6 1
| #define HAVE_STRUCT_SOCKADDR_SA_LEN 1
| /* end confdefs.h.  */
| 
| 	#include <sys/types.h>
| 	#include <sys/socket.h>
| 
| 
| int
| main ()
| {
| if (sizeof ((struct sockaddr_storage)))
| 	    return 0;
|   ;
|   return 0;
| }
configure:9951: result: yes
configure:9977: checking for dl_hp_ppa_info_t.dl_module_id_1
configure:9977: gcc -c -g -O2  conftest.c >&5
conftest.c:49:11: fatal error: 'sys/dlpi.h' file not found
        #include <sys/dlpi.h>
                 ^~~~~~~~~~~~
1 error generated.
configure:9977: $? = 1
configure: failed program was:
| /* confdefs.h */
| #define PACKAGE_NAME "pcap"
| #define PACKAGE_TARNAME "pcap"
| #define PACKAGE_VERSION "1.9.1"
| #define PACKAGE_STRING "pcap 1.9.1"
| #define PACKAGE_BUGREPORT ""
| #define PACKAGE_URL ""
| #define inline inline
| #define HAVE_FSEEKO 1
| #define STDC_HEADERS 1
| #define HAVE_SYS_TYPES_H 1
| #define HAVE_SYS_STAT_H 1
| #define HAVE_STDLIB_H 1
| #define HAVE_STRING_H 1
| #define HAVE_MEMORY_H 1
| #define HAVE_STRINGS_H 1
| #define HAVE_INTTYPES_H 1
| #define HAVE_STDINT_H 1
| #define HAVE_UNISTD_H 1
| #define HAVE_SYS_IOCCOM_H 1
| #define HAVE_SYS_SOCKIO_H 1
| #define HAVE_LIMITS_H 1
| #define HAVE_STRERROR 1
| #define HAVE_POSIX_STRERROR_R /**/
| #define HAVE_VSYSLOG 1
| #define HAVE_VSNPRINTF 1
| #define HAVE_SNPRINTF 1
| #define HAVE_VASPRINTF 1
| #define HAVE_ASPRINTF 1
| #define HAVE_STRLCAT 1
| #define HAVE_STRLCPY 1
| #define HAVE_STRTOK_R 1
| #define HAVE_FFS 1
| #define STRINGS_H_DECLARES_FFS /**/
| #define HAVE_ETHER_HOSTTON 1
| #define NET_ETHERNET_H_DECLARES_ETHER_HOSTTON /**/
| #define HAVE_DECL_ETHER_HOSTTON 1
| #define HAVE_NET_BPF_H 1
| #define HAVE_NET_IF_MEDIA_H 1
| #define HAVE_STRUCT_BPF_TIMEVAL 1
| #define PCAP_SUPPORT_PACKET_RING 1
| #define HAVE_SOCKLEN_T 1
| #define INET6 1
| #define HAVE_STRUCT_SOCKADDR_SA_LEN 1
| #define HAVE_STRUCT_SOCKADDR_STORAGE 1
| /* end confdefs.h.  */
| 
| 	#include <sys/types.h>
| 	#include <sys/dlpi.h>
| 	#include <sys/dlpi_ext.h>
| 
| 
| int
| main ()
| {
| static dl_hp_ppa_info_t ac_aggr;
| if (ac_aggr.dl_module_id_1)
| return 0;
|   ;
|   return 0;
| }
configure:9977: gcc -c -g -O2  conftest.c >&5
conftest.c:49:11: fatal error: 'sys/dlpi.h' file not found
        #include <sys/dlpi.h>
                 ^~~~~~~~~~~~
1 error generated.
configure:9977: $? = 1
configure: failed program was:
| /* confdefs.h */
| #define PACKAGE_NAME "pcap"
| #define PACKAGE_TARNAME "pcap"
| #define PACKAGE_VERSION "1.9.1"
| #define PACKAGE_STRING "pcap 1.9.1"
| #define PACKAGE_BUGREPORT ""
| #define PACKAGE_URL ""
| #define inline inline
| #define HAVE_FSEEKO 1
| #define STDC_HEADERS 1
| #define HAVE_SYS_TYPES_H 1
| #define HAVE_SYS_STAT_H 1
| #define HAVE_STDLIB_H 1
| #define HAVE_STRING_H 1
| #define HAVE_MEMORY_H 1
| #define HAVE_STRINGS_H 1
| #define HAVE_INTTYPES_H 1
| #define HAVE_STDINT_H 1
| #define HAVE_UNISTD_H 1
| #define HAVE_SYS_IOCCOM_H 1
| #define HAVE_SYS_SOCKIO_H 1
| #define HAVE_LIMITS_H 1
| #define HAVE_STRERROR 1
| #define HAVE_POSIX_STRERROR_R /**/
| #define HAVE_VSYSLOG 1
| #define HAVE_VSNPRINTF 1
| #define HAVE_SNPRINTF 1
| #define HAVE_VASPRINTF 1
| #define HAVE_ASPRINTF 1
| #define HAVE_STRLCAT 1
| #define HAVE_STRLCPY 1
| #define HAVE_STRTOK_R 1
| #define HAVE_FFS 1
| #define STRINGS_H_DECLARES_FFS /**/
| #define HAVE_ETHER_HOSTTON 1
| #define NET_ETHERNET_H_DECLARES_ETHER_HOSTTON /**/
| #define HAVE_DECL_ETHER_HOSTTON 1
| #define HAVE_NET_BPF_H 1
| #define HAVE_NET_IF_MEDIA_H 1
| #define HAVE_STRUCT_BPF_TIMEVAL 1
| #define PCAP_SUPPORT_PACKET_RING 1
| #define HAVE_SOCKLEN_T 1
| #define INET6 1
| #define HAVE_STRUCT_SOCKADDR_SA_LEN 1
| #define HAVE_STRUCT_SOCKADDR_STORAGE 1
| /* end confdefs.h.  */
| 
| 	#include <sys/types.h>
| 	#include <sys/dlpi.h>
| 	#include <sys/dlpi_ext.h>
| 
| 
| int
| main ()
| {
| static dl_hp_ppa_info_t ac_aggr;
| if (sizeof ac_aggr.dl_module_id_1)
| return 0;
|   ;
|   return 0;
| }
configure:9977: result: no
configure:9993: checking if unaligned accesses fail
configure:10080: result: yes
configure:10244: checking whether the platform could support netfilter sniffing
configure:10302: result: no
configure:10325: checking whether we can compile the netmap support
configure:10344: gcc -c -g -O2  conftest.c >&5
conftest.c:83:10: fatal error: 'net/netmap_user.h' file not found
#include <net/netmap_user.h>
         ^~~~~~~~~~~~~~~~~~~
1 error generated.
configure:10344: $? = 1
configure: failed program was:
| /* confdefs.h */
| #define PACKAGE_NAME "pcap"
| #define PACKAGE_TARNAME "pcap"
| #define PACKAGE_VERSION "1.9.1"
| #define PACKAGE_STRING "pcap 1.9.1"
| #define PACKAGE_BUGREPORT ""
| #define PACKAGE_URL ""
| #define inline inline
| #define HAVE_FSEEKO 1
| #define STDC_HEADERS 1
| #define HAVE_SYS_TYPES_H 1
| #define HAVE_SYS_STAT_H 1
| #define HAVE_STDLIB_H 1
| #define HAVE_STRING_H 1
| #define HAVE_MEMORY_H 1
| #define HAVE_STRINGS_H 1
| #define HAVE_INTTYPES_H 1
| #define HAVE_STDINT_H 1
| #define HAVE_UNISTD_H 1
| #define HAVE_SYS_IOCCOM_H 1
| #define HAVE_SYS_SOCKIO_H 1
| #define HAVE_LIMITS_H 1
| #define HAVE_STRERROR 1
| #define HAVE_POSIX_STRERROR_R /**/
| #define HAVE_VSYSLOG 1
| #define HAVE_VSNPRINTF 1
| #define HAVE_SNPRINTF 1
| #define HAVE_VASPRINTF 1
| #define HAVE_ASPRINTF 1
| #define HAVE_STRLCAT 1
| #define HAVE_STRLCPY 1
| #define HAVE_STRTOK_R 1
| #define HAVE_FFS 1
| #define STRINGS_H_DECLARES_FFS /**/
| #define HAVE_ETHER_HOSTTON 1
| #define NET_ETHERNET_H_DECLARES_ETHER_HOSTTON /**/
| #define HAVE_DECL_ETHER_HOSTTON 1
| #define HAVE_NET_BPF_H 1
| #define HAVE_NET_IF_MEDIA_H 1
| #define HAVE_STRUCT_BPF_TIMEVAL 1
| #define PCAP_SUPPORT_PACKET_RING 1
| #define HAVE_SOCKLEN_T 1
| #define INET6 1
| #define HAVE_STRUCT_SOCKADDR_SA_LEN 1
| #define HAVE_STRUCT_SOCKADDR_STORAGE 1
| #define LBL_ALIGN 1
| /* end confdefs.h.  */
| 
| #include <stdio.h>
| #ifdef HAVE_SYS_TYPES_H
| # include <sys/types.h>
| #endif
| #ifdef HAVE_SYS_STAT_H
| # include <sys/stat.h>
| #endif
| #ifdef STDC_HEADERS
| # include <stdlib.h>
| # include <stddef.h>
| #else
| # ifdef HAVE_STDLIB_H
| #  include <stdlib.h>
| # endif
| #endif
| #ifdef HAVE_STRING_H
| # if !defined STDC_HEADERS && defined HAVE_MEMORY_H
| #  include <memory.h>
| # endif
| # include <string.h>
| #endif
| #ifdef HAVE_STRINGS_H
| # include <strings.h>
| #endif
| #ifdef HAVE_INTTYPES_H
| # include <inttypes.h>
| #endif
| #ifdef HAVE_STDINT_H
| # include <stdint.h>
| #endif
| #ifdef HAVE_UNISTD_H
| # include <unistd.h>
| #endif
| #define NETMAP_WITH_LIBS
| #include <net/netmap_user.h>
| int
| main ()
| {
| 
|   ;
|   return 0;
| }
configure:10352: result: no
configure:10655: checking for ibv_get_device_list in -libverbs
configure:10680: gcc -o conftest -g -O2   conftest.c -libverbs   >&5
ld: library not found for -libverbs
clang: error: linker command failed with exit code 1 (use -v to see invocation)
configure:10680: $? = 1
configure: failed program was:
| /* confdefs.h */
| #define PACKAGE_NAME "pcap"
| #define PACKAGE_TARNAME "pcap"
| #define PACKAGE_VERSION "1.9.1"
| #define PACKAGE_STRING "pcap 1.9.1"
| #define PACKAGE_BUGREPORT ""
| #define PACKAGE_URL ""
| #define inline inline
| #define HAVE_FSEEKO 1
| #define STDC_HEADERS 1
| #define HAVE_SYS_TYPES_H 1
| #define HAVE_SYS_STAT_H 1
| #define HAVE_STDLIB_H 1
| #define HAVE_STRING_H 1
| #define HAVE_MEMORY_H 1
| #define HAVE_STRINGS_H 1
| #define HAVE_INTTYPES_H 1
| #define HAVE_STDINT_H 1
| #define HAVE_UNISTD_H 1
| #define HAVE_SYS_IOCCOM_H 1
| #define HAVE_SYS_SOCKIO_H 1
| #define HAVE_LIMITS_H 1
| #define HAVE_STRERROR 1
| #define HAVE_POSIX_STRERROR_R /**/
| #define HAVE_VSYSLOG 1
| #define HAVE_VSNPRINTF 1
| #define HAVE_SNPRINTF 1
| #define HAVE_VASPRINTF 1
| #define HAVE_ASPRINTF 1
| #define HAVE_STRLCAT 1
| #define HAVE_STRLCPY 1
| #define HAVE_STRTOK_R 1
| #define HAVE_FFS 1
| #define STRINGS_H_DECLARES_FFS /**/
| #define HAVE_ETHER_HOSTTON 1
| #define NET_ETHERNET_H_DECLARES_ETHER_HOSTTON /**/
| #define HAVE_DECL_ETHER_HOSTTON 1
| #define HAVE_NET_BPF_H 1
| #define HAVE_NET_IF_MEDIA_H 1
| #define HAVE_STRUCT_BPF_TIMEVAL 1
| #define PCAP_SUPPORT_PACKET_RING 1
| #define HAVE_SOCKLEN_T 1
| #define INET6 1
| #define HAVE_STRUCT_SOCKADDR_SA_LEN 1
| #define HAVE_STRUCT_SOCKADDR_STORAGE 1
| #define LBL_ALIGN 1
| /* end confdefs.h.  */
| 
| /* Override any GCC internal prototype to avoid an error.
|    Use char because int might match the return type of a GCC
|    builtin and then its argument prototype would still apply.  */
| #ifdef __cplusplus
| extern "C"
| #endif
| char ibv_get_device_list ();
| int
| main ()
| {
| return ibv_get_device_list ();
|   ;
|   return 0;
| }
configure:10689: result: no
configure:10769: checking for a BSD-compatible install
configure:10837: result: /usr/bin/install -c
configure:10970: creating ./config.status

## ---------------------- ##
## Running config.status. ##
## ---------------------- ##

This file was extended by pcap config.status 1.9.1, which was
generated by GNU Autoconf 2.69.  Invocation command line was

  CONFIG_FILES    = 
  CONFIG_HEADERS  = 
  CONFIG_LINKS    = 
  CONFIG_COMMANDS = 
  $ ./config.status 

on localhost.local

config.status:919: creating Makefile
config.status:919: creating pcap-filter.manmisc
config.status:919: creating pcap-linktype.manmisc
config.status:919: creating pcap-tstamp.manmisc
config.status:919: creating pcap-savefile.manfile
config.status:919: creating pcap.3pcap
config.status:919: creating pcap_compile.3pcap
config.status:919: creating pcap_datalink.3pcap
config.status:919: creating pcap_dump_open.3pcap
config.status:919: creating pcap_get_tstamp_precision.3pcap
config.status:919: creating pcap_list_datalinks.3pcap
config.status:919: creating pcap_list_tstamp_types.3pcap
config.status:919: creating pcap_open_dead.3pcap
config.status:919: creating pcap_open_offline.3pcap
config.status:919: creating pcap_set_immediate_mode.3pcap
config.status:919: creating pcap_set_tstamp_precision.3pcap
config.status:919: creating pcap_set_tstamp_type.3pcap
config.status:919: creating config.h
config.status:1094: config.h is unchanged
config.status:1108: executing default-1 commands

## ---------------- ##
## Cache variables. ##
## ---------------- ##

ac_cv_build=x86_64-apple-darwin19.6.0
ac_cv_c_compiler_gnu=yes
ac_cv_env_CC_set=
ac_cv_env_CC_value=
ac_cv_env_CFLAGS_set=
ac_cv_env_CFLAGS_value=
ac_cv_env_CPPFLAGS_set=
ac_cv_env_CPPFLAGS_value=
ac_cv_env_CPP_set=
ac_cv_env_CPP_value=
ac_cv_env_LDFLAGS_set=
ac_cv_env_LDFLAGS_value=
ac_cv_env_LIBS_set=
ac_cv_env_LIBS_value=
ac_cv_env_build_alias_set=
ac_cv_env_build_alias_value=
ac_cv_env_host_alias_set=
ac_cv_env_host_alias_value=
ac_cv_env_target_alias_set=
ac_cv_env_target_alias_value=
ac_cv_func_asprintf=yes
ac_cv_func_ether_hostton=yes
ac_cv_func_ffs=yes
ac_cv_func_getaddrinfo=yes
ac_cv_func_getifaddrs=yes
ac_cv_func_pthread_create=yes
ac_cv_func_snprintf=yes
ac_cv_func_strerror=yes
ac_cv_func_strerror_r=yes
ac_cv_func_strlcat=yes
ac_cv_func_strlcpy=yes
ac_cv_func_strtok_r=yes
ac_cv_func_vasprintf=yes
ac_cv_func_vsnprintf=yes
ac_cv_func_vsyslog=yes
ac_cv_have_decl_ether_hostton=yes
ac_cv_have_decl_ffs=yes
ac_cv_have_decl_getnetbyname_r=no
ac_cv_have_decl_getprotobyname_r=no
ac_cv_header_dagapi_h=no
ac_cv_header_ifaddrs_h=yes
ac_cv_header_inttypes_h=yes
ac_cv_header_limits_h=yes
ac_cv_header_linux_socket_h=no
ac_cv_header_memory_h=yes
ac_cv_header_net_bpf_h=yes
ac_cv_header_net_enet_h=no
ac_cv_header_net_if_media_h=yes
ac_cv_header_net_nit_h=no
ac_cv_header_net_pfilt_h=no
ac_cv_header_net_pfvar_h=no
ac_cv_header_net_raw_h=no
ac_cv_header_netpacket_packet_h=no
ac_cv_header_pthread_h=yes
ac_cv_header_stdc=yes
ac_cv_header_stdint_h=yes
ac_cv_header_stdlib_h=yes
ac_cv_header_string_h=yes
ac_cv_header_strings_h=yes
ac_cv_header_sys_dlpi_h=no
ac_cv_header_sys_ioccom_h=yes
ac_cv_header_sys_net_nit_h=no
ac_cv_header_sys_sockio_h=yes
ac_cv_header_sys_stat_h=yes
ac_cv_header_sys_types_h=yes
ac_cv_header_unistd_h=yes
ac_cv_host=x86_64-apple-darwin19.6.0
ac_cv_lbl_bpf_h_defines_biocsetif=yes
ac_cv_lbl_gcc_fixincludes=yes
ac_cv_lbl_inline=inline
ac_cv_lbl_septel_api=no
ac_cv_lbl_snf_api=no
ac_cv_lbl_turbocap_api=no
ac_cv_lbl_unaligned_fail=yes
ac_cv_lib_ibverbs_ibv_get_device_list=no
ac_cv_member_dl_hp_ppa_info_t_dl_module_id_1=no
ac_cv_member_struct_sockaddr_sa_len=yes
ac_cv_net_netmap_user_can_compile=no
ac_cv_objext=o
ac_cv_path_EGREP='/usr/bin/grep -E'
ac_cv_path_GREP=/usr/bin/grep
ac_cv_path_install='/usr/bin/install -c'
ac_cv_prog_CPP='gcc -E'
ac_cv_prog_ac_ct_AR=ar
ac_cv_prog_ac_ct_CC=gcc
ac_cv_prog_ac_ct_RANLIB=ranlib
ac_cv_prog_cc_c89=
ac_cv_prog_cc_c99=
ac_cv_prog_cc_g=yes
ac_cv_search_putmsg=no
ac_cv_sys_file_offset_bits=no
ac_cv_sys_largefile_CC=no
ac_cv_sys_largefile_source=no
ac_cv_target=x86_64-apple-darwin19.6.0
ac_cv_type_socklen_t=yes
ac_cv_type_struct_BPF_TIMEVAL=yes
ac_cv_type_struct_sockaddr_storage=yes

## ----------------- ##
## Output variables. ##
## ----------------- ##

ADDLARCHIVEOBJS=''
ADDLOBJS=''
AR='ar'
BT_MONITOR_SRC=''
BT_SRC=''
BUILD_RPCAPD=''
CC='gcc'
CFLAGS='-g -O2'
CPP='gcc -E'
CPPFLAGS=''
DBUS_SRC=''
DEFS='-DHAVE_CONFIG_H'
DEPENDENCY_CFLAG=''
DYEXT='none'
ECHO_C='\c'
ECHO_N=''
ECHO_T=''
EGREP='/usr/bin/grep -E'
EXEEXT=''
EXTRA_NETWORK_LIBS=''
GREP='/usr/bin/grep'
INSTALL_DATA='${INSTALL} -m 644'
INSTALL_PROGRAM='${INSTALL}'
INSTALL_RPCAPD=''
INSTALL_SCRIPT='${INSTALL}'
LDFLAGS=''
LIBOBJS=''
LIBS=''
LN_S='ln -s'
LTLIBOBJS=''
MAN_ADMIN_COMMANDS='8'
MAN_DEVICES='4'
MAN_FILE_FORMATS='5'
MAN_MISC_INFO='7'
MKDEP=''
NETFILTER_SRC=''
NETMAP_SRC=''
OBJEXT='o'
PACKAGE_BUGREPORT=''
PACKAGE_NAME='pcap'
PACKAGE_STRING='pcap 1.9.1'
PACKAGE_TARNAME='pcap'
PACKAGE_URL=''
PACKAGE_VERSION='1.9.1'
PATH_SEPARATOR=':'
PCAP_SUPPORT_BT=''
PCAP_SUPPORT_DBUS=''
PCAP_SUPPORT_NETFILTER=''
PCAP_SUPPORT_NETMAP=''
PCAP_SUPPORT_PACKET_RING=''
PCAP_SUPPORT_RDMASNIFF=''
PCAP_SUPPORT_USB=''
PKGCONFIG=''
PTHREAD_LIBS=''
RANLIB='ranlib'
RDMA_SRC=''
RPCAPD_LIBS=''
SHELL='/bin/sh'
SHLICC2=''
SSRC=''
USB_SRC=''
VALGRINDTEST_SRC='valgrindtest.c'
V_CCOPT=' -fvisibility=hidden -fno-common'
V_DEFS=''
V_FINDALLDEVS='fad-getad.c'
V_INCLS=' -I/usr/local/include'
V_LIB_CCOPT_FAT='-arch x86_64 -arch i386'
V_LIB_LDFLAGS_FAT='-arch x86_64 -arch i386'
V_PCAP='bpf'
V_PROG_CCOPT_FAT=''
V_PROG_LDFLAGS_FAT=''
V_RPATH_OPT=''
V_SHLIB_CCOPT=''
V_SHLIB_CMD='$(CC)'
V_SHLIB_OPT='-shared'
V_SONAME_OPT=''
ac_ct_CC='gcc'
bindir='${exec_prefix}/bin'
build='x86_64-apple-darwin19.6.0'
build_alias=''
build_cpu='x86_64'
build_os='darwin19.6.0'
build_vendor='apple'
datadir='${datarootdir}'
datarootdir='${prefix}/share'
docdir='${datarootdir}/doc/${PACKAGE_TARNAME}'
dvidir='${docdir}'
exec_prefix='${prefix}'
host='x86_64-apple-darwin19.6.0'
host_alias=''
host_cpu='x86_64'
host_os='darwin19.6.0'
host_vendor='apple'
htmldir='${docdir}'
includedir='${prefix}/include'
infodir='${datarootdir}/info'
libdir='${exec_prefix}/lib'
libexecdir='${exec_prefix}/libexec'
localedir='${datarootdir}/locale'
localstatedir='${prefix}/var'
mandir='${datarootdir}/man'
oldincludedir='/usr/include'
pdfdir='${docdir}'
prefix='/usr/local'
program_transform_name='s,x,x,'
psdir='${docdir}'
runstatedir='${localstatedir}/run'
sbindir='${exec_prefix}/sbin'
sharedstatedir='${prefix}/com'
sysconfdir='${prefix}/etc'
target='x86_64-apple-darwin19.6.0'
target_alias=''
target_cpu='x86_64'
target_os='darwin19.6.0'
target_vendor='apple'

## ----------- ##
## confdefs.h. ##
## ----------- ##

/* confdefs.h */
#define PACKAGE_NAME "pcap"
#define PACKAGE_TARNAME "pcap"
#define PACKAGE_VERSION "1.9.1"
#define PACKAGE_STRING "pcap 1.9.1"
#define PACKAGE_BUGREPORT ""
#define PACKAGE_URL ""
#define inline inline
#define HAVE_FSEEKO 1
#define STDC_HEADERS 1
#define HAVE_SYS_TYPES_H 1
#define HAVE_SYS_STAT_H 1
#define HAVE_STDLIB_H 1
#define HAVE_STRING_H 1
#define HAVE_MEMORY_H 1
#define HAVE_STRINGS_H 1
#define HAVE_INTTYPES_H 1
#define HAVE_STDINT_H 1
#define HAVE_UNISTD_H 1
#define HAVE_SYS_IOCCOM_H 1
#define HAVE_SYS_SOCKIO_H 1
#define HAVE_LIMITS_H 1
#define HAVE_STRERROR 1
#define HAVE_POSIX_STRERROR_R /**/
#define HAVE_VSYSLOG 1
#define HAVE_VSNPRINTF 1
#define HAVE_SNPRINTF 1
#define HAVE_VASPRINTF 1
#define HAVE_ASPRINTF 1
#define HAVE_STRLCAT 1
#define HAVE_STRLCPY 1
#define HAVE_STRTOK_R 1
#define HAVE_FFS 1
#define STRINGS_H_DECLARES_FFS /**/
#define HAVE_ETHER_HOSTTON 1
#define NET_ETHERNET_H_DECLARES_ETHER_HOSTTON /**/
#define HAVE_DECL_ETHER_HOSTTON 1
#define HAVE_NET_BPF_H 1
#define HAVE_NET_IF_MEDIA_H 1
#define HAVE_STRUCT_BPF_TIMEVAL 1
#define PCAP_SUPPORT_PACKET_RING 1
#define HAVE_SOCKLEN_T 1
#define INET6 1
#define HAVE_STRUCT_SOCKADDR_SA_LEN 1
#define HAVE_STRUCT_SOCKADDR_STORAGE 1
#define LBL_ALIGN 1

configure: exit 0
